<?xml version="1.0" encoding="UTF-8"?>
<!DOCTYPE coverage SYSTEM "http://cobertura.sourceforge.net/xml/coverage-04.dtd">
<coverage line-rate="0.43538767" branch-rate="0" version="" timestamp="1766651346610" lines-covered="219" lines-valid="503" branches-covered="0" branches-valid="0" complexity="0">
  <sources>
    <source>/Users/yujizhou/development/projects/go/aid</source>
  </sources>
  <packages>
    <package name="github.com/aid297/aid/filesystem/filesystemV3" line-rate="0.43538767" branch-rate="0" complexity="0">
      <classes>
        <class name="AttrDirPath" filename="filesystem/filesystemV3/dir.attr.go" line-rate="0.5555556" branch-rate="0" complexity="0">
          <methods>
            <method name="Set" signature="" line-rate="1" branch-rate="0" complexity="0">
              <lines>
                <line number="17" hits="1"></line>
              </lines>
            </method>
            <method name="Join" signature="" line-rate="0" branch-rate="0" complexity="0">
              <lines>
                <line number="18" hits="0"></line>
                <line number="19" hits="0"></line>
                <line number="20" hits="0"></line>
                <line number="21" hits="0"></line>
              </lines>
            </method>
            <method name="Register" signature="" line-rate="1" branch-rate="0" complexity="0">
              <lines>
                <line number="22" hits="1"></line>
                <line number="23" hits="1"></line>
                <line number="24" hits="1"></line>
                <line number="25" hits="1"></line>
              </lines>
            </method>
          </methods>
          <lines>
            <line number="17" hits="1"></line>
            <line number="18" hits="0"></line>
            <line number="19" hits="0"></line>
            <line number="20" hits="0"></line>
            <line number="21" hits="0"></line>
            <line number="22" hits="1"></line>
            <line number="23" hits="1"></line>
            <line number="24" hits="1"></line>
            <line number="25" hits="1"></line>
          </lines>
        </class>
        <class name="AttrDirIsRel" filename="filesystem/filesystemV3/dir.attr.go" line-rate="0.75" branch-rate="0" complexity="0">
          <methods>
            <method name="Set" signature="" line-rate="0" branch-rate="0" complexity="0">
              <lines>
                <line number="29" hits="0"></line>
              </lines>
            </method>
            <method name="SetAbs" signature="" line-rate="1" branch-rate="0" complexity="0">
              <lines>
                <line number="30" hits="1"></line>
              </lines>
            </method>
            <method name="SetRel" signature="" line-rate="1" branch-rate="0" complexity="0">
              <lines>
                <line number="31" hits="1"></line>
              </lines>
            </method>
            <method name="Register" signature="" line-rate="1" branch-rate="0" complexity="0">
              <lines>
                <line number="32" hits="1"></line>
              </lines>
            </method>
          </methods>
          <lines>
            <line number="29" hits="0"></line>
            <line number="30" hits="1"></line>
            <line number="31" hits="1"></line>
            <line number="32" hits="1"></line>
          </lines>
        </class>
        <class name="-" filename="filesystem/filesystemV3/dir.go" line-rate="1" branch-rate="0" complexity="0">
          <methods>
            <method name="NewDir" signature="" line-rate="1" branch-rate="0" complexity="0">
              <lines>
                <line number="29" hits="1"></line>
                <line number="30" hits="1"></line>
                <line number="31" hits="1"></line>
              </lines>
            </method>
            <method name="NewDirAbs" signature="" line-rate="1" branch-rate="0" complexity="0">
              <lines>
                <line number="34" hits="1"></line>
                <line number="35" hits="1"></line>
                <line number="36" hits="1"></line>
              </lines>
            </method>
            <method name="NewDirRel" signature="" line-rate="1" branch-rate="0" complexity="0">
              <lines>
                <line number="39" hits="1"></line>
                <line number="40" hits="1"></line>
                <line number="41" hits="1"></line>
              </lines>
            </method>
          </methods>
          <lines>
            <line number="29" hits="1"></line>
            <line number="30" hits="1"></line>
            <line number="31" hits="1"></line>
            <line number="34" hits="1"></line>
            <line number="35" hits="1"></line>
            <line number="36" hits="1"></line>
            <line number="39" hits="1"></line>
            <line number="40" hits="1"></line>
            <line number="41" hits="1"></line>
          </lines>
        </class>
        <class name="Dir" filename="filesystem/filesystemV3/dir.go" line-rate="0.35514018" branch-rate="0" complexity="0">
          <methods>
            <method name="New" signature="" line-rate="0" branch-rate="0" complexity="0">
              <lines>
                <line number="44" hits="0"></line>
                <line number="45" hits="0"></line>
                <line number="46" hits="0"></line>
              </lines>
            </method>
            <method name="Abs" signature="" line-rate="0" branch-rate="0" complexity="0">
              <lines>
                <line number="49" hits="0"></line>
                <line number="50" hits="0"></line>
                <line number="51" hits="0"></line>
              </lines>
            </method>
            <method name="Rel" signature="" line-rate="0" branch-rate="0" complexity="0">
              <lines>
                <line number="54" hits="0"></line>
                <line number="55" hits="0"></line>
                <line number="56" hits="0"></line>
              </lines>
            </method>
            <method name="SetAttrs" signature="" line-rate="0" branch-rate="0" complexity="0">
              <lines>
                <line number="59" hits="0"></line>
                <line number="60" hits="0"></line>
                <line number="61" hits="0"></line>
                <line number="62" hits="0"></line>
                <line number="63" hits="0"></line>
              </lines>
            </method>
            <method name="setAttrs" signature="" line-rate="1" branch-rate="0" complexity="0">
              <lines>
                <line number="66" hits="1"></line>
                <line number="67" hits="1"></line>
                <line number="68" hits="1"></line>
                <line number="69" hits="1"></line>
                <line number="70" hits="1"></line>
              </lines>
            </method>
            <method name="Lock" signature="" line-rate="0" branch-rate="0" complexity="0">
              <lines>
                <line number="74" hits="0"></line>
                <line number="75" hits="0"></line>
                <line number="76" hits="0"></line>
                <line number="77" hits="0"></line>
              </lines>
            </method>
            <method name="Unlock" signature="" line-rate="0" branch-rate="0" complexity="0">
              <lines>
                <line number="80" hits="0"></line>
                <line number="81" hits="0"></line>
                <line number="82" hits="0"></line>
                <line number="83" hits="0"></line>
              </lines>
            </method>
            <method name="RLock" signature="" line-rate="0" branch-rate="0" complexity="0">
              <lines>
                <line number="86" hits="0"></line>
                <line number="87" hits="0"></line>
                <line number="88" hits="0"></line>
                <line number="89" hits="0"></line>
              </lines>
            </method>
            <method name="RUnlock" signature="" line-rate="0" branch-rate="0" complexity="0">
              <lines>
                <line number="92" hits="0"></line>
                <line number="93" hits="0"></line>
                <line number="94" hits="0"></line>
                <line number="95" hits="0"></line>
              </lines>
            </method>
            <method name="refresh" signature="" line-rate="0.7037037" branch-rate="0" complexity="0">
              <lines>
                <line number="98" hits="1"></line>
                <line number="99" hits="1"></line>
                <line number="100" hits="1"></line>
                <line number="101" hits="1"></line>
                <line number="102" hits="1"></line>
                <line number="103" hits="1"></line>
                <line number="104" hits="1"></line>
                <line number="105" hits="1"></line>
                <line number="106" hits="1"></line>
                <line number="107" hits="1"></line>
                <line number="108" hits="1"></line>
                <line number="109" hits="1"></line>
                <line number="110" hits="0"></line>
                <line number="111" hits="0"></line>
                <line number="112" hits="0"></line>
                <line number="113" hits="0"></line>
                <line number="116" hits="1"></line>
                <line number="117" hits="1"></line>
                <line number="118" hits="1"></line>
                <line number="119" hits="1"></line>
                <line number="120" hits="1"></line>
                <line number="121" hits="1"></line>
                <line number="122" hits="0"></line>
                <line number="123" hits="0"></line>
                <line number="124" hits="0"></line>
                <line number="125" hits="0"></line>
                <line number="127" hits="1"></line>
              </lines>
            </method>
            <method name="Join" signature="" line-rate="1" branch-rate="0" complexity="0">
              <lines>
                <line number="131" hits="1"></line>
                <line number="132" hits="1"></line>
                <line number="133" hits="1"></line>
              </lines>
            </method>
            <method name="Create" signature="" line-rate="0.46666667" branch-rate="0" complexity="0">
              <lines>
                <line number="136" hits="1"></line>
                <line number="137" hits="1"></line>
                <line number="138" hits="1"></line>
                <line number="139" hits="1"></line>
                <line number="140" hits="1"></line>
                <line number="141" hits="1"></line>
                <line number="142" hits="0"></line>
                <line number="143" hits="0"></line>
                <line number="144" hits="0"></line>
                <line number="145" hits="0"></line>
                <line number="147" hits="0"></line>
                <line number="148" hits="0"></line>
                <line number="149" hits="0"></line>
                <line number="150" hits="0"></line>
                <line number="152" hits="1"></line>
              </lines>
            </method>
            <method name="Rename" signature="" line-rate="0.3846154" branch-rate="0" complexity="0">
              <lines>
                <line number="156" hits="1"></line>
                <line number="157" hits="1"></line>
                <line number="158" hits="1"></line>
                <line number="159" hits="0"></line>
                <line number="160" hits="0"></line>
                <line number="161" hits="0"></line>
                <line number="162" hits="0"></line>
                <line number="164" hits="1"></line>
                <line number="165" hits="0"></line>
                <line number="166" hits="0"></line>
                <line number="167" hits="0"></line>
                <line number="168" hits="0"></line>
                <line number="170" hits="1"></line>
              </lines>
            </method>
            <method name="Remove" signature="" line-rate="0.33333334" branch-rate="0" complexity="0">
              <lines>
                <line number="174" hits="1"></line>
                <line number="175" hits="1"></line>
                <line number="176" hits="1"></line>
                <line number="177" hits="0"></line>
                <line number="178" hits="0"></line>
                <line number="179" hits="0"></line>
                <line number="180" hits="0"></line>
                <line number="182" hits="0"></line>
                <line number="183" hits="0"></line>
                <line number="184" hits="0"></line>
                <line number="185" hits="0"></line>
                <line number="187" hits="1"></line>
              </lines>
            </method>
            <method name="RemoveAll" signature="" line-rate="0.33333334" branch-rate="0" complexity="0">
              <lines>
                <line number="191" hits="1"></line>
                <line number="192" hits="1"></line>
                <line number="193" hits="1"></line>
                <line number="194" hits="0"></line>
                <line number="195" hits="0"></line>
                <line number="196" hits="0"></line>
                <line number="197" hits="0"></line>
                <line number="199" hits="0"></line>
                <line number="200" hits="0"></line>
                <line number="201" hits="0"></line>
                <line number="202" hits="0"></line>
                <line number="204" hits="1"></line>
              </lines>
            </method>
            <method name="LS" signature="" line-rate="0.5" branch-rate="0" complexity="0">
              <lines>
                <line number="208" hits="1"></line>
                <line number="209" hits="1"></line>
                <line number="210" hits="1"></line>
                <line number="211" hits="1"></line>
                <line number="212" hits="1"></line>
                <line number="213" hits="1"></line>
                <line number="214" hits="0"></line>
                <line number="215" hits="0"></line>
                <line number="216" hits="0"></line>
                <line number="217" hits="0"></line>
                <line number="219" hits="0"></line>
                <line number="220" hits="0"></line>
                <line number="221" hits="0"></line>
                <line number="222" hits="0"></line>
                <line number="224" hits="1"></line>
                <line number="225" hits="1"></line>
                <line number="226" hits="1"></line>
                <line number="227" hits="1"></line>
                <line number="228" hits="0"></line>
                <line number="229" hits="0"></line>
                <line number="230" hits="0"></line>
                <line number="233" hits="1"></line>
              </lines>
            </method>
            <method name="CopyFilesTo" signature="" line-rate="0" branch-rate="0" complexity="0">
              <lines>
                <line number="237" hits="0"></line>
                <line number="238" hits="0"></line>
                <line number="239" hits="0"></line>
                <line number="240" hits="0"></line>
                <line number="241" hits="0"></line>
                <line number="242" hits="0"></line>
                <line number="243" hits="0"></line>
                <line number="244" hits="0"></line>
                <line number="245" hits="0"></line>
                <line number="246" hits="0"></line>
                <line number="248" hits="0"></line>
                <line number="249" hits="0"></line>
                <line number="250" hits="0"></line>
                <line number="251" hits="0"></line>
                <line number="253" hits="0"></line>
                <line number="254" hits="0"></line>
                <line number="255" hits="0"></line>
                <line number="257" hits="0"></line>
                <line number="258" hits="0"></line>
                <line number="259" hits="0"></line>
                <line number="260" hits="0"></line>
                <line number="262" hits="0"></line>
                <line number="263" hits="0"></line>
                <line number="264" hits="0"></line>
                <line number="265" hits="0"></line>
                <line number="266" hits="0"></line>
                <line number="269" hits="0"></line>
              </lines>
            </method>
            <method name="CopyDirsTo" signature="" line-rate="0.3181818" branch-rate="0" complexity="0">
              <lines>
                <line number="273" hits="1"></line>
                <line number="274" hits="1"></line>
                <line number="275" hits="1"></line>
                <line number="276" hits="0"></line>
                <line number="277" hits="0"></line>
                <line number="278" hits="0"></line>
                <line number="279" hits="0"></line>
                <line number="281" hits="0"></line>
                <line number="282" hits="0"></line>
                <line number="283" hits="0"></line>
                <line number="284" hits="0"></line>
                <line number="286" hits="0"></line>
                <line number="287" hits="0"></line>
                <line number="288" hits="0"></line>
                <line number="290" hits="0"></line>
                <line number="291" hits="0"></line>
                <line number="292" hits="0"></line>
                <line number="293" hits="0"></line>
                <line number="295" hits="1"></line>
                <line number="296" hits="1"></line>
                <line number="297" hits="1"></line>
                <line number="299" hits="1"></line>
              </lines>
            </method>
            <method name="CopyAllTo" signature="" line-rate="0.36363637" branch-rate="0" complexity="0">
              <lines>
                <line number="303" hits="1"></line>
                <line number="304" hits="1"></line>
                <line number="305" hits="1"></line>
                <line number="306" hits="0"></line>
                <line number="307" hits="0"></line>
                <line number="308" hits="0"></line>
                <line number="309" hits="0"></line>
                <line number="311" hits="0"></line>
                <line number="312" hits="0"></line>
                <line number="313" hits="0"></line>
                <line number="314" hits="0"></line>
                <line number="316" hits="0"></line>
                <line number="317" hits="0"></line>
                <line number="318" hits="0"></line>
                <line number="320" hits="0"></line>
                <line number="321" hits="0"></line>
                <line number="322" hits="0"></line>
                <line number="328" hits="1"></line>
                <line number="329" hits="1"></line>
                <line number="330" hits="1"></line>
                <line number="331" hits="1"></line>
                <line number="333" hits="1"></line>
              </lines>
            </method>
            <method name="Copy" signature="" line-rate="0" branch-rate="0" complexity="0">
              <lines>
                <line number="337" hits="0"></line>
              </lines>
            </method>
            <method name="Up" signature="" line-rate="1" branch-rate="0" complexity="0">
              <lines>
                <line number="340" hits="1"></line>
                <line number="341" hits="1"></line>
                <line number="342" hits="1"></line>
              </lines>
            </method>
          </methods>
          <lines>
            <line number="44" hits="0"></line>
            <line number="45" hits="0"></line>
            <line number="46" hits="0"></line>
            <line number="49" hits="0"></line>
            <line number="50" hits="0"></line>
            <line number="51" hits="0"></line>
            <line number="54" hits="0"></line>
            <line number="55" hits="0"></line>
            <line number="56" hits="0"></line>
            <line number="59" hits="0"></line>
            <line number="60" hits="0"></line>
            <line number="61" hits="0"></line>
            <line number="62" hits="0"></line>
            <line number="63" hits="0"></line>
            <line number="66" hits="1"></line>
            <line number="67" hits="1"></line>
            <line number="68" hits="1"></line>
            <line number="69" hits="1"></line>
            <line number="70" hits="1"></line>
            <line number="74" hits="0"></line>
            <line number="75" hits="0"></line>
            <line number="76" hits="0"></line>
            <line number="77" hits="0"></line>
            <line number="80" hits="0"></line>
            <line number="81" hits="0"></line>
            <line number="82" hits="0"></line>
            <line number="83" hits="0"></line>
            <line number="86" hits="0"></line>
            <line number="87" hits="0"></line>
            <line number="88" hits="0"></line>
            <line number="89" hits="0"></line>
            <line number="92" hits="0"></line>
            <line number="93" hits="0"></line>
            <line number="94" hits="0"></line>
            <line number="95" hits="0"></line>
            <line number="98" hits="1"></line>
            <line number="99" hits="1"></line>
            <line number="100" hits="1"></line>
            <line number="101" hits="1"></line>
            <line number="102" hits="1"></line>
            <line number="103" hits="1"></line>
            <line number="104" hits="1"></line>
            <line number="105" hits="1"></line>
            <line number="106" hits="1"></line>
            <line number="107" hits="1"></line>
            <line number="108" hits="1"></line>
            <line number="109" hits="1"></line>
            <line number="110" hits="0"></line>
            <line number="111" hits="0"></line>
            <line number="112" hits="0"></line>
            <line number="113" hits="0"></line>
            <line number="116" hits="1"></line>
            <line number="117" hits="1"></line>
            <line number="118" hits="1"></line>
            <line number="119" hits="1"></line>
            <line number="120" hits="1"></line>
            <line number="121" hits="1"></line>
            <line number="122" hits="0"></line>
            <line number="123" hits="0"></line>
            <line number="124" hits="0"></line>
            <line number="125" hits="0"></line>
            <line number="127" hits="1"></line>
            <line number="131" hits="1"></line>
            <line number="132" hits="1"></line>
            <line number="133" hits="1"></line>
            <line number="136" hits="1"></line>
            <line number="137" hits="1"></line>
            <line number="138" hits="1"></line>
            <line number="139" hits="1"></line>
            <line number="140" hits="1"></line>
            <line number="141" hits="1"></line>
            <line number="142" hits="0"></line>
            <line number="143" hits="0"></line>
            <line number="144" hits="0"></line>
            <line number="145" hits="0"></line>
            <line number="147" hits="0"></line>
            <line number="148" hits="0"></line>
            <line number="149" hits="0"></line>
            <line number="150" hits="0"></line>
            <line number="152" hits="1"></line>
            <line number="156" hits="1"></line>
            <line number="157" hits="1"></line>
            <line number="158" hits="1"></line>
            <line number="159" hits="0"></line>
            <line number="160" hits="0"></line>
            <line number="161" hits="0"></line>
            <line number="162" hits="0"></line>
            <line number="164" hits="1"></line>
            <line number="165" hits="0"></line>
            <line number="166" hits="0"></line>
            <line number="167" hits="0"></line>
            <line number="168" hits="0"></line>
            <line number="170" hits="1"></line>
            <line number="174" hits="1"></line>
            <line number="175" hits="1"></line>
            <line number="176" hits="1"></line>
            <line number="177" hits="0"></line>
            <line number="178" hits="0"></line>
            <line number="179" hits="0"></line>
            <line number="180" hits="0"></line>
            <line number="182" hits="0"></line>
            <line number="183" hits="0"></line>
            <line number="184" hits="0"></line>
            <line number="185" hits="0"></line>
            <line number="187" hits="1"></line>
            <line number="191" hits="1"></line>
            <line number="192" hits="1"></line>
            <line number="193" hits="1"></line>
            <line number="194" hits="0"></line>
            <line number="195" hits="0"></line>
            <line number="196" hits="0"></line>
            <line number="197" hits="0"></line>
            <line number="199" hits="0"></line>
            <line number="200" hits="0"></line>
            <line number="201" hits="0"></line>
            <line number="202" hits="0"></line>
            <line number="204" hits="1"></line>
            <line number="208" hits="1"></line>
            <line number="209" hits="1"></line>
            <line number="210" hits="1"></line>
            <line number="211" hits="1"></line>
            <line number="212" hits="1"></line>
            <line number="213" hits="1"></line>
            <line number="214" hits="0"></line>
            <line number="215" hits="0"></line>
            <line number="216" hits="0"></line>
            <line number="217" hits="0"></line>
            <line number="219" hits="0"></line>
            <line number="220" hits="0"></line>
            <line number="221" hits="0"></line>
            <line number="222" hits="0"></line>
            <line number="224" hits="1"></line>
            <line number="225" hits="1"></line>
            <line number="226" hits="1"></line>
            <line number="227" hits="1"></line>
            <line number="228" hits="0"></line>
            <line number="229" hits="0"></line>
            <line number="230" hits="0"></line>
            <line number="233" hits="1"></line>
            <line number="237" hits="0"></line>
            <line number="238" hits="0"></line>
            <line number="239" hits="0"></line>
            <line number="240" hits="0"></line>
            <line number="241" hits="0"></line>
            <line number="242" hits="0"></line>
            <line number="243" hits="0"></line>
            <line number="244" hits="0"></line>
            <line number="245" hits="0"></line>
            <line number="246" hits="0"></line>
            <line number="248" hits="0"></line>
            <line number="249" hits="0"></line>
            <line number="250" hits="0"></line>
            <line number="251" hits="0"></line>
            <line number="253" hits="0"></line>
            <line number="254" hits="0"></line>
            <line number="255" hits="0"></line>
            <line number="257" hits="0"></line>
            <line number="258" hits="0"></line>
            <line number="259" hits="0"></line>
            <line number="260" hits="0"></line>
            <line number="262" hits="0"></line>
            <line number="263" hits="0"></line>
            <line number="264" hits="0"></line>
            <line number="265" hits="0"></line>
            <line number="266" hits="0"></line>
            <line number="269" hits="0"></line>
            <line number="273" hits="1"></line>
            <line number="274" hits="1"></line>
            <line number="275" hits="1"></line>
            <line number="276" hits="0"></line>
            <line number="277" hits="0"></line>
            <line number="278" hits="0"></line>
            <line number="279" hits="0"></line>
            <line number="281" hits="0"></line>
            <line number="282" hits="0"></line>
            <line number="283" hits="0"></line>
            <line number="284" hits="0"></line>
            <line number="286" hits="0"></line>
            <line number="287" hits="0"></line>
            <line number="288" hits="0"></line>
            <line number="290" hits="0"></line>
            <line number="291" hits="0"></line>
            <line number="292" hits="0"></line>
            <line number="293" hits="0"></line>
            <line number="295" hits="1"></line>
            <line number="296" hits="1"></line>
            <line number="297" hits="1"></line>
            <line number="299" hits="1"></line>
            <line number="303" hits="1"></line>
            <line number="304" hits="1"></line>
            <line number="305" hits="1"></line>
            <line number="306" hits="0"></line>
            <line number="307" hits="0"></line>
            <line number="308" hits="0"></line>
            <line number="309" hits="0"></line>
            <line number="311" hits="0"></line>
            <line number="312" hits="0"></line>
            <line number="313" hits="0"></line>
            <line number="314" hits="0"></line>
            <line number="316" hits="0"></line>
            <line number="317" hits="0"></line>
            <line number="318" hits="0"></line>
            <line number="320" hits="0"></line>
            <line number="321" hits="0"></line>
            <line number="322" hits="0"></line>
            <line number="328" hits="1"></line>
            <line number="329" hits="1"></line>
            <line number="330" hits="1"></line>
            <line number="331" hits="1"></line>
            <line number="333" hits="1"></line>
            <line number="337" hits="0"></line>
            <line number="340" hits="1"></line>
            <line number="341" hits="1"></line>
            <line number="342" hits="1"></line>
          </lines>
        </class>
        <class name="AttrFilePath" filename="filesystem/filesystemV3/file.attr.go" line-rate="0.5555556" branch-rate="0" complexity="0">
          <methods>
            <method name="Set" signature="" line-rate="1" branch-rate="0" complexity="0">
              <lines>
                <line number="17" hits="1"></line>
              </lines>
            </method>
            <method name="Join" signature="" line-rate="0" branch-rate="0" complexity="0">
              <lines>
                <line number="18" hits="0"></line>
                <line number="19" hits="0"></line>
                <line number="20" hits="0"></line>
                <line number="21" hits="0"></line>
              </lines>
            </method>
            <method name="Register" signature="" line-rate="1" branch-rate="0" complexity="0">
              <lines>
                <line number="22" hits="1"></line>
                <line number="23" hits="1"></line>
                <line number="24" hits="1"></line>
                <line number="25" hits="1"></line>
              </lines>
            </method>
          </methods>
          <lines>
            <line number="17" hits="1"></line>
            <line number="18" hits="0"></line>
            <line number="19" hits="0"></line>
            <line number="20" hits="0"></line>
            <line number="21" hits="0"></line>
            <line number="22" hits="1"></line>
            <line number="23" hits="1"></line>
            <line number="24" hits="1"></line>
            <line number="25" hits="1"></line>
          </lines>
        </class>
        <class name="AttrFileIsRel" filename="filesystem/filesystemV3/file.attr.go" line-rate="1" branch-rate="0" complexity="0">
          <methods>
            <method name="Set" signature="" line-rate="1" branch-rate="0" complexity="0">
              <lines>
                <line number="29" hits="1"></line>
              </lines>
            </method>
            <method name="SetAbs" signature="" line-rate="1" branch-rate="0" complexity="0">
              <lines>
                <line number="30" hits="1"></line>
              </lines>
            </method>
            <method name="SetRel" signature="" line-rate="1" branch-rate="0" complexity="0">
              <lines>
                <line number="31" hits="1"></line>
              </lines>
            </method>
            <method name="Register" signature="" line-rate="1" branch-rate="0" complexity="0">
              <lines>
                <line number="32" hits="1"></line>
              </lines>
            </method>
          </methods>
          <lines>
            <line number="29" hits="1"></line>
            <line number="30" hits="1"></line>
            <line number="31" hits="1"></line>
            <line number="32" hits="1"></line>
          </lines>
        </class>
        <class name="-" filename="filesystem/filesystemV3/file.go" line-rate="0.6666667" branch-rate="0" complexity="0">
          <methods>
            <method name="NewFile" signature="" line-rate="1" branch-rate="0" complexity="0">
              <lines>
                <line number="36" hits="1"></line>
                <line number="37" hits="1"></line>
                <line number="38" hits="1"></line>
              </lines>
            </method>
            <method name="NewFileAbs" signature="" line-rate="0" branch-rate="0" complexity="0">
              <lines>
                <line number="41" hits="0"></line>
                <line number="42" hits="0"></line>
                <line number="43" hits="0"></line>
              </lines>
            </method>
            <method name="NewFileRel" signature="" line-rate="1" branch-rate="0" complexity="0">
              <lines>
                <line number="46" hits="1"></line>
                <line number="47" hits="1"></line>
                <line number="48" hits="1"></line>
              </lines>
            </method>
          </methods>
          <lines>
            <line number="36" hits="1"></line>
            <line number="37" hits="1"></line>
            <line number="38" hits="1"></line>
            <line number="41" hits="0"></line>
            <line number="42" hits="0"></line>
            <line number="43" hits="0"></line>
            <line number="46" hits="1"></line>
            <line number="47" hits="1"></line>
            <line number="48" hits="1"></line>
          </lines>
        </class>
        <class name="File" filename="filesystem/filesystemV3/file.go" line-rate="0.43975905" branch-rate="0" complexity="0">
          <methods>
            <method name="New" signature="" line-rate="0" branch-rate="0" complexity="0">
              <lines>
                <line number="51" hits="0"></line>
                <line number="52" hits="0"></line>
                <line number="53" hits="0"></line>
              </lines>
            </method>
            <method name="Abs" signature="" line-rate="0" branch-rate="0" complexity="0">
              <lines>
                <line number="56" hits="0"></line>
                <line number="57" hits="0"></line>
                <line number="58" hits="0"></line>
              </lines>
            </method>
            <method name="Rel" signature="" line-rate="0" branch-rate="0" complexity="0">
              <lines>
                <line number="61" hits="0"></line>
                <line number="62" hits="0"></line>
                <line number="63" hits="0"></line>
              </lines>
            </method>
            <method name="SetAttrs" signature="" line-rate="0" branch-rate="0" complexity="0">
              <lines>
                <line number="66" hits="0"></line>
                <line number="67" hits="0"></line>
                <line number="68" hits="0"></line>
                <line number="69" hits="0"></line>
                <line number="70" hits="0"></line>
              </lines>
            </method>
            <method name="setAttrs" signature="" line-rate="1" branch-rate="0" complexity="0">
              <lines>
                <line number="73" hits="1"></line>
                <line number="74" hits="1"></line>
                <line number="75" hits="1"></line>
                <line number="76" hits="1"></line>
                <line number="77" hits="1"></line>
              </lines>
            </method>
            <method name="refresh" signature="" line-rate="0.7241379" branch-rate="0" complexity="0">
              <lines>
                <line number="81" hits="1"></line>
                <line number="82" hits="1"></line>
                <line number="83" hits="1"></line>
                <line number="84" hits="1"></line>
                <line number="85" hits="1"></line>
                <line number="86" hits="1"></line>
                <line number="87" hits="1"></line>
                <line number="88" hits="1"></line>
                <line number="89" hits="1"></line>
                <line number="90" hits="1"></line>
                <line number="91" hits="1"></line>
                <line number="92" hits="1"></line>
                <line number="93" hits="1"></line>
                <line number="94" hits="1"></line>
                <line number="95" hits="0"></line>
                <line number="96" hits="0"></line>
                <line number="97" hits="0"></line>
                <line number="98" hits="0"></line>
                <line number="101" hits="1"></line>
                <line number="102" hits="1"></line>
                <line number="103" hits="1"></line>
                <line number="104" hits="1"></line>
                <line number="105" hits="1"></line>
                <line number="106" hits="1"></line>
                <line number="107" hits="0"></line>
                <line number="108" hits="0"></line>
                <line number="109" hits="0"></line>
                <line number="110" hits="0"></line>
                <line number="112" hits="1"></line>
              </lines>
            </method>
            <method name="Lock" signature="" line-rate="0" branch-rate="0" complexity="0">
              <lines>
                <line number="116" hits="0"></line>
                <line number="117" hits="0"></line>
                <line number="118" hits="0"></line>
                <line number="119" hits="0"></line>
              </lines>
            </method>
            <method name="Unlock" signature="" line-rate="0" branch-rate="0" complexity="0">
              <lines>
                <line number="122" hits="0"></line>
                <line number="123" hits="0"></line>
                <line number="124" hits="0"></line>
                <line number="125" hits="0"></line>
              </lines>
            </method>
            <method name="RLock" signature="" line-rate="0" branch-rate="0" complexity="0">
              <lines>
                <line number="128" hits="0"></line>
                <line number="129" hits="0"></line>
                <line number="130" hits="0"></line>
                <line number="131" hits="0"></line>
              </lines>
            </method>
            <method name="RUnlock" signature="" line-rate="0" branch-rate="0" complexity="0">
              <lines>
                <line number="134" hits="0"></line>
                <line number="135" hits="0"></line>
                <line number="136" hits="0"></line>
                <line number="137" hits="0"></line>
              </lines>
            </method>
            <method name="Join" signature="" line-rate="0" branch-rate="0" complexity="0">
              <lines>
                <line number="140" hits="0"></line>
                <line number="141" hits="0"></line>
                <line number="142" hits="0"></line>
              </lines>
            </method>
            <method name="Create" signature="" line-rate="0" branch-rate="0" complexity="0">
              <lines>
                <line number="145" hits="0"></line>
                <line number="146" hits="0"></line>
                <line number="147" hits="0"></line>
                <line number="148" hits="0"></line>
                <line number="149" hits="0"></line>
                <line number="152" hits="0"></line>
                <line number="153" hits="0"></line>
                <line number="154" hits="0"></line>
              </lines>
            </method>
            <method name="Write" signature="" line-rate="0.52" branch-rate="0" complexity="0">
              <lines>
                <line number="158" hits="1"></line>
                <line number="159" hits="1"></line>
                <line number="160" hits="1"></line>
                <line number="161" hits="1"></line>
                <line number="162" hits="1"></line>
                <line number="163" hits="1"></line>
                <line number="164" hits="1"></line>
                <line number="165" hits="0"></line>
                <line number="166" hits="0"></line>
                <line number="167" hits="0"></line>
                <line number="168" hits="0"></line>
                <line number="171" hits="1"></line>
                <line number="172" hits="1"></line>
                <line number="173" hits="1"></line>
                <line number="174" hits="1"></line>
                <line number="175" hits="0"></line>
                <line number="176" hits="0"></line>
                <line number="177" hits="0"></line>
                <line number="178" hits="0"></line>
                <line number="179" hits="1"></line>
                <line number="181" hits="0"></line>
                <line number="182" hits="0"></line>
                <line number="183" hits="0"></line>
                <line number="184" hits="0"></line>
                <line number="186" hits="1"></line>
              </lines>
            </method>
            <method name="Rename" signature="" line-rate="0.6363636" branch-rate="0" complexity="0">
              <lines>
                <line number="190" hits="1"></line>
                <line number="191" hits="1"></line>
                <line number="192" hits="1"></line>
                <line number="193" hits="1"></line>
                <line number="194" hits="1"></line>
                <line number="195" hits="1"></line>
                <line number="196" hits="0"></line>
                <line number="197" hits="0"></line>
                <line number="198" hits="0"></line>
                <line number="199" hits="0"></line>
                <line number="201" hits="1"></line>
              </lines>
            </method>
            <method name="Remove" signature="" line-rate="0.33333334" branch-rate="0" complexity="0">
              <lines>
                <line number="205" hits="1"></line>
                <line number="206" hits="1"></line>
                <line number="207" hits="1"></line>
                <line number="208" hits="0"></line>
                <line number="209" hits="0"></line>
                <line number="210" hits="0"></line>
                <line number="211" hits="0"></line>
                <line number="213" hits="0"></line>
                <line number="214" hits="0"></line>
                <line number="215" hits="0"></line>
                <line number="216" hits="0"></line>
                <line number="218" hits="1"></line>
              </lines>
            </method>
            <method name="Read" signature="" line-rate="0.6" branch-rate="0" complexity="0">
              <lines>
                <line number="222" hits="1"></line>
                <line number="223" hits="1"></line>
                <line number="224" hits="1"></line>
                <line number="225" hits="1"></line>
                <line number="226" hits="1"></line>
                <line number="227" hits="1"></line>
                <line number="228" hits="1"></line>
                <line number="229" hits="1"></line>
                <line number="230" hits="1"></line>
                <line number="231" hits="1"></line>
                <line number="232" hits="0"></line>
                <line number="233" hits="0"></line>
                <line number="234" hits="0"></line>
                <line number="235" hits="0"></line>
                <line number="236" hits="0"></line>
                <line number="237" hits="1"></line>
                <line number="238" hits="0"></line>
                <line number="239" hits="0"></line>
                <line number="240" hits="0"></line>
                <line number="242" hits="1"></line>
              </lines>
            </method>
            <method name="CopyTo" signature="" line-rate="0.5" branch-rate="0" complexity="0">
              <lines>
                <line number="246" hits="1"></line>
                <line number="247" hits="0"></line>
                <line number="248" hits="0"></line>
                <line number="249" hits="0"></line>
                <line number="250" hits="0"></line>
                <line number="252" hits="0"></line>
                <line number="253" hits="0"></line>
                <line number="254" hits="0"></line>
                <line number="255" hits="0"></line>
                <line number="257" hits="1"></line>
                <line number="258" hits="1"></line>
                <line number="259" hits="1"></line>
                <line number="260" hits="1"></line>
                <line number="261" hits="1"></line>
                <line number="262" hits="1"></line>
                <line number="263" hits="0"></line>
                <line number="264" hits="0"></line>
                <line number="265" hits="0"></line>
                <line number="267" hits="1"></line>
                <line number="268" hits="1"></line>
                <line number="269" hits="1"></line>
                <line number="270" hits="1"></line>
              </lines>
            </method>
            <method name="Copy" signature="" line-rate="0" branch-rate="0" complexity="0">
              <lines>
                <line number="274" hits="0"></line>
              </lines>
            </method>
          </methods>
          <lines>
            <line number="51" hits="0"></line>
            <line number="52" hits="0"></line>
            <line number="53" hits="0"></line>
            <line number="56" hits="0"></line>
            <line number="57" hits="0"></line>
            <line number="58" hits="0"></line>
            <line number="61" hits="0"></line>
            <line number="62" hits="0"></line>
            <line number="63" hits="0"></line>
            <line number="66" hits="0"></line>
            <line number="67" hits="0"></line>
            <line number="68" hits="0"></line>
            <line number="69" hits="0"></line>
            <line number="70" hits="0"></line>
            <line number="73" hits="1"></line>
            <line number="74" hits="1"></line>
            <line number="75" hits="1"></line>
            <line number="76" hits="1"></line>
            <line number="77" hits="1"></line>
            <line number="81" hits="1"></line>
            <line number="82" hits="1"></line>
            <line number="83" hits="1"></line>
            <line number="84" hits="1"></line>
            <line number="85" hits="1"></line>
            <line number="86" hits="1"></line>
            <line number="87" hits="1"></line>
            <line number="88" hits="1"></line>
            <line number="89" hits="1"></line>
            <line number="90" hits="1"></line>
            <line number="91" hits="1"></line>
            <line number="92" hits="1"></line>
            <line number="93" hits="1"></line>
            <line number="94" hits="1"></line>
            <line number="95" hits="0"></line>
            <line number="96" hits="0"></line>
            <line number="97" hits="0"></line>
            <line number="98" hits="0"></line>
            <line number="101" hits="1"></line>
            <line number="102" hits="1"></line>
            <line number="103" hits="1"></line>
            <line number="104" hits="1"></line>
            <line number="105" hits="1"></line>
            <line number="106" hits="1"></line>
            <line number="107" hits="0"></line>
            <line number="108" hits="0"></line>
            <line number="109" hits="0"></line>
            <line number="110" hits="0"></line>
            <line number="112" hits="1"></line>
            <line number="116" hits="0"></line>
            <line number="117" hits="0"></line>
            <line number="118" hits="0"></line>
            <line number="119" hits="0"></line>
            <line number="122" hits="0"></line>
            <line number="123" hits="0"></line>
            <line number="124" hits="0"></line>
            <line number="125" hits="0"></line>
            <line number="128" hits="0"></line>
            <line number="129" hits="0"></line>
            <line number="130" hits="0"></line>
            <line number="131" hits="0"></line>
            <line number="134" hits="0"></line>
            <line number="135" hits="0"></line>
            <line number="136" hits="0"></line>
            <line number="137" hits="0"></line>
            <line number="140" hits="0"></line>
            <line number="141" hits="0"></line>
            <line number="142" hits="0"></line>
            <line number="145" hits="0"></line>
            <line number="146" hits="0"></line>
            <line number="147" hits="0"></line>
            <line number="148" hits="0"></line>
            <line number="149" hits="0"></line>
            <line number="152" hits="0"></line>
            <line number="153" hits="0"></line>
            <line number="154" hits="0"></line>
            <line number="158" hits="1"></line>
            <line number="159" hits="1"></line>
            <line number="160" hits="1"></line>
            <line number="161" hits="1"></line>
            <line number="162" hits="1"></line>
            <line number="163" hits="1"></line>
            <line number="164" hits="1"></line>
            <line number="165" hits="0"></line>
            <line number="166" hits="0"></line>
            <line number="167" hits="0"></line>
            <line number="168" hits="0"></line>
            <line number="171" hits="1"></line>
            <line number="172" hits="1"></line>
            <line number="173" hits="1"></line>
            <line number="174" hits="1"></line>
            <line number="175" hits="0"></line>
            <line number="176" hits="0"></line>
            <line number="177" hits="0"></line>
            <line number="178" hits="0"></line>
            <line number="179" hits="1"></line>
            <line number="181" hits="0"></line>
            <line number="182" hits="0"></line>
            <line number="183" hits="0"></line>
            <line number="184" hits="0"></line>
            <line number="186" hits="1"></line>
            <line number="190" hits="1"></line>
            <line number="191" hits="1"></line>
            <line number="192" hits="1"></line>
            <line number="193" hits="1"></line>
            <line number="194" hits="1"></line>
            <line number="195" hits="1"></line>
            <line number="196" hits="0"></line>
            <line number="197" hits="0"></line>
            <line number="198" hits="0"></line>
            <line number="199" hits="0"></line>
            <line number="201" hits="1"></line>
            <line number="205" hits="1"></line>
            <line number="206" hits="1"></line>
            <line number="207" hits="1"></line>
            <line number="208" hits="0"></line>
            <line number="209" hits="0"></line>
            <line number="210" hits="0"></line>
            <line number="211" hits="0"></line>
            <line number="213" hits="0"></line>
            <line number="214" hits="0"></line>
            <line number="215" hits="0"></line>
            <line number="216" hits="0"></line>
            <line number="218" hits="1"></line>
            <line number="222" hits="1"></line>
            <line number="223" hits="1"></line>
            <line number="224" hits="1"></line>
            <line number="225" hits="1"></line>
            <line number="226" hits="1"></line>
            <line number="227" hits="1"></line>
            <line number="228" hits="1"></line>
            <line number="229" hits="1"></line>
            <line number="230" hits="1"></line>
            <line number="231" hits="1"></line>
            <line number="232" hits="0"></line>
            <line number="233" hits="0"></line>
            <line number="234" hits="0"></line>
            <line number="235" hits="0"></line>
            <line number="236" hits="0"></line>
            <line number="237" hits="1"></line>
            <line number="238" hits="0"></line>
            <line number="239" hits="0"></line>
            <line number="240" hits="0"></line>
            <line number="242" hits="1"></line>
            <line number="246" hits="1"></line>
            <line number="247" hits="0"></line>
            <line number="248" hits="0"></line>
            <line number="249" hits="0"></line>
            <line number="250" hits="0"></line>
            <line number="252" hits="0"></line>
            <line number="253" hits="0"></line>
            <line number="254" hits="0"></line>
            <line number="255" hits="0"></line>
            <line number="257" hits="1"></line>
            <line number="258" hits="1"></line>
            <line number="259" hits="1"></line>
            <line number="260" hits="1"></line>
            <line number="261" hits="1"></line>
            <line number="262" hits="1"></line>
            <line number="263" hits="0"></line>
            <line number="264" hits="0"></line>
            <line number="265" hits="0"></line>
            <line number="267" hits="1"></line>
            <line number="268" hits="1"></line>
            <line number="269" hits="1"></line>
            <line number="270" hits="1"></line>
            <line number="274" hits="0"></line>
          </lines>
        </class>
        <class name="DirOperation" filename="filesystem/filesystemV3/operation.go" line-rate="1" branch-rate="0" complexity="0">
          <methods>
            <method name="SetAttrs" signature="" line-rate="1" branch-rate="0" complexity="0">
              <lines>
                <line number="11" hits="1"></line>
                <line number="12" hits="1"></line>
                <line number="13" hits="1"></line>
                <line number="14" hits="1"></line>
                <line number="16" hits="1"></line>
              </lines>
            </method>
          </methods>
          <lines>
            <line number="11" hits="1"></line>
            <line number="12" hits="1"></line>
            <line number="13" hits="1"></line>
            <line number="14" hits="1"></line>
            <line number="16" hits="1"></line>
          </lines>
        </class>
        <class name="-" filename="filesystem/filesystemV3/operation.go" line-rate="0.25" branch-rate="0" complexity="0">
          <methods>
            <method name="DirFlag" signature="" line-rate="0" branch-rate="0" complexity="0">
              <lines>
                <line number="26" hits="0"></line>
              </lines>
            </method>
            <method name="DirMode" signature="" line-rate="1" branch-rate="0" complexity="0">
              <lines>
                <line number="29" hits="1"></line>
              </lines>
            </method>
            <method name="FileFlag" signature="" line-rate="0" branch-rate="0" complexity="0">
              <lines>
                <line number="53" hits="0"></line>
              </lines>
            </method>
            <method name="FileMode" signature="" line-rate="0" branch-rate="0" complexity="0">
              <lines>
                <line number="56" hits="0"></line>
              </lines>
            </method>
          </methods>
          <lines>
            <line number="26" hits="0"></line>
            <line number="29" hits="1"></line>
            <line number="53" hits="0"></line>
            <line number="56" hits="0"></line>
          </lines>
        </class>
        <class name="AttrDirFlag" filename="filesystem/filesystemV3/operation.go" line-rate="0" branch-rate="0" complexity="0">
          <methods>
            <method name="Register" signature="" line-rate="0" branch-rate="0" complexity="0">
              <lines>
                <line number="27" hits="0"></line>
              </lines>
            </method>
          </methods>
          <lines>
            <line number="27" hits="0"></line>
          </lines>
        </class>
        <class name="AttrDirMode" filename="filesystem/filesystemV3/operation.go" line-rate="1" branch-rate="0" complexity="0">
          <methods>
            <method name="Register" signature="" line-rate="1" branch-rate="0" complexity="0">
              <lines>
                <line number="30" hits="1"></line>
              </lines>
            </method>
          </methods>
          <lines>
            <line number="30" hits="1"></line>
          </lines>
        </class>
        <class name="FileOperation" filename="filesystem/filesystemV3/operation.go" line-rate="0.4" branch-rate="0" complexity="0">
          <methods>
            <method name="SetAttrs" signature="" line-rate="0.4" branch-rate="0" complexity="0">
              <lines>
                <line number="38" hits="1"></line>
                <line number="39" hits="0"></line>
                <line number="40" hits="0"></line>
                <line number="41" hits="0"></line>
                <line number="43" hits="1"></line>
              </lines>
            </method>
          </methods>
          <lines>
            <line number="38" hits="1"></line>
            <line number="39" hits="0"></line>
            <line number="40" hits="0"></line>
            <line number="41" hits="0"></line>
            <line number="43" hits="1"></line>
          </lines>
        </class>
        <class name="AttrFileFlag" filename="filesystem/filesystemV3/operation.go" line-rate="0" branch-rate="0" complexity="0">
          <methods>
            <method name="Register" signature="" line-rate="0" branch-rate="0" complexity="0">
              <lines>
                <line number="54" hits="0"></line>
              </lines>
            </method>
          </methods>
          <lines>
            <line number="54" hits="0"></line>
          </lines>
        </class>
        <class name="AttrFileMode" filename="filesystem/filesystemV3/operation.go" line-rate="0" branch-rate="0" complexity="0">
          <methods>
            <method name="Register" signature="" line-rate="0" branch-rate="0" complexity="0">
              <lines>
                <line number="57" hits="0"></line>
              </lines>
            </method>
          </methods>
          <lines>
            <line number="57" hits="0"></line>
          </lines>
        </class>
        <class name="-" filename="filesystem/filesystemV3/utils.go" line-rate="0.47540984" branch-rate="0" complexity="0">
          <methods>
            <method name="getRootPath" signature="" line-rate="1" branch-rate="0" complexity="0">
              <lines>
                <line number="10" hits="1"></line>
                <line number="11" hits="1"></line>
                <line number="12" hits="1"></line>
                <line number="13" hits="1"></line>
                <line number="14" hits="1"></line>
              </lines>
            </method>
            <method name="copyFileTo" signature="" line-rate="0.52" branch-rate="0" complexity="0">
              <lines>
                <line number="16" hits="1"></line>
                <line number="17" hits="1"></line>
                <line number="18" hits="1"></line>
                <line number="19" hits="0"></line>
                <line number="20" hits="0"></line>
                <line number="21" hits="0"></line>
                <line number="22" hits="1"></line>
                <line number="23" hits="1"></line>
                <line number="24" hits="1"></line>
                <line number="25" hits="1"></line>
                <line number="26" hits="0"></line>
                <line number="27" hits="0"></line>
                <line number="28" hits="0"></line>
                <line number="31" hits="1"></line>
                <line number="32" hits="0"></line>
                <line number="33" hits="0"></line>
                <line number="34" hits="0"></line>
                <line number="35" hits="1"></line>
                <line number="36" hits="1"></line>
                <line number="37" hits="1"></line>
                <line number="38" hits="1"></line>
                <line number="39" hits="0"></line>
                <line number="40" hits="0"></line>
                <line number="41" hits="0"></line>
                <line number="43" hits="1"></line>
              </lines>
            </method>
            <method name="copyDirTo" signature="" line-rate="0.3548387" branch-rate="0" complexity="0">
              <lines>
                <line number="46" hits="1"></line>
                <line number="47" hits="1"></line>
                <line number="48" hits="1"></line>
                <line number="49" hits="0"></line>
                <line number="50" hits="0"></line>
                <line number="51" hits="0"></line>
                <line number="54" hits="0"></line>
                <line number="55" hits="0"></line>
                <line number="56" hits="0"></line>
                <line number="59" hits="0"></line>
                <line number="60" hits="0"></line>
                <line number="61" hits="0"></line>
                <line number="64" hits="1"></line>
                <line number="65" hits="0"></line>
                <line number="66" hits="0"></line>
                <line number="67" hits="0"></line>
                <line number="70" hits="1"></line>
                <line number="71" hits="1"></line>
                <line number="72" hits="1"></line>
                <line number="73" hits="1"></line>
                <line number="74" hits="1"></line>
                <line number="75" hits="1"></line>
                <line number="76" hits="0"></line>
                <line number="77" hits="0"></line>
                <line number="78" hits="0"></line>
                <line number="79" hits="0"></line>
                <line number="80" hits="0"></line>
                <line number="81" hits="0"></line>
                <line number="82" hits="0"></line>
                <line number="83" hits="0"></line>
                <line number="87" hits="1"></line>
              </lines>
            </method>
          </methods>
          <lines>
            <line number="10" hits="1"></line>
            <line number="11" hits="1"></line>
            <line number="12" hits="1"></line>
            <line number="13" hits="1"></line>
            <line number="14" hits="1"></line>
            <line number="16" hits="1"></line>
            <line number="17" hits="1"></line>
            <line number="18" hits="1"></line>
            <line number="19" hits="0"></line>
            <line number="20" hits="0"></line>
            <line number="21" hits="0"></line>
            <line number="22" hits="1"></line>
            <line number="23" hits="1"></line>
            <line number="24" hits="1"></line>
            <line number="25" hits="1"></line>
            <line number="26" hits="0"></line>
            <line number="27" hits="0"></line>
            <line number="28" hits="0"></line>
            <line number="31" hits="1"></line>
            <line number="32" hits="0"></line>
            <line number="33" hits="0"></line>
            <line number="34" hits="0"></line>
            <line number="35" hits="1"></line>
            <line number="36" hits="1"></line>
            <line number="37" hits="1"></line>
            <line number="38" hits="1"></line>
            <line number="39" hits="0"></line>
            <line number="40" hits="0"></line>
            <line number="41" hits="0"></line>
            <line number="43" hits="1"></line>
            <line number="46" hits="1"></line>
            <line number="47" hits="1"></line>
            <line number="48" hits="1"></line>
            <line number="49" hits="0"></line>
            <line number="50" hits="0"></line>
            <line number="51" hits="0"></line>
            <line number="54" hits="0"></line>
            <line number="55" hits="0"></line>
            <line number="56" hits="0"></line>
            <line number="59" hits="0"></line>
            <line number="60" hits="0"></line>
            <line number="61" hits="0"></line>
            <line number="64" hits="1"></line>
            <line number="65" hits="0"></line>
            <line number="66" hits="0"></line>
            <line number="67" hits="0"></line>
            <line number="70" hits="1"></line>
            <line number="71" hits="1"></line>
            <line number="72" hits="1"></line>
            <line number="73" hits="1"></line>
            <line number="74" hits="1"></line>
            <line number="75" hits="1"></line>
            <line number="76" hits="0"></line>
            <line number="77" hits="0"></line>
            <line number="78" hits="0"></line>
            <line number="79" hits="0"></line>
            <line number="80" hits="0"></line>
            <line number="81" hits="0"></line>
            <line number="82" hits="0"></line>
            <line number="83" hits="0"></line>
            <line number="87" hits="1"></line>
          </lines>
        </class>
      </classes>
    </package>
  </packages>
</coverage>
