mode: set
github.com/aid297/aid/daemon/daemon.go:19.58,27.28 2 0
github.com/aid297/aid/daemon/daemon.go:27.28,28.40 1 0
github.com/aid297/aid/daemon/daemon.go:28.40,29.14 1 0
github.com/aid297/aid/daemon/daemon.go:32.3,32.9 1 0
github.com/aid297/aid/daemon/daemon.go:35.2,35.21 1 0
github.com/aid297/aid/daemon/daemon.go:35.21,36.56 1 0
github.com/aid297/aid/daemon/daemon.go:36.56,38.4 1 0
github.com/aid297/aid/daemon/daemon.go:41.2,41.102 1 0
github.com/aid297/aid/daemon/daemon.go:41.102,43.3 1 0
github.com/aid297/aid/daemon/daemon.go:44.2,44.15 1 0
github.com/aid297/aid/daemon/daemon.go:44.15,44.33 1 0
github.com/aid297/aid/daemon/daemon.go:45.2,51.35 6 0
github.com/aid297/aid/daemon/daemon.go:51.35,53.3 1 0
github.com/aid297/aid/daemon/daemon.go:55.2,61.16 1 0
github.com/aid297/aid/daemon/daemon.go:61.16,63.3 1 0
github.com/aid297/aid/daemon/daemon.go:65.2,65.12 1 0
github.com/aid297/aid/compression/zlib.go:13.26,13.44 1 0
github.com/aid297/aid/compression/zlib.go:16.22,16.40 1 0
github.com/aid297/aid/compression/zlib.go:19.60,30.53 3 0
github.com/aid297/aid/compression/zlib.go:30.53,32.3 1 0
github.com/aid297/aid/compression/zlib.go:35.2,35.38 1 0
github.com/aid297/aid/compression/zlib.go:35.38,37.3 1 0
github.com/aid297/aid/compression/zlib.go:40.2,40.28 1 0
github.com/aid297/aid/compression/zlib.go:44.54,51.16 3 0
github.com/aid297/aid/compression/zlib.go:51.16,53.3 1 0
github.com/aid297/aid/compression/zlib.go:54.2,57.51 2 0
github.com/aid297/aid/compression/zlib.go:57.51,59.3 1 0
github.com/aid297/aid/compression/zlib.go:61.2,61.28 1 0
github.com/aid297/aid/digest/bcrypt.go:6.41,9.2 2 0
github.com/aid297/aid/digest/bcrypt.go:12.46,15.2 2 0
github.com/aid297/aid/digest/md5.go:9.43,11.48 2 0
github.com/aid297/aid/digest/md5.go:11.48,13.3 1 0
github.com/aid297/aid/digest/md5.go:15.2,15.47 1 0
github.com/aid297/aid/digest/sha256.go:9.46,11.48 2 0
github.com/aid297/aid/digest/sha256.go:11.48,13.3 1 0
github.com/aid297/aid/digest/sha256.go:15.2,17.23 2 0
github.com/aid297/aid/digest/sha256.go:21.43,24.2 2 0
github.com/aid297/aid/digest/sm3.go:10.34,12.45 2 0
github.com/aid297/aid/digest/sm3.go:12.45,14.3 1 0
github.com/aid297/aid/digest/sm3.go:16.2,16.39 1 0
github.com/aid297/aid/dict/anyDictV2/any_dict.attr.go:12.59,12.95 1 0
github.com/aid297/aid/dict/anyDictV2/any_dict.attr.go:13.58,16.27 3 0
github.com/aid297/aid/dict/anyDictV2/any_dict.attr.go:16.27,20.3 3 0
github.com/aid297/aid/dict/anyDictV2/any_dict.attr.go:23.54,23.88 1 0
github.com/aid297/aid/dict/anyDictV2/any_dict.attr.go:24.58,28.2 3 0
github.com/aid297/aid/dict/anyDictV2/any_dict.go:19.72,21.2 1 0
github.com/aid297/aid/dict/anyDictV2/any_dict.go:23.75,24.20 1 0
github.com/aid297/aid/dict/anyDictV2/any_dict.go:24.20,25.26 1 0
github.com/aid297/aid/dict/anyDictV2/any_dict.go:25.26,27.4 1 0
github.com/aid297/aid/dict/anyDictV2/any_dict.go:29.2,29.11 1 0
github.com/aid297/aid/dict/anyDictV2/any_dict.go:32.46,35.2 2 0
github.com/aid297/aid/dict/anyDictV2/any_dict.go:37.48,40.2 2 0
github.com/aid297/aid/dict/anyDictV2/any_dict.go:42.47,45.2 2 0
github.com/aid297/aid/dict/anyDictV2/any_dict.go:47.49,50.2 2 0
github.com/aid297/aid/dict/anyDictV2/any_dict.go:52.43,52.80 1 0
github.com/aid297/aid/dict/anyDictV2/any_dict.go:54.41,54.59 1 0
github.com/aid297/aid/dict/anyDictV2/any_dict.go:56.40,56.68 1 0
github.com/aid297/aid/dict/anyDictV2/any_dict.go:58.43,58.67 1 0
github.com/aid297/aid/dict/anyDictV2/any_dict.go:60.41,63.2 2 0
github.com/aid297/aid/dict/anyDictV2/any_dict.go:65.58,66.19 1 0
github.com/aid297/aid/dict/anyDictV2/any_dict.go:66.19,70.3 3 0
github.com/aid297/aid/dict/anyDictV2/any_dict.go:70.8,73.3 2 0
github.com/aid297/aid/dict/anyDictV2/any_dict.go:75.2,76.11 2 0
github.com/aid297/aid/dict/anyDictV2/any_dict.go:79.56,82.2 2 0
github.com/aid297/aid/dict/anyDictV2/any_dict.go:84.75,87.24 2 0
github.com/aid297/aid/dict/anyDictV2/any_dict.go:87.24,88.28 1 0
github.com/aid297/aid/dict/anyDictV2/any_dict.go:88.28,90.4 1 0
github.com/aid297/aid/dict/anyDictV2/any_dict.go:93.2,93.12 1 0
github.com/aid297/aid/dict/anyDictV2/any_dict.go:96.58,98.27 2 0
github.com/aid297/aid/dict/anyDictV2/any_dict.go:98.27,99.45 1 0
github.com/aid297/aid/dict/anyDictV2/any_dict.go:99.45,101.4 1 0
github.com/aid297/aid/dict/anyDictV2/any_dict.go:103.2,103.17 1 0
github.com/aid297/aid/dict/anyDictV2/any_dict.go:106.77,109.26 2 0
github.com/aid297/aid/dict/anyDictV2/any_dict.go:109.26,110.49 1 0
github.com/aid297/aid/dict/anyDictV2/any_dict.go:110.49,112.4 1 0
github.com/aid297/aid/dict/anyDictV2/any_dict.go:115.2,115.12 1 0
github.com/aid297/aid/dict/anyDictV2/any_dict.go:118.44,118.70 1 0
github.com/aid297/aid/dict/anyDictV2/any_dict.go:120.49,120.79 1 0
github.com/aid297/aid/dict/anyDictV2/any_dict.go:122.48,122.78 1 0
github.com/aid297/aid/dict/anyDictV2/any_dict.go:124.53,124.87 1 0
github.com/aid297/aid/dict/anyDictV2/any_dict.go:126.102,127.38 1 0
github.com/aid297/aid/dict/anyDictV2/any_dict.go:127.38,129.3 1 0
github.com/aid297/aid/dict/anyDictV2/any_dict.go:129.8,131.3 1 0
github.com/aid297/aid/dict/anyDictV2/any_dict.go:133.2,133.11 1 0
github.com/aid297/aid/dict/anyDictV2/any_dict.go:136.58,136.76 1 0
github.com/aid297/aid/dict/anyDictV2/any_dict.go:138.60,138.80 1 0
github.com/aid297/aid/dict/anyDictV2/any_dict.go:140.38,140.61 1 0
github.com/aid297/aid/dict/anyDictV2/any_dict.go:142.46,142.82 1 0
github.com/aid297/aid/dict/anyDictV2/any_dict.go:144.68,147.39 2 0
github.com/aid297/aid/dict/anyDictV2/any_dict.go:147.39,148.34 1 0
github.com/aid297/aid/dict/anyDictV2/any_dict.go:148.34,150.4 1 0
github.com/aid297/aid/dict/anyDictV2/any_dict.go:153.2,153.12 1 0
github.com/aid297/aid/dict/anyDictV2/any_dict.go:156.53,157.37 1 0
github.com/aid297/aid/dict/anyDictV2/any_dict.go:157.37,160.32 2 0
github.com/aid297/aid/dict/anyDictV2/any_dict.go:160.32,161.19 1 0
github.com/aid297/aid/dict/anyDictV2/any_dict.go:161.19,163.5 1 0
github.com/aid297/aid/dict/anyDictV2/any_dict.go:164.4,164.27 1 0
github.com/aid297/aid/dict/anyDictV2/any_dict.go:164.27,166.5 1 0
github.com/aid297/aid/dict/anyDictV2/any_dict.go:167.9,168.20 1 0
github.com/aid297/aid/dict/anyDictV2/any_dict.go:168.20,170.5 1 0
github.com/aid297/aid/dict/anyDictV2/any_dict.go:173.3,173.14 1 0
github.com/aid297/aid/dict/anyDictV2/any_dict.go:177.49,177.79 1 0
github.com/aid297/aid/dict/anyDictV2/any_dict.go:179.57,179.95 1 0
github.com/aid297/aid/dict/anyDictV2/any_dict.go:181.47,181.79 1 0
github.com/aid297/aid/dict/anyDictV2/any_dict.go:183.50,183.83 1 0
github.com/aid297/aid/dict/anyDictV2/any_dict.go:185.51,185.85 1 0
github.com/aid297/aid/dict/anyDictV2/any_dict.go:187.54,187.89 1 0
github.com/aid297/aid/dict/anyDictV2/any_dict.go:189.41,189.72 1 0
github.com/aid297/aid/dict/anyDictV2/any_dict.go:191.41,191.72 1 0
github.com/aid297/aid/dict/anyDictV2/any_dict.go:193.58,194.21 1 0
github.com/aid297/aid/dict/anyDictV2/any_dict.go:194.21,200.38 5 0
github.com/aid297/aid/dict/anyDictV2/any_dict.go:200.38,202.4 1 0
github.com/aid297/aid/dict/anyDictV2/any_dict.go:204.3,204.17 1 0
github.com/aid297/aid/dict/anyDictV2/any_dict.go:207.2,207.11 1 0
github.com/aid297/aid/dict/anyDictV2/any_dict.go:210.63,211.24 1 0
github.com/aid297/aid/dict/anyDictV2/any_dict.go:211.24,213.3 1 0
github.com/aid297/aid/dict/anyDictV2/any_dict.go:215.2,215.11 1 0
github.com/aid297/aid/dict/anyDictV2/any_dict.go:218.62,219.25 1 0
github.com/aid297/aid/dict/anyDictV2/any_dict.go:219.25,225.38 5 0
github.com/aid297/aid/dict/anyDictV2/any_dict.go:225.38,227.4 1 0
github.com/aid297/aid/dict/anyDictV2/any_dict.go:229.3,229.17 1 0
github.com/aid297/aid/dict/anyDictV2/any_dict.go:232.2,232.11 1 0
github.com/aid297/aid/dict/anyDictV2/any_dict.go:235.67,236.26 1 0
github.com/aid297/aid/dict/anyDictV2/any_dict.go:236.26,238.3 1 0
github.com/aid297/aid/dict/anyDictV2/any_dict.go:240.2,240.11 1 0
github.com/aid297/aid/dict/anyDictV2/any_dict.go:243.72,244.37 1 0
github.com/aid297/aid/dict/anyDictV2/any_dict.go:244.37,249.3 4 0
github.com/aid297/aid/dict/anyDictV2/any_dict.go:251.2,251.11 1 0
github.com/aid297/aid/dict/anyDictV2/any_dict.go:254.69,255.37 1 0
github.com/aid297/aid/dict/anyDictV2/any_dict.go:255.37,259.3 3 0
github.com/aid297/aid/dict/anyDictV2/any_dict.go:261.2,261.11 1 0
github.com/aid297/aid/dict/anyDictV2/any_dict.go:264.47,269.2 4 0
github.com/aid297/aid/dict/anyDictV2/any_dict.go:272.55,272.88 1 0
github.com/aid297/aid/dict/anyDictV2/any_dict.go:275.58,275.99 1 0
github.com/aid297/aid/dict/anyDictV2/any_dict.go:278.107,281.35 2 0
github.com/aid297/aid/dict/anyDictV2/any_dict.go:281.35,283.3 1 0
github.com/aid297/aid/dict/anyDictV2/any_dict.go:285.2,285.10 1 0
github.com/aid297/aid/dict/anyDictV2/any_dict.go:289.67,291.29 2 0
github.com/aid297/aid/dict/anyDictV2/any_dict.go:291.29,293.3 1 0
github.com/aid297/aid/dict/anyDictV2/any_dict.go:295.2,295.10 1 0
github.com/aid297/aid/common/types.go:88.58,90.2 1 0
github.com/aid297/aid/common/types.go:92.35,93.21 1 0
github.com/aid297/aid/common/types.go:93.21,95.3 1 0
github.com/aid297/aid/common/types.go:97.2,97.34 1 0
github.com/aid297/aid/common/types.go:98.14,99.23 1 0
github.com/aid297/aid/common/types.go:101.14,102.15 1 0
github.com/aid297/aid/common/types.go:104.10,105.34 1 0
github.com/aid297/aid/common/types.go:105.34,107.4 1 0
github.com/aid297/aid/common/types.go:109.3,112.25 3 0
github.com/aid297/aid/common/types.go:113.20,115.18 2 0
github.com/aid297/aid/common/types.go:115.18,116.15 1 0
github.com/aid297/aid/common/types.go:118.4,118.16 1 0
github.com/aid297/aid/common/types.go:120.37,126.25 2 0
github.com/aid297/aid/common/types.go:126.25,128.53 2 0
github.com/aid297/aid/common/types.go:128.53,130.11 2 0
github.com/aid297/aid/common/types.go:132.5,132.32 1 0
github.com/aid297/aid/common/types.go:135.4,135.10 1 0
github.com/aid297/aid/common/types.go:135.10,137.5 1 0
github.com/aid297/aid/common/types.go:140.3,140.28 1 0
github.com/aid297/aid/common/types.go:144.32,145.21 1 0
github.com/aid297/aid/common/types.go:145.21,147.3 1 0
github.com/aid297/aid/common/types.go:148.2,148.34 1 0
github.com/aid297/aid/common/types.go:148.34,150.3 1 0
github.com/aid297/aid/common/types.go:152.2,152.32 1 0
github.com/aid297/aid/common/types.go:155.34,156.21 1 0
github.com/aid297/aid/common/types.go:156.21,158.3 1 0
github.com/aid297/aid/common/types.go:159.2,159.35 1 0
github.com/aid297/aid/common/types.go:159.35,161.3 1 0
github.com/aid297/aid/common/types.go:163.2,163.33 1 0
github.com/aid297/aid/common/types.go:166.36,167.21 1 0
github.com/aid297/aid/common/types.go:167.21,169.3 1 0
github.com/aid297/aid/common/types.go:170.2,170.36 1 0
github.com/aid297/aid/common/types.go:170.36,172.3 1 0
github.com/aid297/aid/common/types.go:174.2,174.34 1 0
github.com/aid297/aid/common/types.go:177.36,178.21 1 0
github.com/aid297/aid/common/types.go:178.21,180.3 1 0
github.com/aid297/aid/common/types.go:181.2,181.36 1 0
github.com/aid297/aid/common/types.go:181.36,183.3 1 0
github.com/aid297/aid/common/types.go:185.2,185.34 1 0
github.com/aid297/aid/common/types.go:188.36,189.21 1 0
github.com/aid297/aid/common/types.go:189.21,191.3 1 0
github.com/aid297/aid/common/types.go:192.2,192.34 1 0
github.com/aid297/aid/common/types.go:193.11,194.23 1 0
github.com/aid297/aid/common/types.go:195.12,196.23 1 0
github.com/aid297/aid/common/types.go:197.13,198.23 1 0
github.com/aid297/aid/common/types.go:199.13,200.23 1 0
github.com/aid297/aid/common/types.go:201.13,202.23 1 0
github.com/aid297/aid/common/types.go:203.12,204.23 1 0
github.com/aid297/aid/common/types.go:205.13,206.23 1 0
github.com/aid297/aid/common/types.go:207.14,208.23 1 0
github.com/aid297/aid/common/types.go:209.14,210.23 1 0
github.com/aid297/aid/common/types.go:211.14,212.15 1 0
github.com/aid297/aid/common/types.go:213.15,214.23 1 0
github.com/aid297/aid/common/types.go:215.15,216.23 1 0
github.com/aid297/aid/common/types.go:217.12,218.12 1 0
github.com/aid297/aid/common/types.go:218.12,220.4 1 0
github.com/aid297/aid/common/types.go:221.3,221.11 1 0
github.com/aid297/aid/common/types.go:222.14,223.33 1 0
github.com/aid297/aid/common/types.go:224.10,225.35 1 0
github.com/aid297/aid/common/types.go:225.35,227.4 1 0
github.com/aid297/aid/common/types.go:228.3,229.17 2 0
github.com/aid297/aid/common/types.go:229.17,230.19 1 0
github.com/aid297/aid/common/types.go:230.19,232.5 1 0
github.com/aid297/aid/common/types.go:232.10,232.26 1 0
github.com/aid297/aid/common/types.go:232.26,234.5 1 0
github.com/aid297/aid/common/types.go:237.3,237.64 1 0
github.com/aid297/aid/common/types.go:237.64,238.58 1 0
github.com/aid297/aid/common/types.go:238.58,240.5 1 0
github.com/aid297/aid/common/types.go:243.3,243.53 1 0
github.com/aid297/aid/common/types.go:243.53,245.4 1 0
github.com/aid297/aid/common/types.go:247.3,247.61 1 0
github.com/aid297/aid/common/types.go:247.61,249.4 1 0
github.com/aid297/aid/common/types.go:249.9,251.4 1 0
github.com/aid297/aid/common/types.go:255.30,256.21 1 0
github.com/aid297/aid/common/types.go:256.21,258.3 1 0
github.com/aid297/aid/common/types.go:259.2,259.33 1 0
github.com/aid297/aid/common/types.go:259.33,261.3 1 0
github.com/aid297/aid/common/types.go:263.2,263.31 1 0
github.com/aid297/aid/common/types.go:266.32,267.21 1 0
github.com/aid297/aid/common/types.go:267.21,269.3 1 0
github.com/aid297/aid/common/types.go:270.2,270.34 1 0
github.com/aid297/aid/common/types.go:270.34,272.3 1 0
github.com/aid297/aid/common/types.go:274.2,274.32 1 0
github.com/aid297/aid/common/types.go:277.34,278.21 1 0
github.com/aid297/aid/common/types.go:278.21,280.3 1 0
github.com/aid297/aid/common/types.go:281.2,281.35 1 0
github.com/aid297/aid/common/types.go:281.35,283.3 1 0
github.com/aid297/aid/common/types.go:285.2,285.33 1 0
github.com/aid297/aid/common/types.go:288.34,289.21 1 0
github.com/aid297/aid/common/types.go:289.21,291.3 1 0
github.com/aid297/aid/common/types.go:292.2,292.35 1 0
github.com/aid297/aid/common/types.go:292.35,294.3 1 0
github.com/aid297/aid/common/types.go:296.2,296.33 1 0
github.com/aid297/aid/common/types.go:299.34,300.21 1 0
github.com/aid297/aid/common/types.go:300.21,302.3 1 0
github.com/aid297/aid/common/types.go:303.2,303.34 1 0
github.com/aid297/aid/common/types.go:304.11,305.22 1 0
github.com/aid297/aid/common/types.go:306.12,307.22 1 0
github.com/aid297/aid/common/types.go:308.13,309.22 1 0
github.com/aid297/aid/common/types.go:310.13,311.22 1 0
github.com/aid297/aid/common/types.go:312.13,313.15 1 0
github.com/aid297/aid/common/types.go:314.12,315.22 1 0
github.com/aid297/aid/common/types.go:316.13,317.22 1 0
github.com/aid297/aid/common/types.go:318.14,319.22 1 0
github.com/aid297/aid/common/types.go:320.14,321.22 1 0
github.com/aid297/aid/common/types.go:322.14,323.22 1 0
github.com/aid297/aid/common/types.go:324.15,325.22 1 0
github.com/aid297/aid/common/types.go:326.15,327.22 1 0
github.com/aid297/aid/common/types.go:328.12,329.12 1 0
github.com/aid297/aid/common/types.go:329.12,331.4 1 0
github.com/aid297/aid/common/types.go:332.3,332.11 1 0
github.com/aid297/aid/common/types.go:333.14,334.32 1 0
github.com/aid297/aid/common/types.go:335.10,336.34 1 0
github.com/aid297/aid/common/types.go:336.34,338.4 1 0
github.com/aid297/aid/common/types.go:339.3,343.17 2 0
github.com/aid297/aid/common/types.go:343.17,344.19 1 0
github.com/aid297/aid/common/types.go:344.19,347.5 2 0
github.com/aid297/aid/common/types.go:347.10,347.26 1 0
github.com/aid297/aid/common/types.go:347.26,349.5 1 0
github.com/aid297/aid/common/types.go:352.3,352.64 1 0
github.com/aid297/aid/common/types.go:352.64,353.57 1 0
github.com/aid297/aid/common/types.go:353.57,354.16 1 0
github.com/aid297/aid/common/types.go:354.16,356.6 1 0
github.com/aid297/aid/common/types.go:357.5,357.13 1 0
github.com/aid297/aid/common/types.go:361.3,361.52 1 0
github.com/aid297/aid/common/types.go:361.52,362.15 1 0
github.com/aid297/aid/common/types.go:362.15,364.5 1 0
github.com/aid297/aid/common/types.go:365.4,365.12 1 0
github.com/aid297/aid/common/types.go:368.3,368.61 1 0
github.com/aid297/aid/common/types.go:368.61,370.4 1 0
github.com/aid297/aid/common/types.go:370.9,372.4 1 0
github.com/aid297/aid/common/types.go:376.50,376.94 1 0
github.com/aid297/aid/common/types.go:379.38,380.21 1 0
github.com/aid297/aid/common/types.go:380.21,382.3 1 0
github.com/aid297/aid/common/types.go:383.2,383.34 1 0
github.com/aid297/aid/common/types.go:384.15,385.15 1 0
github.com/aid297/aid/common/types.go:386.15,387.24 1 0
github.com/aid297/aid/common/types.go:388.14,389.34 1 0
github.com/aid297/aid/common/types.go:390.10,391.36 1 0
github.com/aid297/aid/common/types.go:391.36,393.4 1 0
github.com/aid297/aid/common/types.go:394.3,395.20 2 0
github.com/aid297/aid/common/types.go:400.38,401.21 1 0
github.com/aid297/aid/common/types.go:401.21,403.3 1 0
github.com/aid297/aid/common/types.go:404.2,404.34 1 0
github.com/aid297/aid/common/types.go:405.15,406.24 1 0
github.com/aid297/aid/common/types.go:407.15,408.15 1 0
github.com/aid297/aid/common/types.go:409.14,410.34 1 0
github.com/aid297/aid/common/types.go:411.10,412.36 1 0
github.com/aid297/aid/common/types.go:412.36,414.4 1 0
github.com/aid297/aid/common/types.go:415.3,416.11 2 0
github.com/aid297/aid/common/types.go:420.36,421.21 1 0
github.com/aid297/aid/common/types.go:421.21,423.3 1 0
github.com/aid297/aid/common/types.go:424.2,424.34 1 0
github.com/aid297/aid/common/types.go:425.11,426.29 1 0
github.com/aid297/aid/common/types.go:427.12,428.34 1 0
github.com/aid297/aid/common/types.go:429.13,430.34 1 0
github.com/aid297/aid/common/types.go:431.13,432.34 1 0
github.com/aid297/aid/common/types.go:433.13,434.38 1 0
github.com/aid297/aid/common/types.go:435.12,436.47 1 0
github.com/aid297/aid/common/types.go:437.13,438.47 1 0
github.com/aid297/aid/common/types.go:439.14,440.47 1 0
github.com/aid297/aid/common/types.go:441.14,442.47 1 0
github.com/aid297/aid/common/types.go:443.14,444.39 1 0
github.com/aid297/aid/common/types.go:445.15,446.58 1 0
github.com/aid297/aid/common/types.go:447.15,448.49 1 0
github.com/aid297/aid/common/types.go:449.12,450.35 1 0
github.com/aid297/aid/common/types.go:451.14,452.15 1 0
github.com/aid297/aid/common/types.go:453.14,454.23 1 0
github.com/aid297/aid/common/types.go:455.17,456.21 1 0
github.com/aid297/aid/common/types.go:456.21,458.4 1 0
github.com/aid297/aid/common/types.go:459.3,459.24 1 0
github.com/aid297/aid/common/types.go:460.18,461.19 1 0
github.com/aid297/aid/common/types.go:461.19,463.4 1 0
github.com/aid297/aid/common/types.go:464.3,464.24 1 0
github.com/aid297/aid/common/types.go:465.10,470.35 1 0
github.com/aid297/aid/common/types.go:470.35,474.4 1 0
github.com/aid297/aid/common/types.go:475.3,475.34 1 0
github.com/aid297/aid/common/types.go:475.34,479.4 1 0
github.com/aid297/aid/common/types.go:481.3,485.15 2 0
github.com/aid297/aid/common/types.go:492.26,493.18 1 0
github.com/aid297/aid/common/types.go:493.18,495.5 1 0
github.com/aid297/aid/common/types.go:496.23,497.22 1 0
github.com/aid297/aid/common/types.go:499.3,499.26 1 0
github.com/aid297/aid/common/types.go:499.26,501.4 1 0
github.com/aid297/aid/common/types.go:503.3,503.58 1 0
github.com/aid297/aid/common/types.go:503.58,505.4 1 0
github.com/aid297/aid/common/types.go:505.9,507.4 1 0
github.com/aid297/aid/common/types.go:511.32,512.21 1 0
github.com/aid297/aid/common/types.go:512.21,514.3 1 0
github.com/aid297/aid/common/types.go:515.2,515.34 1 0
github.com/aid297/aid/common/types.go:516.12,517.15 1 0
github.com/aid297/aid/common/types.go:518.14,519.66 1 0
github.com/aid297/aid/common/types.go:519.66,521.4 1 0
github.com/aid297/aid/common/types.go:522.3,522.14 1 0
github.com/aid297/aid/common/types.go:523.14,524.58 1 0
github.com/aid297/aid/common/types.go:524.58,526.4 1 0
github.com/aid297/aid/common/types.go:527.3,527.14 1 0
github.com/aid297/aid/common/types.go:528.10,529.33 1 0
github.com/aid297/aid/common/types.go:529.33,531.4 1 0
github.com/aid297/aid/common/types.go:532.3,533.20 2 0
github.com/aid297/aid/common/types.go:534.20,535.22 1 0
github.com/aid297/aid/common/types.go:536.20,537.15 1 0
github.com/aid297/aid/common/types.go:538.22,539.15 1 0
github.com/aid297/aid/common/types.go:540.22,541.24 1 0
github.com/aid297/aid/common/types.go:542.23,543.15 1 0
github.com/aid297/aid/common/types.go:544.11,546.38 2 0
github.com/aid297/aid/common/types.go:546.38,548.5 1 0
github.com/aid297/aid/common/types.go:549.4,549.15 1 0
github.com/aid297/aid/common/types.go:555.35,561.14 3 0
github.com/aid297/aid/common/types.go:561.14,563.3 1 0
github.com/aid297/aid/common/types.go:565.2,565.37 1 0
github.com/aid297/aid/common/types.go:568.37,570.35 2 0
github.com/aid297/aid/common/types.go:570.35,571.23 1 0
github.com/aid297/aid/common/types.go:571.23,573.4 1 0
github.com/aid297/aid/common/types.go:574.3,574.36 1 0
github.com/aid297/aid/common/types.go:575.12,576.33 1 0
github.com/aid297/aid/common/types.go:577.13,578.34 1 0
github.com/aid297/aid/common/types.go:579.14,580.35 1 0
github.com/aid297/aid/common/types.go:581.14,582.35 1 0
github.com/aid297/aid/common/types.go:583.14,584.35 1 0
github.com/aid297/aid/common/types.go:585.13,586.34 1 0
github.com/aid297/aid/common/types.go:587.14,588.35 1 0
github.com/aid297/aid/common/types.go:589.15,590.36 1 0
github.com/aid297/aid/common/types.go:591.15,592.36 1 0
github.com/aid297/aid/common/types.go:593.15,594.36 1 0
github.com/aid297/aid/common/types.go:595.13,596.34 1 0
github.com/aid297/aid/common/types.go:597.15,598.36 1 0
github.com/aid297/aid/common/types.go:599.15,600.20 1 0
github.com/aid297/aid/common/types.go:601.16,602.37 1 0
github.com/aid297/aid/common/types.go:603.16,604.37 1 0
github.com/aid297/aid/common/types.go:606.11,607.72 1 0
github.com/aid297/aid/common/types.go:607.72,609.5 1 0
github.com/aid297/aid/common/types.go:613.2,613.20 1 0
github.com/aid297/aid/common/types.go:616.57,618.21 2 0
github.com/aid297/aid/common/types.go:618.21,620.3 1 0
github.com/aid297/aid/common/types.go:620.8,620.28 1 0
github.com/aid297/aid/common/types.go:620.28,622.3 1 0
github.com/aid297/aid/common/types.go:624.2,624.10 1 0
github.com/aid297/aid/common/types.go:627.46,632.35 2 0
github.com/aid297/aid/common/types.go:632.35,633.73 1 0
github.com/aid297/aid/common/types.go:633.73,635.4 1 0
github.com/aid297/aid/common/types.go:638.2,638.12 1 0
github.com/aid297/aid/common/types.go:641.38,641.58 1 0
github.com/aid297/aid/common/types.go:643.40,643.60 1 0
github.com/aid297/aid/common/types.go:645.34,646.7 1 0
github.com/aid297/aid/common/types.go:646.7,648.3 1 0
github.com/aid297/aid/common/types.go:648.8,650.3 1 0
github.com/aid297/aid/common/types.go:653.32,654.23 1 0
github.com/aid297/aid/common/types.go:654.23,656.3 1 0
github.com/aid297/aid/common/types.go:656.8,656.31 1 0
github.com/aid297/aid/common/types.go:656.31,658.3 1 0
github.com/aid297/aid/common/types.go:658.8,658.31 1 0
github.com/aid297/aid/common/types.go:658.31,660.3 1 0
github.com/aid297/aid/common/types.go:660.8,662.3 1 0
github.com/aid297/aid/common/types.go:665.34,666.24 1 0
github.com/aid297/aid/common/types.go:666.24,668.3 1 0
github.com/aid297/aid/common/types.go:668.8,668.32 1 0
github.com/aid297/aid/common/types.go:668.32,670.3 1 0
github.com/aid297/aid/common/types.go:670.8,670.32 1 0
github.com/aid297/aid/common/types.go:670.32,672.3 1 0
github.com/aid297/aid/common/types.go:672.8,674.3 1 0
github.com/aid297/aid/common/types.go:677.34,677.60 1 0
github.com/aid297/aid/common/types.go:679.36,679.56 1 0
github.com/aid297/aid/common/types.go:681.36,686.2 3 0
github.com/aid297/aid/common/types.go:688.38,693.2 3 0
github.com/aid297/aid/common/types.go:695.36,700.2 3 0
github.com/aid297/aid/common/types.go:702.38,707.2 3 0
github.com/aid297/aid/common/types.go:709.36,714.2 3 0
github.com/aid297/aid/common/types.go:716.38,721.2 3 0
github.com/aid297/aid/common/types.go:723.40,729.2 4 0
github.com/aid297/aid/common/types.go:731.40,737.2 4 0
github.com/aid297/aid/common/types.go:739.34,740.16 1 0
github.com/aid297/aid/common/types.go:740.16,742.3 1 0
github.com/aid297/aid/common/types.go:742.8,742.23 1 0
github.com/aid297/aid/common/types.go:742.23,744.3 1 0
github.com/aid297/aid/common/types.go:744.8,744.23 1 0
github.com/aid297/aid/common/types.go:744.23,746.3 1 0
github.com/aid297/aid/common/types.go:746.8,748.3 1 0
github.com/aid297/aid/common/types.go:751.36,752.16 1 0
github.com/aid297/aid/common/types.go:752.16,754.3 1 0
github.com/aid297/aid/common/types.go:754.8,754.23 1 0
github.com/aid297/aid/common/types.go:754.23,756.3 1 0
github.com/aid297/aid/common/types.go:756.8,756.23 1 0
github.com/aid297/aid/common/types.go:756.23,758.3 1 0
github.com/aid297/aid/common/types.go:758.8,760.3 1 0
github.com/aid297/aid/common/types.go:763.36,764.17 1 0
github.com/aid297/aid/common/types.go:764.17,766.3 1 0
github.com/aid297/aid/common/types.go:767.2,767.42 1 0
github.com/aid297/aid/common/types.go:767.42,769.3 1 0
github.com/aid297/aid/common/types.go:771.2,771.13 1 0
github.com/aid297/aid/common/types.go:774.36,775.17 1 0
github.com/aid297/aid/common/types.go:775.17,776.29 1 0
github.com/aid297/aid/common/types.go:779.2,779.19 1 0
github.com/aid297/aid/common/types.go:782.38,783.17 1 0
github.com/aid297/aid/common/types.go:783.17,784.29 1 0
github.com/aid297/aid/common/types.go:787.2,787.13 1 0
github.com/aid297/aid/common/types.go:790.38,792.2 1 0
github.com/aid297/aid/common/types.go:794.40,796.2 1 0
github.com/aid297/aid/common/types.go:798.38,800.2 1 0
github.com/aid297/aid/common/types.go:802.40,804.2 1 0
github.com/aid297/aid/common/types.go:806.38,808.2 1 0
github.com/aid297/aid/common/types.go:810.40,812.2 1 0
github.com/aid297/aid/common/types.go:814.42,816.2 1 0
github.com/aid297/aid/common/types.go:818.42,820.2 1 0
github.com/aid297/aid/common/types.go:826.43,827.17 1 0
github.com/aid297/aid/common/types.go:827.17,829.3 1 0
github.com/aid297/aid/common/types.go:830.2,833.10 3 0
github.com/aid297/aid/main.go:17.13,27.2 7 0
github.com/aid297/aid/excel/errors.go:24.52,26.2 1 0
github.com/aid297/aid/excel/errors.go:28.52,30.2 1 0
github.com/aid297/aid/excel/errors.go:32.44,34.2 1 0
github.com/aid297/aid/excel/errors.go:36.37,36.54 1 0
github.com/aid297/aid/excel/errors.go:38.44,38.90 1 0
github.com/aid297/aid/excel/errors.go:40.55,42.2 1 0
github.com/aid297/aid/excel/errors.go:44.55,46.2 1 0
github.com/aid297/aid/excel/errors.go:48.47,50.2 1 0
github.com/aid297/aid/excel/errors.go:52.40,52.57 1 0
github.com/aid297/aid/excel/errors.go:54.47,54.96 1 0
github.com/aid297/aid/excel/errors.go:56.53,58.2 1 0
github.com/aid297/aid/excel/errors.go:60.53,62.2 1 0
github.com/aid297/aid/excel/errors.go:64.45,66.2 1 0
github.com/aid297/aid/excel/errors.go:68.38,68.55 1 0
github.com/aid297/aid/excel/errors.go:70.45,70.92 1 0
github.com/aid297/aid/excel/excel_cell.go:36.49,36.79 1 0
github.com/aid297/aid/excel/excel_cell.go:37.49,37.79 1 0
github.com/aid297/aid/excel/excel_cell.go:38.49,38.83 1 0
github.com/aid297/aid/excel/excel_cell.go:39.49,39.80 1 0
github.com/aid297/aid/excel/excel_cell.go:40.49,40.80 1 0
github.com/aid297/aid/excel/excel_cell.go:41.49,41.83 1 0
github.com/aid297/aid/excel/excel_cell.go:55.36,57.2 1 0
github.com/aid297/aid/excel/excel_cell.go:62.36,64.2 1 0
github.com/aid297/aid/excel/excel_cell.go:69.40,71.2 1 0
github.com/aid297/aid/excel/excel_cell.go:76.37,78.2 1 0
github.com/aid297/aid/excel/excel_cell.go:83.43,85.2 1 0
github.com/aid297/aid/excel/excel_cell.go:90.43,92.2 1 0
github.com/aid297/aid/excel/excel_cell.go:95.53,98.27 2 0
github.com/aid297/aid/excel/excel_cell.go:98.27,100.3 1 0
github.com/aid297/aid/excel/excel_cell.go:102.2,102.30 1 0
github.com/aid297/aid/excel/excel_cell.go:102.30,104.3 1 0
github.com/aid297/aid/excel/excel_cell.go:106.2,106.28 1 0
github.com/aid297/aid/excel/excel_cell.go:106.28,108.3 1 0
github.com/aid297/aid/excel/excel_cell.go:110.2,110.29 1 0
github.com/aid297/aid/excel/excel_cell.go:110.29,112.3 1 0
github.com/aid297/aid/excel/excel_cell.go:114.2,114.34 1 0
github.com/aid297/aid/excel/excel_cell.go:114.34,116.3 1 0
github.com/aid297/aid/excel/excel_cell.go:118.2,118.36 1 0
github.com/aid297/aid/excel/excel_cell.go:118.36,120.3 1 0
github.com/aid297/aid/excel/excel_cell.go:122.2,122.16 1 0
github.com/aid297/aid/excel/excel_cell.go:126.50,130.2 2 0
github.com/aid297/aid/excel/excel_cell.go:133.36,133.58 1 0
github.com/aid297/aid/excel/excel_cell.go:136.95,137.15 1 0
github.com/aid297/aid/excel/excel_cell.go:137.15,146.3 8 0
github.com/aid297/aid/excel/excel_cell.go:148.2,148.11 1 0
github.com/aid297/aid/excel/excel_cell.go:152.86,153.22 1 0
github.com/aid297/aid/excel/excel_cell.go:153.22,155.3 1 0
github.com/aid297/aid/excel/excel_cell.go:157.2,157.11 1 0
github.com/aid297/aid/excel/excel_cell.go:161.76,162.15 1 0
github.com/aid297/aid/excel/excel_cell.go:162.15,164.3 1 0
github.com/aid297/aid/excel/excel_cell.go:166.2,166.11 1 0
github.com/aid297/aid/excel/excel_cell.go:170.76,171.22 1 0
github.com/aid297/aid/excel/excel_cell.go:171.22,173.3 1 0
github.com/aid297/aid/excel/excel_cell.go:175.2,175.11 1 0
github.com/aid297/aid/excel/excel_cell.go:179.77,180.15 1 0
github.com/aid297/aid/excel/excel_cell.go:180.15,182.3 1 0
github.com/aid297/aid/excel/excel_cell.go:184.2,184.11 1 0
github.com/aid297/aid/excel/excel_cell.go:188.75,189.22 1 0
github.com/aid297/aid/excel/excel_cell.go:189.22,191.3 1 0
github.com/aid297/aid/excel/excel_cell.go:193.2,193.11 1 0
github.com/aid297/aid/excel/excel_cell.go:197.82,198.15 1 0
github.com/aid297/aid/excel/excel_cell.go:198.15,200.3 1 0
github.com/aid297/aid/excel/excel_cell.go:202.2,202.11 1 0
github.com/aid297/aid/excel/excel_cell.go:206.79,207.22 1 0
github.com/aid297/aid/excel/excel_cell.go:207.22,209.3 1 0
github.com/aid297/aid/excel/excel_cell.go:211.2,211.11 1 0
github.com/aid297/aid/excel/excel_cell.go:215.83,216.15 1 0
github.com/aid297/aid/excel/excel_cell.go:216.15,218.3 1 0
github.com/aid297/aid/excel/excel_cell.go:220.2,220.11 1 0
github.com/aid297/aid/excel/excel_cell.go:224.78,225.22 1 0
github.com/aid297/aid/excel/excel_cell.go:225.22,227.3 1 0
github.com/aid297/aid/excel/excel_cell.go:229.2,229.11 1 0
github.com/aid297/aid/excel/excel_cell.go:233.78,234.15 1 0
github.com/aid297/aid/excel/excel_cell.go:234.15,236.3 1 0
github.com/aid297/aid/excel/excel_cell.go:238.2,238.11 1 0
github.com/aid297/aid/excel/excel_cell.go:242.77,243.22 1 0
github.com/aid297/aid/excel/excel_cell.go:243.22,245.3 1 0
github.com/aid297/aid/excel/excel_cell.go:247.2,247.11 1 0
github.com/aid297/aid/excel/excel_cell.go:251.79,252.15 1 0
github.com/aid297/aid/excel/excel_cell.go:252.15,254.3 1 0
github.com/aid297/aid/excel/excel_cell.go:256.2,256.11 1 0
github.com/aid297/aid/excel/excel_cell.go:260.76,261.22 1 0
github.com/aid297/aid/excel/excel_cell.go:261.22,263.3 1 0
github.com/aid297/aid/excel/excel_cell.go:265.2,265.11 1 0
github.com/aid297/aid/excel/excel_cell.go:269.80,270.15 1 0
github.com/aid297/aid/excel/excel_cell.go:270.15,272.3 1 0
github.com/aid297/aid/excel/excel_cell.go:274.2,274.11 1 0
github.com/aid297/aid/excel/excel_cell.go:278.78,279.22 1 0
github.com/aid297/aid/excel/excel_cell.go:279.22,281.3 1 0
github.com/aid297/aid/excel/excel_cell.go:283.2,283.11 1 0
github.com/aid297/aid/excel/excel_cell.go:287.81,288.15 1 0
github.com/aid297/aid/excel/excel_cell.go:288.15,290.3 1 0
github.com/aid297/aid/excel/excel_cell.go:292.2,292.11 1 0
github.com/aid297/aid/excel/excel_cell.go:296.77,297.22 1 0
github.com/aid297/aid/excel/excel_cell.go:297.22,299.3 1 0
github.com/aid297/aid/excel/excel_cell.go:301.2,301.11 1 0
github.com/aid297/aid/excel/excel_cell.go:305.90,306.15 1 0
github.com/aid297/aid/excel/excel_cell.go:306.15,308.3 1 0
github.com/aid297/aid/excel/excel_cell.go:310.2,310.11 1 0
github.com/aid297/aid/excel/excel_cell.go:314.83,315.22 1 0
github.com/aid297/aid/excel/excel_cell.go:315.22,317.3 1 0
github.com/aid297/aid/excel/excel_cell.go:319.2,319.11 1 0
github.com/aid297/aid/excel/excel_cell.go:323.91,324.15 1 0
github.com/aid297/aid/excel/excel_cell.go:324.15,326.3 1 0
github.com/aid297/aid/excel/excel_cell.go:328.2,328.11 1 0
github.com/aid297/aid/excel/excel_cell.go:332.82,333.22 1 0
github.com/aid297/aid/excel/excel_cell.go:333.22,335.3 1 0
github.com/aid297/aid/excel/excel_cell.go:337.2,337.11 1 0
github.com/aid297/aid/excel/excel_cell.go:341.94,342.15 1 0
github.com/aid297/aid/excel/excel_cell.go:342.15,344.3 1 0
github.com/aid297/aid/excel/excel_cell.go:346.2,346.11 1 0
github.com/aid297/aid/excel/excel_cell.go:350.85,351.22 1 0
github.com/aid297/aid/excel/excel_cell.go:351.22,353.3 1 0
github.com/aid297/aid/excel/excel_cell.go:355.2,355.11 1 0
github.com/aid297/aid/excel/excel_cell.go:359.95,360.15 1 0
github.com/aid297/aid/excel/excel_cell.go:360.15,362.3 1 0
github.com/aid297/aid/excel/excel_cell.go:364.2,364.11 1 0
github.com/aid297/aid/excel/excel_cell.go:368.84,369.22 1 0
github.com/aid297/aid/excel/excel_cell.go:369.22,371.3 1 0
github.com/aid297/aid/excel/excel_cell.go:373.2,373.11 1 0
github.com/aid297/aid/excel/excel_cell.go:377.37,377.58 1 0
github.com/aid297/aid/excel/excel_cell.go:380.66,381.15 1 0
github.com/aid297/aid/excel/excel_cell.go:381.15,383.3 1 0
github.com/aid297/aid/excel/excel_cell.go:385.2,385.11 1 0
github.com/aid297/aid/excel/excel_cell.go:389.71,390.22 1 0
github.com/aid297/aid/excel/excel_cell.go:390.22,392.3 1 0
github.com/aid297/aid/excel/excel_cell.go:394.2,394.11 1 0
github.com/aid297/aid/excel/excel_cell.go:398.40,398.64 1 0
github.com/aid297/aid/excel/excel_cell.go:401.72,402.15 1 0
github.com/aid297/aid/excel/excel_cell.go:402.15,404.3 1 0
github.com/aid297/aid/excel/excel_cell.go:406.2,406.11 1 0
github.com/aid297/aid/excel/excel_cell.go:410.74,411.22 1 0
github.com/aid297/aid/excel/excel_cell.go:411.22,413.3 1 0
github.com/aid297/aid/excel/excel_cell.go:415.2,415.11 1 0
github.com/aid297/aid/excel/excel_cell.go:419.36,419.58 1 0
github.com/aid297/aid/excel/excel_cell.go:422.66,423.15 1 0
github.com/aid297/aid/excel/excel_cell.go:423.15,425.3 1 0
github.com/aid297/aid/excel/excel_cell.go:427.2,427.11 1 0
github.com/aid297/aid/excel/excel_cell.go:431.70,432.22 1 0
github.com/aid297/aid/excel/excel_cell.go:432.22,434.3 1 0
github.com/aid297/aid/excel/excel_cell.go:436.2,436.11 1 0
github.com/aid297/aid/excel/excel_cell.go:440.38,440.62 1 0
github.com/aid297/aid/excel/excel_cell.go:443.70,444.15 1 0
github.com/aid297/aid/excel/excel_cell.go:444.15,446.3 1 0
github.com/aid297/aid/excel/excel_cell.go:448.2,448.11 1 0
github.com/aid297/aid/excel/excel_cell.go:452.72,453.22 1 0
github.com/aid297/aid/excel/excel_cell.go:453.22,455.3 1 0
github.com/aid297/aid/excel/excel_cell.go:457.2,457.11 1 0
github.com/aid297/aid/excel/excel_cell.go:461.40,461.64 1 0
github.com/aid297/aid/excel/excel_cell.go:464.72,465.15 1 0
github.com/aid297/aid/excel/excel_cell.go:465.15,467.3 1 0
github.com/aid297/aid/excel/excel_cell.go:469.2,469.11 1 0
github.com/aid297/aid/excel/excel_cell.go:473.74,474.22 1 0
github.com/aid297/aid/excel/excel_cell.go:474.22,476.3 1 0
github.com/aid297/aid/excel/excel_cell.go:478.2,478.11 1 0
github.com/aid297/aid/excel/excel_cell.go:482.39,482.61 1 0
github.com/aid297/aid/excel/excel_cell.go:485.69,486.15 1 0
github.com/aid297/aid/excel/excel_cell.go:486.15,488.3 1 0
github.com/aid297/aid/excel/excel_cell.go:490.2,490.11 1 0
github.com/aid297/aid/excel/excel_cell.go:494.73,495.22 1 0
github.com/aid297/aid/excel/excel_cell.go:495.22,497.3 1 0
github.com/aid297/aid/excel/excel_cell.go:499.2,499.11 1 0
github.com/aid297/aid/excel/excel_cell.go:503.41,507.2 2 0
github.com/aid297/aid/excel/excel_cell.go:510.34,510.55 1 0
github.com/aid297/aid/excel/excel_cell.go:513.47,517.2 2 0
github.com/aid297/aid/excel/excel_cell.go:520.40,520.64 1 0
github.com/aid297/aid/excel/excel_cell.go:523.56,527.2 2 0
github.com/aid297/aid/excel/excel_cell.go:530.50,530.75 1 0
github.com/aid297/aid/excel/excel_cell.go:533.67,537.2 2 0
github.com/aid297/aid/excel/excel_reader.go:28.30,28.52 1 0
github.com/aid297/aid/excel/excel_reader.go:33.26,35.2 1 0
github.com/aid297/aid/excel/excel_reader.go:38.53,46.2 1 0
github.com/aid297/aid/excel/excel_reader.go:49.82,57.2 1 0
github.com/aid297/aid/excel/excel_reader.go:60.73,60.91 1 0
github.com/aid297/aid/excel/excel_reader.go:63.97,66.42 2 0
github.com/aid297/aid/excel/excel_reader.go:66.42,68.3 1 0
github.com/aid297/aid/excel/excel_reader.go:70.2,70.21 1 0
github.com/aid297/aid/excel/excel_reader.go:74.73,78.2 2 0
github.com/aid297/aid/excel/excel_reader.go:81.41,81.64 1 0
github.com/aid297/aid/excel/excel_reader.go:84.58,88.2 2 0
github.com/aid297/aid/excel/excel_reader.go:91.40,91.65 1 0
github.com/aid297/aid/excel/excel_reader.go:94.59,98.2 2 0
github.com/aid297/aid/excel/excel_reader.go:101.40,101.65 1 0
github.com/aid297/aid/excel/excel_reader.go:104.59,108.2 2 0
github.com/aid297/aid/excel/excel_reader.go:111.37,111.59 1 0
github.com/aid297/aid/excel/excel_reader.go:114.53,118.2 2 0
github.com/aid297/aid/excel/excel_reader.go:121.54,121.74 1 0
github.com/aid297/aid/excel/excel_reader.go:124.53,125.22 1 0
github.com/aid297/aid/excel/excel_reader.go:125.22,128.3 2 0
github.com/aid297/aid/excel/excel_reader.go:129.2,131.11 2 0
github.com/aid297/aid/excel/excel_reader.go:135.53,136.32 1 0
github.com/aid297/aid/excel/excel_reader.go:136.32,139.3 2 0
github.com/aid297/aid/excel/excel_reader.go:140.2,141.16 2 0
github.com/aid297/aid/excel/excel_reader.go:141.16,144.3 2 0
github.com/aid297/aid/excel/excel_reader.go:145.2,147.24 2 0
github.com/aid297/aid/excel/excel_reader.go:147.24,148.40 1 0
github.com/aid297/aid/excel/excel_reader.go:148.40,150.4 1 0
github.com/aid297/aid/excel/excel_reader.go:153.2,157.11 4 0
github.com/aid297/aid/excel/excel_reader.go:161.39,162.29 1 0
github.com/aid297/aid/excel/excel_reader.go:162.29,165.3 2 0
github.com/aid297/aid/excel/excel_reader.go:167.2,168.16 2 0
github.com/aid297/aid/excel/excel_reader.go:168.16,171.3 2 0
github.com/aid297/aid/excel/excel_reader.go:172.2,174.11 2 0
github.com/aid297/aid/excel/excel_reader.go:178.34,179.29 1 0
github.com/aid297/aid/excel/excel_reader.go:179.29,182.3 2 0
github.com/aid297/aid/excel/excel_reader.go:184.2,185.16 2 0
github.com/aid297/aid/excel/excel_reader.go:185.16,188.3 2 0
github.com/aid297/aid/excel/excel_reader.go:190.2,190.25 1 0
github.com/aid297/aid/excel/excel_reader.go:190.25,191.61 1 0
github.com/aid297/aid/excel/excel_reader.go:191.61,193.4 1 0
github.com/aid297/aid/excel/excel_reader.go:194.8,195.80 1 0
github.com/aid297/aid/excel/excel_reader.go:195.80,197.4 1 0
github.com/aid297/aid/excel/excel_reader.go:200.2,200.11 1 0
github.com/aid297/aid/excel/excel_reader.go:204.64,206.48 2 0
github.com/aid297/aid/excel/excel_reader.go:206.48,208.3 1 0
github.com/aid297/aid/excel/excel_reader.go:210.2,210.38 1 0
github.com/aid297/aid/excel/excel_reader.go:214.89,215.29 1 0
github.com/aid297/aid/excel/excel_reader.go:215.29,218.3 2 0
github.com/aid297/aid/excel/excel_reader.go:220.2,223.16 3 0
github.com/aid297/aid/excel/excel_reader.go:223.16,226.3 2 0
github.com/aid297/aid/excel/excel_reader.go:228.2,228.25 1 0
github.com/aid297/aid/excel/excel_reader.go:228.25,230.3 1 0
github.com/aid297/aid/excel/excel_reader.go:230.8,232.3 1 0
github.com/aid297/aid/excel/excel_reader.go:234.2,239.3 1 0
github.com/aid297/aid/excel/excel_reader.go:243.63,244.29 1 0
github.com/aid297/aid/excel/excel_reader.go:244.29,247.3 2 0
github.com/aid297/aid/excel/excel_reader.go:249.2,252.16 3 0
github.com/aid297/aid/excel/excel_reader.go:252.16,255.3 2 0
github.com/aid297/aid/excel/excel_reader.go:257.2,257.25 1 0
github.com/aid297/aid/excel/excel_reader.go:257.25,259.3 1 0
github.com/aid297/aid/excel/excel_reader.go:259.8,261.3 1 0
github.com/aid297/aid/excel/excel_reader.go:263.2,267.3 1 0
github.com/aid297/aid/excel/excel_row.go:20.24,20.43 1 0
github.com/aid297/aid/excel/excel_row.go:25.20,25.37 1 0
github.com/aid297/aid/excel/excel_row.go:28.50,28.69 1 0
github.com/aid297/aid/excel/excel_row.go:31.45,32.28 1 0
github.com/aid297/aid/excel/excel_row.go:32.28,35.3 2 0
github.com/aid297/aid/excel/excel_row.go:37.2,37.37 1 0
github.com/aid297/aid/excel/excel_row.go:37.37,38.77 1 0
github.com/aid297/aid/excel/excel_row.go:38.77,41.4 2 0
github.com/aid297/aid/excel/excel_row.go:41.9,43.4 1 0
github.com/aid297/aid/excel/excel_row.go:45.2,47.11 2 0
github.com/aid297/aid/excel/excel_row.go:51.38,51.61 1 0
github.com/aid297/aid/excel/excel_row.go:54.52,58.2 2 0
github.com/aid297/aid/excel/excel_util.go:14.59,16.2 1 0
github.com/aid297/aid/excel/excel_util.go:19.48,21.34 2 0
github.com/aid297/aid/excel/excel_util.go:21.34,23.3 1 0
github.com/aid297/aid/excel/excel_util.go:25.2,25.15 1 0
github.com/aid297/aid/excel/excel_util.go:29.34,31.21 2 0
github.com/aid297/aid/excel/excel_util.go:31.21,33.3 1 0
github.com/aid297/aid/excel/excel_util.go:35.2,35.15 1 0
github.com/aid297/aid/excel/excel_util.go:38.33,49.44 1 0
github.com/aid297/aid/excel/excel_util.go:49.44,50.20 1 0
github.com/aid297/aid/excel/excel_util.go:50.20,52.9 1 0
github.com/aid297/aid/excel/excel_util.go:52.14,54.9 1 0
github.com/aid297/aid/excel/excel_util.go:66.44,67.19 1 0
github.com/aid297/aid/excel/excel_util.go:67.19,69.9 1 0
github.com/aid297/aid/excel/excel_util.go:69.14,71.9 1 0
github.com/aid297/aid/excel/excel_util.go:83.44,84.19 1 0
github.com/aid297/aid/excel/excel_util.go:84.19,86.9 1 0
github.com/aid297/aid/excel/excel_util.go:86.14,88.9 1 0
github.com/aid297/aid/excel/excel_util.go:101.44,102.19 1 0
github.com/aid297/aid/excel/excel_util.go:102.19,104.9 1 0
github.com/aid297/aid/excel/excel_util.go:104.14,106.9 1 0
github.com/aid297/aid/excel/excel_util.go:115.2,115.16 1 0
github.com/aid297/aid/excel/excel_util.go:115.16,117.3 1 0
github.com/aid297/aid/excel/excel_util.go:120.32,129.16 2 0
github.com/aid297/aid/excel/excel_util.go:129.16,131.3 1 0
github.com/aid297/aid/excel/excel_util.go:133.2,133.71 1 0
github.com/aid297/aid/excel/excel_util.go:133.71,139.3 4 0
github.com/aid297/aid/excel/excel_writer.go:22.45,22.78 1 0
github.com/aid297/aid/excel/excel_writer.go:27.41,29.32 2 0
github.com/aid297/aid/excel/excel_writer.go:29.32,32.3 2 0
github.com/aid297/aid/excel/excel_writer.go:33.2,36.12 3 0
github.com/aid297/aid/excel/excel_writer.go:40.40,40.62 1 0
github.com/aid297/aid/excel/excel_writer.go:43.56,47.2 2 0
github.com/aid297/aid/excel/excel_writer.go:50.57,51.21 1 0
github.com/aid297/aid/excel/excel_writer.go:51.21,54.3 2 0
github.com/aid297/aid/excel/excel_writer.go:55.2,56.16 2 0
github.com/aid297/aid/excel/excel_writer.go:56.16,59.3 2 0
github.com/aid297/aid/excel/excel_writer.go:61.2,64.11 3 0
github.com/aid297/aid/excel/excel_writer.go:68.63,69.21 1 0
github.com/aid297/aid/excel/excel_writer.go:69.21,72.3 2 0
github.com/aid297/aid/excel/excel_writer.go:73.2,74.16 2 0
github.com/aid297/aid/excel/excel_writer.go:74.16,77.3 2 0
github.com/aid297/aid/excel/excel_writer.go:79.2,82.11 3 0
github.com/aid297/aid/excel/excel_writer.go:86.62,87.20 1 0
github.com/aid297/aid/excel/excel_writer.go:87.20,90.3 2 0
github.com/aid297/aid/excel/excel_writer.go:91.2,94.11 3 0
github.com/aid297/aid/excel/excel_writer.go:98.58,103.2 3 0
github.com/aid297/aid/excel/excel_writer.go:106.44,108.32 2 0
github.com/aid297/aid/excel/excel_writer.go:108.32,111.3 2 0
github.com/aid297/aid/excel/excel_writer.go:113.2,114.32 2 0
github.com/aid297/aid/excel/excel_writer.go:114.32,115.53 1 0
github.com/aid297/aid/excel/excel_writer.go:115.53,121.4 1 0
github.com/aid297/aid/excel/excel_writer.go:124.2,137.17 1 0
github.com/aid297/aid/excel/excel_writer.go:137.17,139.3 1 0
github.com/aid297/aid/excel/excel_writer.go:139.8,141.3 1 0
github.com/aid297/aid/excel/excel_writer.go:145.73,149.2 2 0
github.com/aid297/aid/excel/excel_writer.go:152.75,156.2 2 0
github.com/aid297/aid/excel/excel_writer.go:159.87,161.16 2 0
github.com/aid297/aid/excel/excel_writer.go:161.16,163.3 1 0
github.com/aid297/aid/excel/excel_writer.go:165.2,166.16 2 0
github.com/aid297/aid/excel/excel_writer.go:166.16,168.3 1 0
github.com/aid297/aid/excel/excel_writer.go:170.2,170.91 1 0
github.com/aid297/aid/excel/excel_writer.go:170.91,172.3 1 0
github.com/aid297/aid/excel/excel_writer.go:174.2,174.11 1 0
github.com/aid297/aid/excel/excel_writer.go:178.89,179.84 1 0
github.com/aid297/aid/excel/excel_writer.go:179.84,181.3 1 0
github.com/aid297/aid/excel/excel_writer.go:183.2,183.11 1 0
github.com/aid297/aid/excel/excel_writer.go:187.53,188.32 1 0
github.com/aid297/aid/excel/excel_writer.go:188.32,190.3 1 0
github.com/aid297/aid/excel/excel_writer.go:192.2,192.11 1 0
github.com/aid297/aid/excel/excel_writer.go:196.49,197.53 1 0
github.com/aid297/aid/excel/excel_writer.go:197.53,199.32 2 0
github.com/aid297/aid/excel/excel_writer.go:200.31,201.114 1 0
github.com/aid297/aid/excel/excel_writer.go:201.114,204.5 2 0
github.com/aid297/aid/excel/excel_writer.go:205.27,206.103 1 0
github.com/aid297/aid/excel/excel_writer.go:206.103,209.5 2 0
github.com/aid297/aid/excel/excel_writer.go:210.27,211.107 1 0
github.com/aid297/aid/excel/excel_writer.go:211.107,214.5 2 0
github.com/aid297/aid/excel/excel_writer.go:215.31,216.120 1 0
github.com/aid297/aid/excel/excel_writer.go:216.120,219.5 2 0
github.com/aid297/aid/excel/excel_writer.go:220.28,221.109 1 0
github.com/aid297/aid/excel/excel_writer.go:221.109,224.5 2 0
github.com/aid297/aid/excel/excel_writer.go:225.28,226.115 1 0
github.com/aid297/aid/excel/excel_writer.go:226.115,228.5 1 0
github.com/aid297/aid/excel/excel_writer.go:230.3,230.24 1 0
github.com/aid297/aid/excel/excel_writer.go:233.2,233.11 1 0
github.com/aid297/aid/excel/excel_writer.go:237.74,243.21 2 0
github.com/aid297/aid/excel/excel_writer.go:243.21,244.34 1 0
github.com/aid297/aid/excel/excel_writer.go:244.34,246.4 1 0
github.com/aid297/aid/excel/excel_writer.go:248.3,250.22 2 0
github.com/aid297/aid/excel/excel_writer.go:253.2,253.11 1 0
github.com/aid297/aid/excel/excel_writer.go:257.32,258.23 1 0
github.com/aid297/aid/excel/excel_writer.go:258.23,260.3 1 0
github.com/aid297/aid/excel/excel_writer.go:262.2,262.37 1 0
github.com/aid297/aid/excel/excel_writer.go:266.62,267.2 1 0
github.com/aid297/aid/excel/excel_writer.go:267.2,272.3 4 0
github.com/aid297/aid/excel/excel_writer.go:274.2,274.31 1 0
github.com/aid297/aid/excel/excel_writer.go:278.52,278.71 1 0
github.com/aid297/aid/db/main.go:17.53,19.16 2 1
github.com/aid297/aid/db/main.go:19.16,21.3 1 0
github.com/aid297/aid/db/main.go:23.2,30.48 2 1
github.com/aid297/aid/db/main.go:30.48,32.3 1 0
github.com/aid297/aid/db/main.go:34.2,34.16 1 1
github.com/aid297/aid/db/main.go:38.48,41.16 2 1
github.com/aid297/aid/db/main.go:41.16,42.25 1 0
github.com/aid297/aid/db/main.go:42.25,45.4 1 0
github.com/aid297/aid/db/main.go:46.3,46.13 1 0
github.com/aid297/aid/db/main.go:49.2,49.32 1 1
github.com/aid297/aid/db/main.go:49.32,50.104 1 1
github.com/aid297/aid/db/main.go:50.104,53.18 3 1
github.com/aid297/aid/db/main.go:53.18,55.5 1 0
github.com/aid297/aid/db/main.go:56.4,56.39 1 1
github.com/aid297/aid/db/main.go:60.2,60.12 1 1
github.com/aid297/aid/db/main.go:64.47,65.55 1 1
github.com/aid297/aid/db/main.go:65.55,67.3 1 1
github.com/aid297/aid/db/main.go:70.2,70.49 1 1
github.com/aid297/aid/db/main.go:70.49,71.59 1 1
github.com/aid297/aid/db/main.go:71.59,73.4 1 0
github.com/aid297/aid/db/main.go:76.2,76.12 1 1
github.com/aid297/aid/db/main.go:80.34,82.42 2 0
github.com/aid297/aid/db/main.go:82.42,84.3 1 0
github.com/aid297/aid/db/main.go:88.61,90.13 2 0
github.com/aid297/aid/db/main.go:90.13,92.3 1 0
github.com/aid297/aid/db/main.go:94.2,96.36 3 0
github.com/aid297/aid/db/main.go:96.36,98.20 2 0
github.com/aid297/aid/db/main.go:98.20,100.4 1 0
github.com/aid297/aid/db/main.go:101.3,101.68 1 0
github.com/aid297/aid/db/main.go:104.2,105.12 2 0
github.com/aid297/aid/db/main.go:109.38,116.6 5 0
github.com/aid297/aid/db/main.go:116.6,118.22 2 0
github.com/aid297/aid/db/main.go:118.22,119.9 1 0
github.com/aid297/aid/db/main.go:122.3,123.18 2 0
github.com/aid297/aid/db/main.go:123.18,124.12 1 0
github.com/aid297/aid/db/main.go:127.3,127.41 1 0
github.com/aid297/aid/db/main.go:127.41,128.9 1 0
github.com/aid297/aid/db/main.go:129.9,129.29 1 0
github.com/aid297/aid/db/main.go:129.29,137.12 8 0
github.com/aid297/aid/db/main.go:138.9,138.36 1 0
github.com/aid297/aid/db/main.go:138.36,140.12 2 0
github.com/aid297/aid/db/main.go:141.9,141.52 1 0
github.com/aid297/aid/db/main.go:141.52,143.56 2 0
github.com/aid297/aid/db/main.go:143.56,145.5 1 0
github.com/aid297/aid/db/main.go:146.4,146.12 1 0
github.com/aid297/aid/db/main.go:149.3,149.43 1 0
github.com/aid297/aid/db/main.go:149.43,151.4 1 0
github.com/aid297/aid/db/main.go:154.2,154.38 1 0
github.com/aid297/aid/db/main.go:154.38,156.3 1 0
github.com/aid297/aid/db/main.go:160.13,163.16 2 0
github.com/aid297/aid/db/main.go:163.16,166.3 2 0
github.com/aid297/aid/db/main.go:169.2,169.21 1 0
github.com/aid297/aid/db/parser.go:15.32,19.2 1 1
github.com/aid297/aid/db/parser.go:22.55,28.49 3 1
github.com/aid297/aid/db/parser.go:28.49,30.3 1 1
github.com/aid297/aid/db/parser.go:30.8,30.55 1 1
github.com/aid297/aid/db/parser.go:30.55,32.3 1 1
github.com/aid297/aid/db/parser.go:32.8,32.50 1 1
github.com/aid297/aid/db/parser.go:32.50,34.3 1 0
github.com/aid297/aid/db/parser.go:34.8,36.3 1 1
github.com/aid297/aid/db/parser.go:40.56,44.23 3 1
github.com/aid297/aid/db/parser.go:44.23,46.3 1 0
github.com/aid297/aid/db/parser.go:48.2,55.36 5 1
github.com/aid297/aid/db/parser.go:55.36,58.21 3 1
github.com/aid297/aid/db/parser.go:58.21,60.4 1 0
github.com/aid297/aid/db/parser.go:62.3,64.17 3 1
github.com/aid297/aid/db/parser.go:64.17,66.4 1 0
github.com/aid297/aid/db/parser.go:69.3,70.34 2 1
github.com/aid297/aid/db/parser.go:70.34,71.95 1 0
github.com/aid297/aid/db/parser.go:71.95,73.10 2 0
github.com/aid297/aid/db/parser.go:77.3,81.5 1 1
github.com/aid297/aid/db/parser.go:85.2,92.12 3 1
github.com/aid297/aid/db/parser.go:96.51,100.23 3 1
github.com/aid297/aid/db/parser.go:100.23,102.3 1 0
github.com/aid297/aid/db/parser.go:104.2,109.13 4 1
github.com/aid297/aid/db/parser.go:109.13,111.3 1 1
github.com/aid297/aid/db/parser.go:114.2,117.45 3 1
github.com/aid297/aid/db/parser.go:117.45,119.3 1 1
github.com/aid297/aid/db/parser.go:121.2,122.40 2 1
github.com/aid297/aid/db/parser.go:122.40,125.17 3 1
github.com/aid297/aid/db/parser.go:125.17,127.4 1 0
github.com/aid297/aid/db/parser.go:128.3,128.33 1 1
github.com/aid297/aid/db/parser.go:132.2,135.12 3 1
github.com/aid297/aid/db/parser.go:139.51,143.23 3 0
github.com/aid297/aid/db/parser.go:143.23,145.3 1 0
github.com/aid297/aid/db/parser.go:147.2,149.13 3 0
github.com/aid297/aid/db/parser.go:149.13,151.3 1 0
github.com/aid297/aid/db/parser.go:154.2,155.36 2 0
github.com/aid297/aid/db/parser.go:155.36,157.3 1 0
github.com/aid297/aid/db/parser.go:158.2,162.31 3 0
github.com/aid297/aid/db/parser.go:162.31,164.3 1 0
github.com/aid297/aid/db/parser.go:165.2,168.33 2 0
github.com/aid297/aid/db/parser.go:168.33,170.36 2 0
github.com/aid297/aid/db/parser.go:170.36,172.4 1 0
github.com/aid297/aid/db/parser.go:173.3,173.43 1 0
github.com/aid297/aid/db/parser.go:176.2,176.12 1 0
github.com/aid297/aid/db/storage.go:17.63,18.51 1 1
github.com/aid297/aid/db/storage.go:18.51,20.3 1 0
github.com/aid297/aid/db/storage.go:22.2,24.8 1 1
github.com/aid297/aid/db/storage.go:28.55,30.49 1 1
github.com/aid297/aid/db/storage.go:30.49,32.3 1 0
github.com/aid297/aid/db/storage.go:35.2,35.47 1 1
github.com/aid297/aid/db/storage.go:35.47,37.3 1 0
github.com/aid297/aid/db/storage.go:39.2,39.12 1 1
github.com/aid297/aid/db/storage.go:43.61,47.16 3 1
github.com/aid297/aid/db/storage.go:47.16,49.3 1 0
github.com/aid297/aid/db/storage.go:51.2,51.61 1 1
github.com/aid297/aid/db/storage.go:51.61,53.3 1 0
github.com/aid297/aid/db/storage.go:55.2,55.12 1 1
github.com/aid297/aid/db/storage.go:59.59,63.16 3 1
github.com/aid297/aid/db/storage.go:63.16,65.3 1 0
github.com/aid297/aid/db/storage.go:66.2,69.89 2 1
github.com/aid297/aid/db/storage.go:69.89,71.3 1 0
github.com/aid297/aid/db/storage.go:74.2,74.33 1 1
github.com/aid297/aid/db/storage.go:74.33,75.62 1 1
github.com/aid297/aid/db/storage.go:75.62,77.4 1 0
github.com/aid297/aid/db/storage.go:80.2,80.12 1 1
github.com/aid297/aid/db/storage.go:84.82,86.89 1 1
github.com/aid297/aid/db/storage.go:86.89,88.3 1 0
github.com/aid297/aid/db/storage.go:91.2,91.35 1 1
github.com/aid297/aid/db/storage.go:91.35,92.68 1 1
github.com/aid297/aid/db/storage.go:92.68,94.4 1 0
github.com/aid297/aid/db/storage.go:97.2,97.12 1 1
github.com/aid297/aid/db/storage.go:101.95,103.81 1 1
github.com/aid297/aid/db/storage.go:103.81,105.3 1 0
github.com/aid297/aid/db/storage.go:107.2,107.27 1 1
github.com/aid297/aid/db/storage.go:108.11,109.75 1 1
github.com/aid297/aid/db/storage.go:109.75,111.4 1 0
github.com/aid297/aid/db/storage.go:112.13,113.68 1 0
github.com/aid297/aid/db/storage.go:113.68,115.4 1 0
github.com/aid297/aid/db/storage.go:116.15,117.68 1 1
github.com/aid297/aid/db/storage.go:117.68,119.4 1 0
github.com/aid297/aid/db/storage.go:120.12,122.8 2 1
github.com/aid297/aid/db/storage.go:122.8,124.4 1 1
github.com/aid297/aid/db/storage.go:125.3,125.76 1 1
github.com/aid297/aid/db/storage.go:125.76,127.4 1 0
github.com/aid297/aid/db/storage.go:128.14,130.81 1 1
github.com/aid297/aid/db/storage.go:130.81,132.4 1 0
github.com/aid297/aid/db/storage.go:134.3,134.48 1 1
github.com/aid297/aid/db/storage.go:134.48,136.4 1 0
github.com/aid297/aid/db/storage.go:137.10,138.57 1 0
github.com/aid297/aid/db/storage.go:141.2,141.12 1 1
github.com/aid297/aid/db/storage.go:145.69,149.16 3 1
github.com/aid297/aid/db/storage.go:149.16,151.3 1 0
github.com/aid297/aid/db/storage.go:153.2,154.59 2 1
github.com/aid297/aid/db/storage.go:154.59,156.3 1 0
github.com/aid297/aid/db/storage.go:158.2,163.16 4 1
github.com/aid297/aid/db/storage.go:163.16,166.3 1 0
github.com/aid297/aid/db/storage.go:167.2,171.74 3 1
github.com/aid297/aid/db/storage.go:171.74,173.3 1 0
github.com/aid297/aid/db/storage.go:176.2,176.40 1 1
github.com/aid297/aid/db/storage.go:176.40,178.17 2 1
github.com/aid297/aid/db/storage.go:178.17,180.4 1 0
github.com/aid297/aid/db/storage.go:181.3,181.39 1 1
github.com/aid297/aid/db/storage.go:184.2,184.20 1 1
github.com/aid297/aid/db/storage.go:188.79,191.74 2 1
github.com/aid297/aid/db/storage.go:191.74,193.3 1 0
github.com/aid297/aid/db/storage.go:195.2,195.35 1 1
github.com/aid297/aid/db/storage.go:195.35,197.3 1 0
github.com/aid297/aid/db/storage.go:200.2,201.40 2 1
github.com/aid297/aid/db/storage.go:201.40,203.17 2 1
github.com/aid297/aid/db/storage.go:203.17,205.4 1 0
github.com/aid297/aid/db/storage.go:206.3,206.20 1 1
github.com/aid297/aid/db/storage.go:209.2,209.33 1 1
github.com/aid297/aid/db/storage.go:213.71,216.74 2 1
github.com/aid297/aid/db/storage.go:216.74,218.3 1 0
github.com/aid297/aid/db/storage.go:220.2,220.28 1 1
github.com/aid297/aid/db/storage.go:221.15,223.72 2 1
github.com/aid297/aid/db/storage.go:223.72,225.4 1 0
github.com/aid297/aid/db/storage.go:226.3,226.25 1 1
github.com/aid297/aid/db/storage.go:227.17,229.72 2 0
github.com/aid297/aid/db/storage.go:229.72,231.4 1 0
github.com/aid297/aid/db/storage.go:232.3,232.20 1 0
github.com/aid297/aid/db/storage.go:233.16,235.72 2 0
github.com/aid297/aid/db/storage.go:235.72,237.4 1 0
github.com/aid297/aid/db/storage.go:238.3,238.25 1 0
github.com/aid297/aid/db/storage.go:239.29,242.73 2 1
github.com/aid297/aid/db/storage.go:242.73,244.4 1 0
github.com/aid297/aid/db/storage.go:247.3,248.43 2 1
github.com/aid297/aid/db/storage.go:248.43,250.4 1 0
github.com/aid297/aid/db/storage.go:252.3,252.26 1 1
github.com/aid297/aid/db/storage.go:253.10,254.64 1 0
github.com/aid297/aid/db/types.go:40.36,41.12 1 1
github.com/aid297/aid/db/types.go:42.15,43.15 1 1
github.com/aid297/aid/db/types.go:44.19,45.19 1 1
github.com/aid297/aid/db/types.go:46.16,47.16 1 0
github.com/aid297/aid/db/types.go:48.17,49.17 1 1
github.com/aid297/aid/db/types.go:50.16,51.16 1 1
github.com/aid297/aid/db/types.go:52.10,53.19 1 0
github.com/aid297/aid/db/types.go:58.50,60.2 1 1
github.com/aid297/aid/db/types.go:63.54,68.16 3 1
github.com/aid297/aid/db/types.go:68.16,70.3 1 0
github.com/aid297/aid/db/types.go:72.2,73.12 2 1
github.com/aid297/aid/db/types.go:77.48,78.28 1 1
github.com/aid297/aid/db/types.go:79.24,80.22 1 1
github.com/aid297/aid/db/types.go:81.17,82.26 1 1
github.com/aid297/aid/db/types.go:83.14,84.23 1 0
github.com/aid297/aid/db/types.go:85.25,86.24 1 1
github.com/aid297/aid/db/types.go:87.25,88.23 1 1
github.com/aid297/aid/db/types.go:89.10,90.57 1 0
github.com/aid297/aid/db/types.go:95.71,99.68 2 1
github.com/aid297/aid/db/types.go:99.68,101.3 1 1
github.com/aid297/aid/db/types.go:103.2,103.18 1 1
github.com/aid297/aid/db/types.go:104.15,105.29 1 1
github.com/aid297/aid/db/types.go:106.17,107.39 1 1
github.com/aid297/aid/db/types.go:108.16,110.38 2 1
github.com/aid297/aid/db/types.go:110.38,112.4 1 1
github.com/aid297/aid/db/types.go:112.9,112.46 1 1
github.com/aid297/aid/db/types.go:112.46,114.4 1 1
github.com/aid297/aid/db/types.go:115.3,115.63 1 0
github.com/aid297/aid/db/types.go:116.29,117.20 1 1
github.com/aid297/aid/db/types.go:118.10,119.64 1 0
github.com/aid297/aid/db/types.go:124.65,125.18 1 0
github.com/aid297/aid/db/types.go:126.36,127.34 1 0
github.com/aid297/aid/db/types.go:128.29,129.36 1 0
github.com/aid297/aid/db/types.go:130.10,131.34 1 0
github.com/aid297/aid/filesystem/file_manager.go:31.65,31.98 1 0
github.com/aid297/aid/filesystem/file_manager.go:32.108,34.2 1 0
github.com/aid297/aid/filesystem/file_manager.go:35.108,37.2 1 0
github.com/aid297/aid/filesystem/file_manager.go:48.61,68.2 4 0
github.com/aid297/aid/filesystem/file_manager.go:73.104,75.17 2 0
github.com/aid297/aid/filesystem/file_manager.go:75.17,77.3 1 0
github.com/aid297/aid/filesystem/file_manager.go:79.2,80.16 2 0
github.com/aid297/aid/filesystem/file_manager.go:80.16,82.3 1 0
github.com/aid297/aid/filesystem/file_manager.go:84.2,84.129 1 0
github.com/aid297/aid/filesystem/file_manager.go:90.104,92.2 1 0
github.com/aid297/aid/filesystem/file_manager.go:95.71,97.17 2 0
github.com/aid297/aid/filesystem/file_manager.go:97.17,99.3 1 0
github.com/aid297/aid/filesystem/file_manager.go:101.2,102.16 2 0
github.com/aid297/aid/filesystem/file_manager.go:102.16,104.3 1 0
github.com/aid297/aid/filesystem/file_manager.go:105.2,109.3 3 0
github.com/aid297/aid/filesystem/file_manager.go:111.2,111.16 1 0
github.com/aid297/aid/filesystem/file_manager.go:115.62,119.2 2 0
github.com/aid297/aid/filesystem/file_manager.go:122.48,123.26 1 0
github.com/aid297/aid/filesystem/file_manager.go:124.94,125.46 1 0
github.com/aid297/aid/filesystem/file_manager.go:126.10,127.74 1 0
github.com/aid297/aid/filesystem/file_manager.go:132.39,133.26 1 0
github.com/aid297/aid/filesystem/file_manager.go:134.94,135.46 1 0
github.com/aid297/aid/filesystem/file_manager.go:136.10,137.71 1 0
github.com/aid297/aid/filesystem/file_manager.go:142.55,146.2 2 0
github.com/aid297/aid/filesystem/file_manager.go:149.55,157.23 2 0
github.com/aid297/aid/filesystem/file_manager.go:157.23,159.3 1 0
github.com/aid297/aid/filesystem/file_manager.go:161.2,161.38 1 0
github.com/aid297/aid/filesystem/file_manager.go:165.53,165.102 1 0
github.com/aid297/aid/filesystem/file_manager.go:168.48,168.103 1 0
github.com/aid297/aid/filesystem/file_manager.go:171.48,176.2 1 0
github.com/aid297/aid/filesystem/file_manager.go:179.46,179.92 1 0
github.com/aid297/aid/filesystem/filesystem.go:33.53,33.96 1 0
github.com/aid297/aid/filesystem/filesystem.go:34.53,34.96 1 0
github.com/aid297/aid/filesystem/filesystem.go:37.58,41.2 2 0
github.com/aid297/aid/filesystem/filesystem.go:44.58,48.2 2 0
github.com/aid297/aid/filesystem/filesystem.go:53.54,57.2 2 0
github.com/aid297/aid/filesystem/filesystem.go:62.54,66.2 2 0
github.com/aid297/aid/filesystem/filesystem.go:69.42,73.2 2 0
github.com/aid297/aid/filesystem/filesystem.go:76.64,81.2 3 0
github.com/aid297/aid/filesystem/filesystem.go:84.59,89.2 3 0
github.com/aid297/aid/filesystem/filesystem.go:91.52,96.2 3 0
github.com/aid297/aid/filesystem/filesystem.go:99.56,100.24 1 0
github.com/aid297/aid/filesystem/filesystem.go:100.24,102.3 1 0
github.com/aid297/aid/filesystem/filesystem.go:104.2,106.11 2 0
github.com/aid297/aid/filesystem/filesystem.go:109.27,113.2 2 0
github.com/aid297/aid/filesystem/filesystem.go:116.45,119.40 2 0
github.com/aid297/aid/filesystem/filesystem.go:119.40,121.3 1 0
github.com/aid297/aid/filesystem/filesystem.go:123.2,123.12 1 0
github.com/aid297/aid/filesystem/filesystem.go:127.25,130.15 2 0
github.com/aid297/aid/filesystem/filesystem.go:130.15,132.3 1 0
github.com/aid297/aid/filesystem/filesystem.go:133.2,135.12 2 0
github.com/aid297/aid/filesystem/filesystem.go:139.30,142.16 2 0
github.com/aid297/aid/filesystem/filesystem.go:142.16,144.3 1 0
github.com/aid297/aid/filesystem/filesystem.go:145.2,147.12 2 0
github.com/aid297/aid/filesystem/filesystem.go:151.28,155.8 3 0
github.com/aid297/aid/filesystem/filesystem.go:155.8,157.3 1 0
github.com/aid297/aid/filesystem/filesystem.go:159.2,159.15 1 0
github.com/aid297/aid/filesystem/filesystem.go:163.42,166.14 3 0
github.com/aid297/aid/filesystem/filesystem.go:166.14,167.58 1 0
github.com/aid297/aid/filesystem/filesystem.go:170.2,170.16 1 0
github.com/aid297/aid/filesystem/filesystem.go:170.16,172.15 2 0
github.com/aid297/aid/filesystem/filesystem.go:172.15,173.65 1 0
github.com/aid297/aid/filesystem/filesystem.go:177.2,177.11 1 0
github.com/aid297/aid/filesystem/filesystem.go:181.45,183.16 2 0
github.com/aid297/aid/filesystem/filesystem.go:183.16,185.3 1 0
github.com/aid297/aid/filesystem/filesystem.go:187.2,187.24 1 0
github.com/aid297/aid/filesystem/filesystem.go:187.24,189.3 1 0
github.com/aid297/aid/filesystem/filesystem.go:191.2,191.19 1 0
github.com/aid297/aid/filesystem/filesystem.go:195.46,197.16 2 0
github.com/aid297/aid/filesystem/filesystem.go:197.16,199.3 1 0
github.com/aid297/aid/filesystem/filesystem.go:201.2,202.14 2 0
github.com/aid297/aid/filesystem/filesystem.go:202.14,204.3 1 0
github.com/aid297/aid/filesystem/filesystem.go:206.2,206.26 1 0
github.com/aid297/aid/filesystem/filesystem.go:210.47,212.16 2 0
github.com/aid297/aid/filesystem/filesystem.go:212.16,214.3 1 0
github.com/aid297/aid/filesystem/filesystem.go:216.2,217.14 2 0
github.com/aid297/aid/filesystem/filesystem.go:217.14,219.3 1 0
github.com/aid297/aid/filesystem/filesystem.go:221.2,221.27 1 0
github.com/aid297/aid/filesystem/filesystem.go:225.37,226.17 1 0
github.com/aid297/aid/filesystem/filesystem.go:226.17,227.54 1 0
github.com/aid297/aid/filesystem/filesystem.go:227.54,229.4 1 0
github.com/aid297/aid/filesystem/filesystem.go:232.2,232.12 1 0
github.com/aid297/aid/filesystem/filesystem.go:236.39,236.56 1 0
github.com/aid297/aid/filesystem/filesystem.go:239.45,241.14 2 0
github.com/aid297/aid/filesystem/filesystem.go:241.14,243.3 1 0
github.com/aid297/aid/filesystem/filesystem.go:245.2,245.18 1 0
github.com/aid297/aid/filesystem/filesystem.go:245.18,248.3 2 0
github.com/aid297/aid/filesystem/filesystem.go:248.8,251.3 2 0
github.com/aid297/aid/filesystem/filesystem.go:253.2,253.12 1 0
github.com/aid297/aid/filesystem/filesystem.go:257.38,258.16 1 0
github.com/aid297/aid/filesystem/filesystem.go:258.16,259.15 1 0
github.com/aid297/aid/filesystem/filesystem.go:259.15,261.4 1 0
github.com/aid297/aid/filesystem/filesystem.go:262.3,262.16 1 0
github.com/aid297/aid/filesystem/filesystem.go:262.16,264.4 1 0
github.com/aid297/aid/filesystem/filesystem.go:267.2,267.12 1 0
github.com/aid297/aid/filesystem/filesystem.go:271.38,273.16 2 0
github.com/aid297/aid/filesystem/filesystem.go:273.16,275.3 1 0
github.com/aid297/aid/filesystem/filesystem.go:277.2,277.12 1 0
github.com/aid297/aid/filesystem/filesystem.go:281.39,283.14 2 0
github.com/aid297/aid/filesystem/filesystem.go:283.14,285.3 1 0
github.com/aid297/aid/filesystem/filesystem.go:287.2,287.12 1 0
github.com/aid297/aid/filesystem/filesystem.go:291.46,291.76 1 0
github.com/aid297/aid/filesystem/filesystem.go:294.98,298.22 3 0
github.com/aid297/aid/filesystem/filesystem.go:298.22,299.18 1 0
github.com/aid297/aid/filesystem/filesystem.go:299.18,300.40 1 0
github.com/aid297/aid/filesystem/filesystem.go:300.40,302.5 1 0
github.com/aid297/aid/filesystem/filesystem.go:306.2,306.61 1 0
github.com/aid297/aid/filesystem/filesystem.go:306.61,308.3 1 0
github.com/aid297/aid/filesystem/filesystem.go:310.2,310.17 1 0
github.com/aid297/aid/filesystem/filesystem.go:314.86,323.10 2 0
github.com/aid297/aid/filesystem/filesystem.go:323.10,325.3 1 0
github.com/aid297/aid/filesystem/filesystem.go:325.8,327.3 1 0
github.com/aid297/aid/filesystem/filesystem.go:329.2,329.16 1 0
github.com/aid297/aid/filesystem/filesystem.go:329.16,330.36 1 0
github.com/aid297/aid/filesystem/filesystem.go:330.36,332.4 1 0
github.com/aid297/aid/filesystem/filesystem.go:336.2,336.16 1 0
github.com/aid297/aid/filesystem/filesystem.go:336.16,338.3 1 0
github.com/aid297/aid/filesystem/filesystem.go:341.2,342.16 2 0
github.com/aid297/aid/filesystem/filesystem.go:342.16,344.3 1 0
github.com/aid297/aid/filesystem/filesystem.go:345.2,347.23 2 0
github.com/aid297/aid/filesystem/filesystem.go:347.23,350.3 2 0
github.com/aid297/aid/filesystem/filesystem.go:350.8,352.3 1 0
github.com/aid297/aid/filesystem/filesystem.go:355.2,356.16 2 0
github.com/aid297/aid/filesystem/filesystem.go:356.16,358.3 1 0
github.com/aid297/aid/filesystem/filesystem.go:359.2,363.16 3 0
github.com/aid297/aid/filesystem/filesystem.go:363.16,365.3 1 0
github.com/aid297/aid/filesystem/filesystem.go:368.2,369.16 2 0
github.com/aid297/aid/filesystem/filesystem.go:369.16,371.3 1 0
github.com/aid297/aid/filesystem/filesystem.go:373.2,373.26 1 0
github.com/aid297/aid/filesystem/filesystem.go:377.86,383.9 2 0
github.com/aid297/aid/filesystem/filesystem.go:383.9,385.3 1 0
github.com/aid297/aid/filesystem/filesystem.go:385.8,387.3 1 0
github.com/aid297/aid/filesystem/filesystem.go:389.2,389.16 1 0
github.com/aid297/aid/filesystem/filesystem.go:389.16,390.36 1 0
github.com/aid297/aid/filesystem/filesystem.go:390.36,392.4 1 0
github.com/aid297/aid/filesystem/filesystem.go:395.2,395.35 1 0
github.com/aid297/aid/filesystem/filesystem.go:395.35,400.32 2 0
github.com/aid297/aid/filesystem/filesystem.go:400.32,402.4 1 0
github.com/aid297/aid/filesystem/filesystem.go:402.9,404.4 1 0
github.com/aid297/aid/filesystem/filesystem.go:405.3,405.17 1 0
github.com/aid297/aid/filesystem/filesystem.go:405.17,407.4 1 0
github.com/aid297/aid/filesystem/filesystem.go:410.2,410.12 1 0
github.com/aid297/aid/filesystem/filesystem.go:414.62,416.15 1 0
github.com/aid297/aid/filesystem/filesystem.go:416.15,418.3 1 0
github.com/aid297/aid/filesystem/filesystem.go:421.2,421.95 1 0
github.com/aid297/aid/filesystem/filesystem.go:421.95,428.10 2 0
github.com/aid297/aid/filesystem/filesystem.go:428.10,430.4 1 0
github.com/aid297/aid/filesystem/filesystem.go:430.9,432.4 1 0
github.com/aid297/aid/filesystem/filesystem.go:434.3,434.17 1 0
github.com/aid297/aid/filesystem/filesystem.go:434.17,435.37 1 0
github.com/aid297/aid/filesystem/filesystem.go:435.37,437.5 1 0
github.com/aid297/aid/filesystem/filesystem.go:440.3,440.17 1 0
github.com/aid297/aid/filesystem/filesystem.go:440.17,442.4 1 0
github.com/aid297/aid/filesystem/filesystem.go:444.3,447.17 3 0
github.com/aid297/aid/filesystem/filesystem.go:447.17,448.74 1 0
github.com/aid297/aid/filesystem/filesystem.go:448.74,450.5 1 0
github.com/aid297/aid/filesystem/filesystem.go:453.3,453.13 1 0
github.com/aid297/aid/filesystem/filesystem.go:454.17,456.3 1 0
github.com/aid297/aid/filesystem/filesystem.go:458.2,458.12 1 0
github.com/aid297/aid/filesystem/filesystem.go:462.65,466.16 3 0
github.com/aid297/aid/filesystem/filesystem.go:466.16,468.3 1 0
github.com/aid297/aid/filesystem/filesystem.go:469.2,469.28 1 0
github.com/aid297/aid/filesystem/filesystem.go:469.28,469.48 1 0
github.com/aid297/aid/filesystem/filesystem.go:472.2,473.16 2 0
github.com/aid297/aid/filesystem/filesystem.go:473.16,475.3 1 0
github.com/aid297/aid/filesystem/filesystem.go:477.2,477.28 1 0
github.com/aid297/aid/filesystem/filesystem.go:481.66,483.2 1 0
github.com/aid297/aid/filesystem/filesystem.go:486.83,488.16 2 0
github.com/aid297/aid/filesystem/filesystem.go:488.16,490.3 1 0
github.com/aid297/aid/filesystem/filesystem.go:491.2,491.27 1 0
github.com/aid297/aid/filesystem/filesystem.go:491.27,491.46 1 0
github.com/aid297/aid/filesystem/filesystem.go:493.2,493.30 1 0
github.com/aid297/aid/filesystem/filesystem.go:497.71,501.14 3 0
github.com/aid297/aid/filesystem/filesystem.go:501.14,503.3 1 0
github.com/aid297/aid/filesystem/filesystem.go:504.2,504.28 1 0
github.com/aid297/aid/filesystem/filesystem.go:504.28,504.48 1 0
github.com/aid297/aid/filesystem/filesystem.go:507.2,508.14 2 0
github.com/aid297/aid/filesystem/filesystem.go:508.14,510.3 1 0
github.com/aid297/aid/filesystem/filesystem.go:512.2,512.28 1 0
github.com/aid297/aid/filesystem/filesystem.go:516.72,518.2 1 0
github.com/aid297/aid/filesystem/filesystem.go:521.77,524.16 3 0
github.com/aid297/aid/filesystem/filesystem.go:524.16,526.3 1 0
github.com/aid297/aid/filesystem/filesystem.go:527.2,527.27 1 0
github.com/aid297/aid/filesystem/filesystem.go:527.27,527.46 1 0
github.com/aid297/aid/filesystem/filesystem.go:529.2,530.16 2 0
github.com/aid297/aid/filesystem/filesystem.go:530.16,532.3 1 0
github.com/aid297/aid/filesystem/filesystem.go:534.2,535.16 2 0
github.com/aid297/aid/filesystem/filesystem.go:535.16,537.3 1 0
github.com/aid297/aid/filesystem/filesystem.go:539.2,539.28 1 0
github.com/aid297/aid/honestMan/errors.go:22.52,24.2 1 0
github.com/aid297/aid/honestMan/errors.go:26.52,28.2 1 0
github.com/aid297/aid/honestMan/errors.go:30.44,32.2 1 0
github.com/aid297/aid/honestMan/errors.go:34.37,34.54 1 0
github.com/aid297/aid/honestMan/errors.go:36.44,36.90 1 0
github.com/aid297/aid/honestMan/errors.go:38.53,40.2 1 0
github.com/aid297/aid/honestMan/errors.go:42.53,44.2 1 0
github.com/aid297/aid/honestMan/errors.go:46.45,48.2 1 0
github.com/aid297/aid/honestMan/errors.go:50.38,50.55 1 0
github.com/aid297/aid/honestMan/errors.go:52.45,52.92 1 0
github.com/aid297/aid/honestMan/honest_man.go:23.50,25.2 1 0
github.com/aid297/aid/honestMan/honest_man.go:27.60,29.2 1 0
github.com/aid297/aid/honestMan/honest_man.go:31.60,33.2 1 0
github.com/aid297/aid/honestMan/honest_man.go:36.36,36.53 1 0
github.com/aid297/aid/honestMan/honest_man.go:39.40,45.16 3 0
github.com/aid297/aid/honestMan/honest_man.go:45.16,48.3 2 0
github.com/aid297/aid/honestMan/honest_man.go:50.2,50.20 1 0
github.com/aid297/aid/honestMan/honest_man.go:54.40,57.31 2 0
github.com/aid297/aid/honestMan/honest_man.go:57.31,58.51 1 0
github.com/aid297/aid/honestMan/honest_man.go:63.55,66.19 3 0
github.com/aid297/aid/honestMan/honest_man.go:66.19,68.3 1 0
github.com/aid297/aid/honestMan/honest_man.go:70.2,70.40 1 0
github.com/aid297/aid/honestMan/honest_man.go:74.55,77.19 3 0
github.com/aid297/aid/honestMan/honest_man.go:77.19,79.3 1 0
github.com/aid297/aid/honestMan/honest_man.go:81.2,81.40 1 0
github.com/aid297/aid/honestMan/honest_man.go:85.55,88.16 2 0
github.com/aid297/aid/honestMan/honest_man.go:88.16,90.3 1 0
github.com/aid297/aid/honestMan/honest_man.go:92.2,92.47 1 0
github.com/aid297/aid/honestMan/honest_man.go:96.55,99.16 2 0
github.com/aid297/aid/honestMan/honest_man.go:99.16,101.3 1 0
github.com/aid297/aid/honestMan/honest_man.go:103.2,103.47 1 0
github.com/aid297/aid/httpClient/errors.go:40.60,42.2 1 0
github.com/aid297/aid/httpClient/errors.go:44.60,46.2 1 0
github.com/aid297/aid/httpClient/errors.go:48.52,50.2 1 0
github.com/aid297/aid/httpClient/errors.go:52.45,52.70 1 0
github.com/aid297/aid/httpClient/errors.go:54.52,56.2 1 0
github.com/aid297/aid/httpClient/errors.go:58.56,60.2 1 0
github.com/aid297/aid/httpClient/errors.go:62.56,64.2 1 0
github.com/aid297/aid/httpClient/errors.go:66.48,68.2 1 0
github.com/aid297/aid/httpClient/errors.go:70.41,70.66 1 0
github.com/aid297/aid/httpClient/errors.go:72.48,74.2 1 0
github.com/aid297/aid/httpClient/errors.go:76.60,78.2 1 0
github.com/aid297/aid/httpClient/errors.go:80.60,82.2 1 0
github.com/aid297/aid/httpClient/errors.go:84.52,86.2 1 0
github.com/aid297/aid/httpClient/errors.go:88.45,88.70 1 0
github.com/aid297/aid/httpClient/errors.go:90.52,92.2 1 0
github.com/aid297/aid/httpClient/errors.go:94.63,96.2 1 0
github.com/aid297/aid/httpClient/errors.go:98.63,100.2 1 0
github.com/aid297/aid/httpClient/errors.go:102.55,104.2 1 0
github.com/aid297/aid/httpClient/errors.go:106.48,106.73 1 0
github.com/aid297/aid/httpClient/errors.go:108.55,110.2 1 0
github.com/aid297/aid/httpClient/errors.go:112.60,114.2 1 0
github.com/aid297/aid/httpClient/errors.go:116.60,118.2 1 0
github.com/aid297/aid/httpClient/errors.go:120.52,122.2 1 0
github.com/aid297/aid/httpClient/errors.go:124.45,124.70 1 0
github.com/aid297/aid/httpClient/errors.go:126.52,128.2 1 0
github.com/aid297/aid/httpClient/errors.go:130.61,132.2 1 0
github.com/aid297/aid/httpClient/errors.go:134.61,136.2 1 0
github.com/aid297/aid/httpClient/errors.go:138.53,140.2 1 0
github.com/aid297/aid/httpClient/errors.go:142.46,142.71 1 0
github.com/aid297/aid/httpClient/errors.go:144.53,146.2 1 0
github.com/aid297/aid/httpClient/errors.go:148.60,150.2 1 0
github.com/aid297/aid/httpClient/errors.go:152.60,154.2 1 0
github.com/aid297/aid/httpClient/errors.go:156.52,158.2 1 0
github.com/aid297/aid/httpClient/errors.go:160.45,160.70 1 0
github.com/aid297/aid/httpClient/errors.go:162.52,164.2 1 0
github.com/aid297/aid/httpClient/errors.go:166.59,168.2 1 0
github.com/aid297/aid/httpClient/errors.go:170.59,172.2 1 0
github.com/aid297/aid/httpClient/errors.go:174.51,176.2 1 0
github.com/aid297/aid/httpClient/errors.go:178.44,178.69 1 0
github.com/aid297/aid/httpClient/errors.go:180.51,180.104 1 0
github.com/aid297/aid/httpClient/errors.go:182.58,184.2 1 0
github.com/aid297/aid/httpClient/errors.go:186.58,188.2 1 0
github.com/aid297/aid/httpClient/errors.go:190.50,192.2 1 0
github.com/aid297/aid/httpClient/errors.go:194.43,194.68 1 0
github.com/aid297/aid/httpClient/errors.go:196.50,196.102 1 0
github.com/aid297/aid/httpClient/errors.go:198.59,200.2 1 0
github.com/aid297/aid/httpClient/errors.go:202.59,204.2 1 0
github.com/aid297/aid/httpClient/errors.go:206.51,208.2 1 0
github.com/aid297/aid/httpClient/errors.go:210.44,210.69 1 0
github.com/aid297/aid/httpClient/errors.go:212.51,212.104 1 0
github.com/aid297/aid/httpClient/errors.go:214.61,216.2 1 0
github.com/aid297/aid/httpClient/errors.go:218.61,220.2 1 0
github.com/aid297/aid/httpClient/errors.go:222.53,224.2 1 0
github.com/aid297/aid/httpClient/errors.go:226.46,226.71 1 0
github.com/aid297/aid/httpClient/errors.go:228.53,230.2 1 0
github.com/aid297/aid/httpClient/http_client.go:48.54,48.83 1 0
github.com/aid297/aid/httpClient/http_client.go:49.54,49.76 1 0
github.com/aid297/aid/httpClient/http_client.go:50.54,50.77 1 0
github.com/aid297/aid/httpClient/http_client.go:51.54,51.76 1 0
github.com/aid297/aid/httpClient/http_client.go:52.54,52.79 1 0
github.com/aid297/aid/httpClient/http_client.go:57.48,59.85 1 0
github.com/aid297/aid/httpClient/http_client.go:59.85,59.110 1 0
github.com/aid297/aid/httpClient/http_client.go:59.126,59.139 1 0
github.com/aid297/aid/httpClient/http_client.go:59.155,59.173 1 0
github.com/aid297/aid/httpClient/http_client.go:76.41,78.2 1 0
github.com/aid297/aid/httpClient/http_client.go:83.42,85.2 1 0
github.com/aid297/aid/httpClient/http_client.go:90.41,92.2 1 0
github.com/aid297/aid/httpClient/http_client.go:97.44,99.2 1 0
github.com/aid297/aid/httpClient/http_client.go:102.60,109.50 4 0
github.com/aid297/aid/httpClient/http_client.go:109.50,111.3 1 0
github.com/aid297/aid/httpClient/http_client.go:113.2,113.11 1 0
github.com/aid297/aid/httpClient/http_client.go:117.58,121.80 3 0
github.com/aid297/aid/httpClient/http_client.go:121.80,121.105 1 0
github.com/aid297/aid/httpClient/http_client.go:121.121,121.134 1 0
github.com/aid297/aid/httpClient/http_client.go:121.150,121.168 1 0
github.com/aid297/aid/httpClient/http_client.go:122.2,122.11 1 0
github.com/aid297/aid/httpClient/http_client.go:126.60,132.2 4 0
github.com/aid297/aid/httpClient/http_client.go:135.75,141.2 4 0
github.com/aid297/aid/httpClient/http_client.go:144.75,148.28 3 0
github.com/aid297/aid/httpClient/http_client.go:148.28,150.3 1 0
github.com/aid297/aid/httpClient/http_client.go:152.2,152.11 1 0
github.com/aid297/aid/httpClient/http_client.go:156.73,162.2 4 0
github.com/aid297/aid/httpClient/http_client.go:165.86,171.2 4 0
github.com/aid297/aid/httpClient/http_client.go:174.56,180.2 4 0
github.com/aid297/aid/httpClient/http_client.go:183.57,189.19 5 0
github.com/aid297/aid/httpClient/http_client.go:189.19,191.3 1 0
github.com/aid297/aid/httpClient/http_client.go:193.2,193.11 1 0
github.com/aid297/aid/httpClient/http_client.go:197.56,203.19 5 0
github.com/aid297/aid/httpClient/http_client.go:203.19,205.3 1 0
github.com/aid297/aid/httpClient/http_client.go:207.2,207.11 1 0
github.com/aid297/aid/httpClient/http_client.go:211.71,217.25 5 0
github.com/aid297/aid/httpClient/http_client.go:217.25,219.3 1 0
github.com/aid297/aid/httpClient/http_client.go:220.2,222.11 2 0
github.com/aid297/aid/httpClient/http_client.go:226.101,237.20 6 0
github.com/aid297/aid/httpClient/http_client.go:237.20,238.27 1 0
github.com/aid297/aid/httpClient/http_client.go:238.27,240.16 2 0
github.com/aid297/aid/httpClient/http_client.go:240.16,243.5 2 0
github.com/aid297/aid/httpClient/http_client.go:247.2,247.20 1 0
github.com/aid297/aid/httpClient/http_client.go:247.20,248.27 1 0
github.com/aid297/aid/httpClient/http_client.go:248.27,251.16 3 0
github.com/aid297/aid/httpClient/http_client.go:251.16,254.5 2 0
github.com/aid297/aid/httpClient/http_client.go:255.4,256.16 2 0
github.com/aid297/aid/httpClient/http_client.go:256.16,259.5 2 0
github.com/aid297/aid/httpClient/http_client.go:261.4,261.20 1 0
github.com/aid297/aid/httpClient/http_client.go:265.2,267.11 2 0
github.com/aid297/aid/httpClient/http_client.go:271.61,279.2 5 0
github.com/aid297/aid/httpClient/http_client.go:282.60,290.2 5 0
github.com/aid297/aid/httpClient/http_client.go:293.59,301.2 5 0
github.com/aid297/aid/httpClient/http_client.go:304.66,312.2 5 0
github.com/aid297/aid/httpClient/http_client.go:315.78,321.19 4 0
github.com/aid297/aid/httpClient/http_client.go:321.19,324.3 2 0
github.com/aid297/aid/httpClient/http_client.go:327.2,327.47 1 0
github.com/aid297/aid/httpClient/http_client.go:327.47,329.20 2 0
github.com/aid297/aid/httpClient/http_client.go:329.20,332.4 2 0
github.com/aid297/aid/httpClient/http_client.go:333.3,333.49 1 0
github.com/aid297/aid/httpClient/http_client.go:334.8,336.20 2 0
github.com/aid297/aid/httpClient/http_client.go:336.20,339.4 2 0
github.com/aid297/aid/httpClient/http_client.go:342.2,342.11 1 0
github.com/aid297/aid/httpClient/http_client.go:346.71,358.16 6 0
github.com/aid297/aid/httpClient/http_client.go:358.16,361.3 2 0
github.com/aid297/aid/httpClient/http_client.go:362.2,362.28 1 0
github.com/aid297/aid/httpClient/http_client.go:362.28,363.38 1 0
github.com/aid297/aid/httpClient/http_client.go:363.38,365.4 1 0
github.com/aid297/aid/httpClient/http_client.go:369.2,373.24 3 0
github.com/aid297/aid/httpClient/http_client.go:373.24,375.20 2 0
github.com/aid297/aid/httpClient/http_client.go:375.20,378.4 2 0
github.com/aid297/aid/httpClient/http_client.go:379.3,379.49 1 0
github.com/aid297/aid/httpClient/http_client.go:380.8,382.17 2 0
github.com/aid297/aid/httpClient/http_client.go:382.17,385.4 2 0
github.com/aid297/aid/httpClient/http_client.go:390.2,390.11 1 0
github.com/aid297/aid/httpClient/http_client.go:393.73,399.2 4 0
github.com/aid297/aid/httpClient/http_client.go:402.61,403.38 1 0
github.com/aid297/aid/httpClient/http_client.go:403.38,405.3 1 0
github.com/aid297/aid/httpClient/http_client.go:408.80,415.2 4 0
github.com/aid297/aid/httpClient/http_client.go:418.68,421.25 2 0
github.com/aid297/aid/httpClient/http_client.go:421.25,422.37 1 0
github.com/aid297/aid/httpClient/http_client.go:422.37,424.4 1 0
github.com/aid297/aid/httpClient/http_client.go:427.2,427.49 1 0
github.com/aid297/aid/httpClient/http_client.go:427.49,429.3 1 0
[...]
github.com/aid297/aid/validator/validatorV3/check.uint.go:312.68,313.17 1 0
github.com/aid297/aid/validator/validatorV3/check.uint.go:313.17,314.39 1 0
github.com/aid297/aid/validator/validatorV3/check.uint.go:314.39,316.8 1 0
github.com/aid297/aid/validator/validatorV3/check.uint.go:317.12,318.38 1 0
github.com/aid297/aid/validator/validatorV3/check.uint.go:318.38,320.8 1 0
github.com/aid297/aid/validator/validatorV3/check.uint.go:324.4,324.51 1 0
github.com/aid297/aid/validator/validatorV3/check.uint.go:324.51,325.68 1 0
github.com/aid297/aid/validator/validatorV3/check.uint.go:325.68,326.17 1 0
github.com/aid297/aid/validator/validatorV3/check.uint.go:326.17,327.39 1 0
github.com/aid297/aid/validator/validatorV3/check.uint.go:327.39,329.8 1 0
github.com/aid297/aid/validator/validatorV3/check.uint.go:330.12,331.38 1 0
github.com/aid297/aid/validator/validatorV3/check.uint.go:331.38,333.8 1 0
github.com/aid297/aid/validator/validatorV3/check.uint.go:337.4,337.50 1 0
github.com/aid297/aid/validator/validatorV3/check.uint.go:337.50,338.55 1 0
github.com/aid297/aid/validator/validatorV3/check.uint.go:338.55,339.44 1 0
github.com/aid297/aid/validator/validatorV3/check.uint.go:339.44,341.7 1 0
github.com/aid297/aid/validator/validatorV3/check.uint.go:344.4,344.54 1 0
github.com/aid297/aid/validator/validatorV3/check.uint.go:344.54,345.64 1 0
github.com/aid297/aid/validator/validatorV3/check.uint.go:345.64,346.44 1 0
github.com/aid297/aid/validator/validatorV3/check.uint.go:346.44,348.7 1 0
github.com/aid297/aid/validator/validatorV3/check.uint.go:351.4,351.52 1 0
github.com/aid297/aid/validator/validatorV3/check.uint.go:351.52,352.62 1 0
github.com/aid297/aid/validator/validatorV3/check.uint.go:352.62,353.36 1 0
github.com/aid297/aid/validator/validatorV3/check.uint.go:353.36,355.7 1 0
github.com/aid297/aid/validator/validatorV3/check.uint.go:360.3,360.49 1 0
github.com/aid297/aid/validator/validatorV3/check.uint.go:360.49,361.76 1 0
github.com/aid297/aid/validator/validatorV3/check.uint.go:361.76,362.33 1 0
github.com/aid297/aid/validator/validatorV3/check.uint.go:362.33,363.71 1 0
github.com/aid297/aid/validator/validatorV3/check.uint.go:363.71,364.39 1 0
github.com/aid297/aid/validator/validatorV3/check.uint.go:364.39,366.8 1 0
github.com/aid297/aid/validator/validatorV3/check.uint.go:373.2,373.11 1 0
github.com/aid297/aid/validator/validatorV3/check.uint.go:377.45,389.40 2 0
github.com/aid297/aid/validator/validatorV3/check.uint.go:389.40,392.3 2 0
github.com/aid297/aid/validator/validatorV3/check.uint.go:394.2,394.52 1 0
github.com/aid297/aid/validator/validatorV3/check.uint.go:394.52,397.3 2 0
github.com/aid297/aid/validator/validatorV3/check.uint.go:399.2,399.32 1 0
github.com/aid297/aid/validator/validatorV3/check.uint.go:399.32,400.19 1 0
github.com/aid297/aid/validator/validatorV3/check.uint.go:401.27,402.51 1 0
github.com/aid297/aid/validator/validatorV3/check.uint.go:402.51,403.68 1 0
github.com/aid297/aid/validator/validatorV3/check.uint.go:403.68,404.17 1 0
github.com/aid297/aid/validator/validatorV3/check.uint.go:404.17,405.39 1 0
github.com/aid297/aid/validator/validatorV3/check.uint.go:405.39,407.8 1 0
github.com/aid297/aid/validator/validatorV3/check.uint.go:408.12,409.38 1 0
github.com/aid297/aid/validator/validatorV3/check.uint.go:409.38,411.8 1 0
github.com/aid297/aid/validator/validatorV3/check.uint.go:415.4,415.51 1 0
github.com/aid297/aid/validator/validatorV3/check.uint.go:415.51,416.68 1 0
github.com/aid297/aid/validator/validatorV3/check.uint.go:416.68,417.17 1 0
github.com/aid297/aid/validator/validatorV3/check.uint.go:417.17,418.39 1 0
github.com/aid297/aid/validator/validatorV3/check.uint.go:418.39,420.8 1 0
github.com/aid297/aid/validator/validatorV3/check.uint.go:421.12,422.38 1 0
github.com/aid297/aid/validator/validatorV3/check.uint.go:422.38,424.8 1 0
github.com/aid297/aid/validator/validatorV3/check.uint.go:428.4,428.50 1 0
github.com/aid297/aid/validator/validatorV3/check.uint.go:428.50,429.55 1 0
github.com/aid297/aid/validator/validatorV3/check.uint.go:429.55,430.44 1 0
github.com/aid297/aid/validator/validatorV3/check.uint.go:430.44,432.7 1 0
github.com/aid297/aid/validator/validatorV3/check.uint.go:435.4,435.54 1 0
github.com/aid297/aid/validator/validatorV3/check.uint.go:435.54,436.64 1 0
github.com/aid297/aid/validator/validatorV3/check.uint.go:436.64,437.44 1 0
github.com/aid297/aid/validator/validatorV3/check.uint.go:437.44,439.7 1 0
github.com/aid297/aid/validator/validatorV3/check.uint.go:442.4,442.52 1 0
github.com/aid297/aid/validator/validatorV3/check.uint.go:442.52,443.62 1 0
github.com/aid297/aid/validator/validatorV3/check.uint.go:443.62,444.36 1 0
github.com/aid297/aid/validator/validatorV3/check.uint.go:444.36,446.7 1 0
github.com/aid297/aid/validator/validatorV3/check.uint.go:451.3,451.49 1 0
github.com/aid297/aid/validator/validatorV3/check.uint.go:451.49,452.76 1 0
github.com/aid297/aid/validator/validatorV3/check.uint.go:452.76,453.33 1 0
github.com/aid297/aid/validator/validatorV3/check.uint.go:453.33,454.71 1 0
github.com/aid297/aid/validator/validatorV3/check.uint.go:454.71,455.39 1 0
github.com/aid297/aid/validator/validatorV3/check.uint.go:455.39,457.8 1 0
github.com/aid297/aid/validator/validatorV3/check.uint.go:464.2,464.11 1 0
github.com/aid297/aid/validator/validatorV3/checker.go:23.38,23.68 1 1
github.com/aid297/aid/validator/validatorV3/checker.go:25.36,25.56 1 1
github.com/aid297/aid/validator/validatorV3/checker.go:27.33,28.64 1 0
github.com/aid297/aid/validator/validatorV3/checker.go:28.64,28.105 1 0
github.com/aid297/aid/validator/validatorV3/checker.go:31.42,34.29 2 0
github.com/aid297/aid/validator/validatorV3/checker.go:34.29,36.3 1 0
github.com/aid297/aid/validator/validatorV3/checker.go:38.2,38.55 1 0
github.com/aid297/aid/validator/validatorV3/checker.go:41.55,43.30 2 1
github.com/aid297/aid/validator/validatorV3/checker.go:43.30,44.66 1 1
github.com/aid297/aid/validator/validatorV3/checker.go:44.66,46.4 1 1
github.com/aid297/aid/validator/validatorV3/checker.go:49.2,49.25 1 1
github.com/aid297/aid/validator/validatorV3/checker.go:49.25,50.31 1 1
github.com/aid297/aid/validator/validatorV3/checker.go:50.31,51.66 1 1
github.com/aid297/aid/validator/validatorV3/checker.go:51.66,53.5 1 0
github.com/aid297/aid/validator/validatorV3/checker.go:57.2,57.11 1 1
github.com/aid297/aid/validator/validatorV3/checker.go:60.69,66.44 2 0
github.com/aid297/aid/validator/validatorV3/checker.go:66.44,68.3 1 0
github.com/aid297/aid/validator/validatorV3/checker.go:70.2,70.59 1 0
github.com/aid297/aid/validator/validatorV3/checker.go:73.69,79.44 2 0
github.com/aid297/aid/validator/validatorV3/checker.go:79.44,81.3 1 0
github.com/aid297/aid/validator/validatorV3/checker.go:83.2,83.56 1 0
github.com/aid297/aid/validator/validatorV3/checker.go:86.44,87.15 1 1
github.com/aid297/aid/validator/validatorV3/checker.go:87.15,89.3 1 0
github.com/aid297/aid/validator/validatorV3/checker.go:90.2,91.31 2 1
github.com/aid297/aid/validator/validatorV3/checker.go:91.31,93.3 1 0
github.com/aid297/aid/validator/validatorV3/checker.go:94.2,95.40 2 1
github.com/aid297/aid/validator/validatorV3/checker.go:95.40,97.3 1 0
github.com/aid297/aid/validator/validatorV3/checker.go:99.2,101.17 3 1
github.com/aid297/aid/validator/validatorV3/checker.go:101.17,103.3 1 0
github.com/aid297/aid/validator/validatorV3/checker.go:103.8,106.39 2 1
github.com/aid297/aid/validator/validatorV3/checker.go:106.39,108.79 1 0
github.com/aid297/aid/validator/validatorV3/checker.go:108.79,112.5 3 0
github.com/aid297/aid/validator/validatorV3/checker.go:112.10,112.81 1 0
github.com/aid297/aid/validator/validatorV3/checker.go:112.81,115.5 1 0
github.com/aid297/aid/validator/validatorV3/checker.go:115.10,115.69 1 0
github.com/aid297/aid/validator/validatorV3/checker.go:115.69,118.5 1 0
github.com/aid297/aid/validator/validatorV3/checker.go:118.10,121.5 1 0
github.com/aid297/aid/validator/validatorV3/checker.go:125.2,126.20 2 1
github.com/aid297/aid/validator/validatorV3/checker.go:126.20,128.3 1 0
github.com/aid297/aid/validator/validatorV3/checker.go:129.2,130.19 2 1
github.com/aid297/aid/validator/validatorV3/checker.go:130.19,132.3 1 1
github.com/aid297/aid/validator/validatorV3/checker.go:133.2,134.40 2 0
github.com/aid297/aid/validator/validatorV3/checker.go:134.40,136.3 1 0
github.com/aid297/aid/validator/validatorV3/checker.go:137.2,137.34 1 0
github.com/aid297/aid/validator/validatorV3/checker.go:140.64,146.29 4 1
github.com/aid297/aid/validator/validatorV3/checker.go:146.29,149.3 2 1
github.com/aid297/aid/validator/validatorV3/checker.go:151.2,151.32 1 1
github.com/aid297/aid/validator/validatorV3/checker.go:151.32,152.37 1 1
github.com/aid297/aid/validator/validatorV3/checker.go:152.37,160.22 5 1
github.com/aid297/aid/validator/validatorV3/checker.go:160.22,162.5 1 1
github.com/aid297/aid/validator/validatorV3/checker.go:164.4,164.41 1 1
github.com/aid297/aid/validator/validatorV3/checker.go:164.41,165.13 1 0
github.com/aid297/aid/validator/validatorV3/checker.go:168.4,174.13 5 1
github.com/aid297/aid/validator/validatorV3/checker.go:174.13,177.5 2 1
github.com/aid297/aid/validator/validatorV3/checker.go:177.10,180.5 2 1
github.com/aid297/aid/validator/validatorV3/checker.go:182.4,184.23 2 1
github.com/aid297/aid/validator/validatorV3/checker.go:184.23,187.5 2 1
github.com/aid297/aid/validator/validatorV3/checker.go:187.10,187.21 1 1
github.com/aid297/aid/validator/validatorV3/checker.go:187.21,189.5 1 1
github.com/aid297/aid/validator/validatorV3/checker.go:193.4,193.34 1 1
github.com/aid297/aid/validator/validatorV3/checker.go:193.34,195.23 2 0
github.com/aid297/aid/validator/validatorV3/checker.go:195.23,197.6 1 0
github.com/aid297/aid/validator/validatorV3/checker.go:197.11,199.6 1 0
github.com/aid297/aid/validator/validatorV3/checker.go:200.5,201.13 2 0
github.com/aid297/aid/validator/validatorV3/checker.go:204.4,216.6 3 1
github.com/aid297/aid/validator/validatorV3/checker.go:220.2,220.14 1 1
github.com/aid297/aid/validator/validatorV3/field_info.go:33.38,33.58 1 1
github.com/aid297/aid/validator/validatorV3/field_info.go:35.38,35.80 1 1
github.com/aid297/aid/validator/validatorV3/field_info.go:37.88,39.20 1 1
github.com/aid297/aid/validator/validatorV3/field_info.go:39.20,39.45 1 0
github.com/aid297/aid/validator/validatorV3/field_info.go:40.2,40.20 1 1
github.com/aid297/aid/validator/validatorV3/field_info.go:40.20,40.47 1 0
github.com/aid297/aid/validator/validatorV3/field_info.go:41.2,41.20 1 1
github.com/aid297/aid/validator/validatorV3/field_info.go:41.20,41.43 1 0
github.com/aid297/aid/validator/validatorV3/field_info.go:42.2,42.20 1 1
github.com/aid297/aid/validator/validatorV3/field_info.go:42.20,42.43 1 0
github.com/aid297/aid/validator/validatorV3/field_info.go:43.2,43.20 1 1
github.com/aid297/aid/validator/validatorV3/field_info.go:43.20,43.42 1 0
github.com/aid297/aid/validator/validatorV3/field_info.go:44.2,44.20 1 1
github.com/aid297/aid/validator/validatorV3/field_info.go:44.20,44.43 1 0
github.com/aid297/aid/validator/validatorV3/field_info.go:45.2,45.20 1 1
github.com/aid297/aid/validator/validatorV3/field_info.go:45.20,45.44 1 0
github.com/aid297/aid/validator/validatorV3/field_info.go:46.2,46.20 1 1
github.com/aid297/aid/validator/validatorV3/field_info.go:46.20,46.44 1 0
github.com/aid297/aid/validator/validatorV3/field_info.go:47.2,47.20 1 1
github.com/aid297/aid/validator/validatorV3/field_info.go:47.20,47.44 1 0
github.com/aid297/aid/validator/validatorV3/field_info.go:48.2,48.20 1 1
github.com/aid297/aid/validator/validatorV3/field_info.go:48.20,48.43 1 0
github.com/aid297/aid/validator/validatorV3/field_info.go:49.2,49.20 1 1
github.com/aid297/aid/validator/validatorV3/field_info.go:49.20,49.44 1 0
github.com/aid297/aid/validator/validatorV3/field_info.go:50.2,50.20 1 1
github.com/aid297/aid/validator/validatorV3/field_info.go:50.20,50.45 1 0
github.com/aid297/aid/validator/validatorV3/field_info.go:51.2,51.20 1 1
github.com/aid297/aid/validator/validatorV3/field_info.go:51.20,51.45 1 0
github.com/aid297/aid/validator/validatorV3/field_info.go:52.2,52.20 1 1
github.com/aid297/aid/validator/validatorV3/field_info.go:52.20,52.45 1 0
github.com/aid297/aid/validator/validatorV3/field_info.go:53.2,53.20 1 1
github.com/aid297/aid/validator/validatorV3/field_info.go:53.20,53.43 1 0
github.com/aid297/aid/validator/validatorV3/field_info.go:54.2,54.20 1 1
github.com/aid297/aid/validator/validatorV3/field_info.go:54.20,54.46 1 0
github.com/aid297/aid/validator/validatorV3/field_info.go:55.2,55.20 1 1
github.com/aid297/aid/validator/validatorV3/field_info.go:55.20,55.46 1 0
github.com/aid297/aid/validator/validatorV3/field_info.go:56.2,56.20 1 1
github.com/aid297/aid/validator/validatorV3/field_info.go:56.20,56.44 1 0
github.com/aid297/aid/validator/validatorV3/field_info.go:57.2,57.20 1 1
github.com/aid297/aid/validator/validatorV3/field_info.go:57.20,57.45 1 0
github.com/aid297/aid/validator/validatorV3/field_info.go:59.2,59.8 1 1
github.com/aid297/aid/validator/validatorV3/field_info.go:62.62,62.93 1 1
github.com/aid297/aid/validator/validatorV3/field_info.go:64.45,70.53 2 0
github.com/aid297/aid/validator/validatorV3/field_info.go:70.53,72.3 1 0
github.com/aid297/aid/validator/validatorV3/field_info.go:74.2,74.12 1 0
github.com/aid297/aid/validator/validatorV3/field_info.go:77.46,83.53 2 0
github.com/aid297/aid/validator/validatorV3/field_info.go:83.53,86.3 2 0
github.com/aid297/aid/validator/validatorV3/field_info.go:88.2,88.8 1 0
github.com/aid297/aid/validator/validatorV3/field_info.go:91.52,97.53 2 0
github.com/aid297/aid/validator/validatorV3/field_info.go:97.53,100.3 2 0
github.com/aid297/aid/validator/validatorV3/field_info.go:102.2,102.8 1 0
github.com/aid297/aid/validator/validatorV3/field_info.go:105.59,111.54 2 0
github.com/aid297/aid/validator/validatorV3/field_info.go:111.54,115.3 3 0
github.com/aid297/aid/validator/validatorV3/field_info.go:116.2,116.53 1 0
github.com/aid297/aid/validator/validatorV3/field_info.go:116.53,119.3 2 0
github.com/aid297/aid/validator/validatorV3/field_info.go:121.2,121.8 1 0
github.com/aid297/aid/validator/validatorV3/field_info.go:124.59,130.54 2 0
github.com/aid297/aid/validator/validatorV3/field_info.go:130.54,134.3 3 0
github.com/aid297/aid/validator/validatorV3/field_info.go:135.2,135.53 1 0
github.com/aid297/aid/validator/validatorV3/field_info.go:135.53,138.3 2 0
github.com/aid297/aid/validator/validatorV3/field_info.go:140.2,140.19 1 0
github.com/aid297/aid/validator/validatorV3/field_info.go:143.65,149.54 2 0
github.com/aid297/aid/validator/validatorV3/field_info.go:149.54,153.3 3 0
github.com/aid297/aid/validator/validatorV3/field_info.go:154.2,154.53 1 0
github.com/aid297/aid/validator/validatorV3/field_info.go:154.53,157.3 2 0
github.com/aid297/aid/validator/validatorV3/field_info.go:159.2,159.8 1 0
github.com/aid297/aid/validator/validatorV3/field_info.go:162.65,168.54 2 0
github.com/aid297/aid/validator/validatorV3/field_info.go:168.54,172.3 3 0
github.com/aid297/aid/validator/validatorV3/field_info.go:173.2,173.53 1 0
github.com/aid297/aid/validator/validatorV3/field_info.go:173.53,176.3 2 0
github.com/aid297/aid/validator/validatorV3/field_info.go:178.2,178.19 1 0
github.com/aid297/aid/validator/validatorV3/field_info.go:181.43,186.52 2 0
github.com/aid297/aid/validator/validatorV3/field_info.go:186.52,189.3 2 0
github.com/aid297/aid/validator/validatorV3/field_info.go:191.2,191.11 1 0
github.com/aid297/aid/validator/validatorV3/field_info.go:194.49,199.56 2 0
github.com/aid297/aid/validator/validatorV3/field_info.go:199.56,202.3 2 0
github.com/aid297/aid/validator/validatorV3/field_info.go:204.2,204.14 1 0
github.com/aid297/aid/validator/validatorV3/field_info.go:207.39,208.17 1 1
github.com/aid297/aid/validator/validatorV3/field_info.go:209.22,210.26 1 1
github.com/aid297/aid/validator/validatorV3/field_info.go:211.19,212.23 1 1
github.com/aid297/aid/validator/validatorV3/field_info.go:213.20,214.24 1 1
github.com/aid297/aid/validator/validatorV3/field_info.go:215.21,216.25 1 0
github.com/aid297/aid/validator/validatorV3/field_info.go:217.21,218.25 1 0
github.com/aid297/aid/validator/validatorV3/field_info.go:219.21,220.25 1 0
github.com/aid297/aid/validator/validatorV3/field_info.go:221.20,222.24 1 0
github.com/aid297/aid/validator/validatorV3/field_info.go:223.21,224.25 1 0
github.com/aid297/aid/validator/validatorV3/field_info.go:225.22,226.26 1 0
github.com/aid297/aid/validator/validatorV3/field_info.go:227.22,228.26 1 0
github.com/aid297/aid/validator/validatorV3/field_info.go:229.22,230.26 1 0
github.com/aid297/aid/validator/validatorV3/field_info.go:231.23,232.27 1 0
github.com/aid297/aid/validator/validatorV3/field_info.go:233.23,234.27 1 0
github.com/aid297/aid/validator/validatorV3/field_info.go:235.20,236.24 1 0
github.com/aid297/aid/validator/validatorV3/field_info.go:237.36,238.25 1 0
github.com/aid297/aid/validator/validatorV3/field_info.go:239.22,240.45 1 0
github.com/aid297/aid/validator/validatorV3/field_info.go:240.45,242.4 1 0
github.com/aid297/aid/validator/validatorV3/field_info.go:243.3,243.12 1 0
github.com/aid297/aid/validator/validatorV3/field_info.go:244.10,245.12 1 0
github.com/aid297/aid/validator/validatorV3/validator.go:14.36,15.28 1 1
github.com/aid297/aid/validator/validatorV3/validator.go:15.28,15.105 1 1
github.com/aid297/aid/validator/validatorV3/validator.go:16.2,16.23 1 1
github.com/aid297/aid/validator/validatorV3/validator.go:19.81,22.2 2 0
github.com/aid297/aid/validator/validatorV3/validator.go:24.61,24.96 1 0
github.com/aid297/aid/validator/validatorV3/validator.go:26.45,26.75 1 1
github.com/aid297/aid/retry/retry.go:15.45,18.2 2 1
github.com/aid297/aid/retry/retry.go:20.48,21.20 1 1
github.com/aid297/aid/retry/retry.go:21.20,22.26 1 1
github.com/aid297/aid/retry/retry.go:22.26,24.4 1 1
github.com/aid297/aid/retry/retry.go:27.2,27.11 1 1
github.com/aid297/aid/retry/retry.go:31.44,32.18 1 0
github.com/aid297/aid/retry/retry.go:32.18,34.3 1 0
github.com/aid297/aid/retry/retry.go:36.2,36.32 1 0
github.com/aid297/aid/retry/retry.go:36.32,37.31 1 0
github.com/aid297/aid/retry/retry.go:37.31,40.4 2 0
github.com/aid297/aid/retry/retry.go:41.3,41.13 1 0
github.com/aid297/aid/retry/retry.go:44.2,44.12 1 0
github.com/aid297/aid/retry/retry.go:48.40,49.18 1 1
github.com/aid297/aid/retry/retry.go:49.18,51.3 1 0
github.com/aid297/aid/retry/retry.go:53.2,53.32 1 1
github.com/aid297/aid/retry/retry.go:53.32,54.31 1 1
github.com/aid297/aid/retry/retry.go:54.31,57.4 2 1
github.com/aid297/aid/retry/retry.go:58.3,58.13 1 1
github.com/aid297/aid/retry/retry.go:61.2,61.12 1 0
github.com/aid297/aid/retry/retry.go:65.49,66.18 1 1
github.com/aid297/aid/retry/retry.go:66.18,68.3 1 0
github.com/aid297/aid/retry/retry.go:70.2,70.32 1 1
github.com/aid297/aid/retry/retry.go:70.32,71.31 1 1
github.com/aid297/aid/retry/retry.go:71.31,72.11 1 1
github.com/aid297/aid/retry/retry.go:73.32,74.61 1 1
github.com/aid297/aid/retry/retry.go:75.25,76.24 1 1
github.com/aid297/aid/retry/retry.go:79.3,79.13 1 0
github.com/aid297/aid/retry/retry.go:82.2,82.12 1 0
github.com/aid297/aid/retry/retry.go:85.58,86.18 1 1
github.com/aid297/aid/retry/retry.go:86.18,88.3 1 0
github.com/aid297/aid/retry/retry.go:90.2,90.32 1 1
github.com/aid297/aid/retry/retry.go:90.32,91.31 1 1
github.com/aid297/aid/retry/retry.go:91.31,96.11 3 1
github.com/aid297/aid/retry/retry.go:97.32,98.70 1 1
github.com/aid297/aid/retry/retry.go:99.25,100.24 1 1
github.com/aid297/aid/retry/retry.go:103.3,103.13 1 0
github.com/aid297/aid/retry/retry.go:106.2,106.12 1 0
github.com/aid297/aid/retry/retry_attribute.go:18.43,18.77 1 1
github.com/aid297/aid/retry/retry_attribute.go:20.44,20.70 1 1
github.com/aid297/aid/retry/retry_attribute.go:22.33,22.58 1 1
github.com/aid297/aid/retry/retry_attribute.go:24.41,24.61 1 1
github.com/aid297/aid/retry/retry_attribute.go:26.47,26.79 1 1
github.com/aid297/aid/retry/retry_attribute.go:28.46,28.68 1 1
