mode: set
github.com/aid297/aid/filesystem/filesystemV3/dir.attr.go:17.52,17.80 1 1
github.com/aid297/aid/filesystem/filesystemV3/dir.attr.go:18.56,21.2 2 0
github.com/aid297/aid/filesystem/filesystemV3/dir.attr.go:22.42,24.36 1 1
github.com/aid297/aid/filesystem/filesystemV3/dir.attr.go:24.36,24.85 1 1
github.com/aid297/aid/filesystem/filesystemV3/dir.attr.go:25.37,25.73 1 1
github.com/aid297/aid/filesystem/filesystemV3/dir.attr.go:29.50,29.87 1 0
github.com/aid297/aid/filesystem/filesystemV3/dir.attr.go:30.50,30.87 1 1
github.com/aid297/aid/filesystem/filesystemV3/dir.attr.go:31.50,31.86 1 1
github.com/aid297/aid/filesystem/filesystemV3/dir.attr.go:32.50,32.74 1 1
github.com/aid297/aid/filesystem/filesystemV3/dir.go:29.42,31.2 1 1
github.com/aid297/aid/filesystem/filesystemV3/dir.go:34.45,36.2 1 1
github.com/aid297/aid/filesystem/filesystemV3/dir.go:39.45,41.2 1 1
github.com/aid297/aid/filesystem/filesystemV3/dir.go:44.46,46.2 1 0
github.com/aid297/aid/filesystem/filesystemV3/dir.go:49.46,51.2 1 0
github.com/aid297/aid/filesystem/filesystemV3/dir.go:54.46,56.2 1 0
github.com/aid297/aid/filesystem/filesystemV3/dir.go:59.54,63.2 3 0
github.com/aid297/aid/filesystem/filesystemV3/dir.go:66.54,67.25 1 1
github.com/aid297/aid/filesystem/filesystemV3/dir.go:67.25,69.3 1 1
github.com/aid297/aid/filesystem/filesystemV3/dir.go:70.2,70.11 1 1
github.com/aid297/aid/filesystem/filesystemV3/dir.go:74.28,77.2 2 0
github.com/aid297/aid/filesystem/filesystemV3/dir.go:80.30,83.2 2 0
github.com/aid297/aid/filesystem/filesystemV3/dir.go:86.29,89.2 2 0
github.com/aid297/aid/filesystem/filesystemV3/dir.go:92.31,95.2 2 0
github.com/aid297/aid/filesystem/filesystemV3/dir.go:98.31,100.23 2 1
github.com/aid297/aid/filesystem/filesystemV3/dir.go:100.23,101.54 1 1
github.com/aid297/aid/filesystem/filesystemV3/dir.go:101.54,102.26 1 1
github.com/aid297/aid/filesystem/filesystemV3/dir.go:102.26,110.5 7 1
github.com/aid297/aid/filesystem/filesystemV3/dir.go:110.10,113.5 2 0
github.com/aid297/aid/filesystem/filesystemV3/dir.go:116.3,121.17 6 1
github.com/aid297/aid/filesystem/filesystemV3/dir.go:122.8,125.3 2 0
github.com/aid297/aid/filesystem/filesystemV3/dir.go:127.2,127.11 1 1
github.com/aid297/aid/filesystem/filesystemV3/dir.go:131.42,133.2 1 1
github.com/aid297/aid/filesystem/filesystemV3/dir.go:136.61,142.23 2 1
github.com/aid297/aid/filesystem/filesystemV3/dir.go:142.23,145.3 2 0
github.com/aid297/aid/filesystem/filesystemV3/dir.go:147.2,147.97 1 1
github.com/aid297/aid/filesystem/filesystemV3/dir.go:147.97,147.125 1 1
github.com/aid297/aid/filesystem/filesystemV3/dir.go:147.219,150.3 2 0
github.com/aid297/aid/filesystem/filesystemV3/dir.go:152.2,152.21 1 1
github.com/aid297/aid/filesystem/filesystemV3/dir.go:156.44,159.23 2 1
github.com/aid297/aid/filesystem/filesystemV3/dir.go:159.23,162.3 2 0
github.com/aid297/aid/filesystem/filesystemV3/dir.go:164.2,165.55 2 1
github.com/aid297/aid/filesystem/filesystemV3/dir.go:165.55,168.3 2 0
github.com/aid297/aid/filesystem/filesystemV3/dir.go:170.2,170.49 1 1
github.com/aid297/aid/filesystem/filesystemV3/dir.go:174.30,177.23 2 1
github.com/aid297/aid/filesystem/filesystemV3/dir.go:177.23,180.3 2 0
github.com/aid297/aid/filesystem/filesystemV3/dir.go:182.2,182.46 1 1
github.com/aid297/aid/filesystem/filesystemV3/dir.go:182.46,185.3 2 0
github.com/aid297/aid/filesystem/filesystemV3/dir.go:187.2,187.21 1 1
github.com/aid297/aid/filesystem/filesystemV3/dir.go:191.33,194.23 2 1
github.com/aid297/aid/filesystem/filesystemV3/dir.go:194.23,197.3 2 0
github.com/aid297/aid/filesystem/filesystemV3/dir.go:199.2,199.49 1 1
github.com/aid297/aid/filesystem/filesystemV3/dir.go:199.49,202.3 2 0
github.com/aid297/aid/filesystem/filesystemV3/dir.go:204.2,204.21 1 1
github.com/aid297/aid/filesystem/filesystemV3/dir.go:208.26,214.23 2 1
github.com/aid297/aid/filesystem/filesystemV3/dir.go:214.23,217.3 2 0
github.com/aid297/aid/filesystem/filesystemV3/dir.go:219.2,219.56 1 1
github.com/aid297/aid/filesystem/filesystemV3/dir.go:219.56,222.3 2 0
github.com/aid297/aid/filesystem/filesystemV3/dir.go:224.2,224.32 1 1
github.com/aid297/aid/filesystem/filesystemV3/dir.go:224.32,225.20 1 1
github.com/aid297/aid/filesystem/filesystemV3/dir.go:225.20,228.4 2 1
github.com/aid297/aid/filesystem/filesystemV3/dir.go:228.9,230.4 1 0
github.com/aid297/aid/filesystem/filesystemV3/dir.go:233.2,233.11 1 1
github.com/aid297/aid/filesystem/filesystemV3/dir.go:237.65,243.23 2 0
github.com/aid297/aid/filesystem/filesystemV3/dir.go:243.23,246.3 2 0
github.com/aid297/aid/filesystem/filesystemV3/dir.go:248.2,248.15 1 0
github.com/aid297/aid/filesystem/filesystemV3/dir.go:248.15,251.3 2 0
github.com/aid297/aid/filesystem/filesystemV3/dir.go:253.2,253.26 1 0
github.com/aid297/aid/filesystem/filesystemV3/dir.go:253.26,255.3 1 0
github.com/aid297/aid/filesystem/filesystemV3/dir.go:257.2,257.124 1 0
github.com/aid297/aid/filesystem/filesystemV3/dir.go:257.124,260.3 2 0
github.com/aid297/aid/filesystem/filesystemV3/dir.go:262.2,262.28 1 0
github.com/aid297/aid/filesystem/filesystemV3/dir.go:262.28,263.71 1 0
github.com/aid297/aid/filesystem/filesystemV3/dir.go:263.71,266.4 2 0
github.com/aid297/aid/filesystem/filesystemV3/dir.go:269.2,269.11 1 0
github.com/aid297/aid/filesystem/filesystemV3/dir.go:273.64,276.23 2 1
github.com/aid297/aid/filesystem/filesystemV3/dir.go:276.23,279.3 2 0
github.com/aid297/aid/filesystem/filesystemV3/dir.go:281.2,281.15 1 1
github.com/aid297/aid/filesystem/filesystemV3/dir.go:281.15,284.3 2 0
github.com/aid297/aid/filesystem/filesystemV3/dir.go:286.2,286.26 1 1
github.com/aid297/aid/filesystem/filesystemV3/dir.go:286.26,288.3 1 0
github.com/aid297/aid/filesystem/filesystemV3/dir.go:290.2,290.99 1 1
github.com/aid297/aid/filesystem/filesystemV3/dir.go:290.99,293.3 2 0
github.com/aid297/aid/filesystem/filesystemV3/dir.go:295.2,295.22 1 1
github.com/aid297/aid/filesystem/filesystemV3/dir.go:295.22,297.3 1 1
github.com/aid297/aid/filesystem/filesystemV3/dir.go:299.2,299.11 1 1
github.com/aid297/aid/filesystem/filesystemV3/dir.go:303.63,306.23 2 1
github.com/aid297/aid/filesystem/filesystemV3/dir.go:306.23,309.3 2 0
github.com/aid297/aid/filesystem/filesystemV3/dir.go:311.2,311.15 1 1
github.com/aid297/aid/filesystem/filesystemV3/dir.go:311.15,314.3 2 0
github.com/aid297/aid/filesystem/filesystemV3/dir.go:316.2,316.26 1 1
github.com/aid297/aid/filesystem/filesystemV3/dir.go:316.26,318.3 1 0
github.com/aid297/aid/filesystem/filesystemV3/dir.go:320.2,320.93 1 1
github.com/aid297/aid/filesystem/filesystemV3/dir.go:320.93,322.3 1 0
github.com/aid297/aid/filesystem/filesystemV3/dir.go:328.2,328.22 1 1
github.com/aid297/aid/filesystem/filesystemV3/dir.go:328.22,331.3 1 1
github.com/aid297/aid/filesystem/filesystemV3/dir.go:333.2,333.11 1 1
github.com/aid297/aid/filesystem/filesystemV3/dir.go:337.28,337.83 1 0
github.com/aid297/aid/filesystem/filesystemV3/dir.go:340.26,342.2 1 1
github.com/aid297/aid/filesystem/filesystemV3/file.attr.go:17.54,17.83 1 1
github.com/aid297/aid/filesystem/filesystemV3/file.attr.go:18.58,21.2 2 0
github.com/aid297/aid/filesystem/filesystemV3/file.attr.go:22.45,24.36 1 1
github.com/aid297/aid/filesystem/filesystemV3/file.attr.go:24.36,24.85 1 1
github.com/aid297/aid/filesystem/filesystemV3/file.attr.go:25.37,25.73 1 1
github.com/aid297/aid/filesystem/filesystemV3/file.attr.go:29.55,29.93 1 1
github.com/aid297/aid/filesystem/filesystemV3/file.attr.go:30.55,30.93 1 1
github.com/aid297/aid/filesystem/filesystemV3/file.attr.go:31.55,31.92 1 1
github.com/aid297/aid/filesystem/filesystemV3/file.attr.go:32.55,32.79 1 1
github.com/aid297/aid/filesystem/filesystemV3/file.go:36.45,38.2 1 1
github.com/aid297/aid/filesystem/filesystemV3/file.go:41.48,43.2 1 0
github.com/aid297/aid/filesystem/filesystemV3/file.go:46.48,48.2 1 1
github.com/aid297/aid/filesystem/filesystemV3/file.go:51.49,53.2 1 0
github.com/aid297/aid/filesystem/filesystemV3/file.go:56.49,58.2 1 0
github.com/aid297/aid/filesystem/filesystemV3/file.go:61.49,63.2 1 0
github.com/aid297/aid/filesystem/filesystemV3/file.go:66.57,70.2 3 0
github.com/aid297/aid/filesystem/filesystemV3/file.go:73.57,74.25 1 1
github.com/aid297/aid/filesystem/filesystemV3/file.go:74.25,76.3 1 1
github.com/aid297/aid/filesystem/filesystemV3/file.go:77.2,77.11 1 1
github.com/aid297/aid/filesystem/filesystemV3/file.go:81.33,84.23 2 1
github.com/aid297/aid/filesystem/filesystemV3/file.go:84.23,85.58 1 1
github.com/aid297/aid/filesystem/filesystemV3/file.go:85.58,86.26 1 1
github.com/aid297/aid/filesystem/filesystemV3/file.go:86.26,95.5 8 1
github.com/aid297/aid/filesystem/filesystemV3/file.go:95.10,98.5 2 0
github.com/aid297/aid/filesystem/filesystemV3/file.go:101.3,106.17 6 1
github.com/aid297/aid/filesystem/filesystemV3/file.go:107.8,110.3 2 0
github.com/aid297/aid/filesystem/filesystemV3/file.go:112.2,112.11 1 1
github.com/aid297/aid/filesystem/filesystemV3/file.go:116.30,119.2 2 0
github.com/aid297/aid/filesystem/filesystemV3/file.go:122.32,125.2 2 0
github.com/aid297/aid/filesystem/filesystemV3/file.go:128.31,131.2 2 0
github.com/aid297/aid/filesystem/filesystemV3/file.go:134.33,137.2 2 0
github.com/aid297/aid/filesystem/filesystemV3/file.go:140.44,142.2 1 0
github.com/aid297/aid/filesystem/filesystemV3/file.go:145.64,146.69 1 0
github.com/aid297/aid/filesystem/filesystemV3/file.go:146.69,147.44 1 0
github.com/aid297/aid/filesystem/filesystemV3/file.go:147.44,149.4 1 0
github.com/aid297/aid/filesystem/filesystemV3/file.go:152.2,154.12 2 0
github.com/aid297/aid/filesystem/filesystemV3/file.go:158.79,165.69 2 1
github.com/aid297/aid/filesystem/filesystemV3/file.go:165.69,166.44 1 0
github.com/aid297/aid/filesystem/filesystemV3/file.go:166.44,168.4 1 0
github.com/aid297/aid/filesystem/filesystemV3/file.go:171.2,175.16 1 1
github.com/aid297/aid/filesystem/filesystemV3/file.go:175.16,178.3 2 0
github.com/aid297/aid/filesystem/filesystemV3/file.go:179.2,179.15 1 1
github.com/aid297/aid/filesystem/filesystemV3/file.go:179.15,179.35 1 1
github.com/aid297/aid/filesystem/filesystemV3/file.go:181.2,181.46 1 1
github.com/aid297/aid/filesystem/filesystemV3/file.go:181.46,184.3 2 0
github.com/aid297/aid/filesystem/filesystemV3/file.go:186.2,186.21 1 1
github.com/aid297/aid/filesystem/filesystemV3/file.go:190.46,196.64 2 1
github.com/aid297/aid/filesystem/filesystemV3/file.go:196.64,199.3 2 0
github.com/aid297/aid/filesystem/filesystemV3/file.go:201.2,201.26 1 1
github.com/aid297/aid/filesystem/filesystemV3/file.go:205.32,208.23 2 1
github.com/aid297/aid/filesystem/filesystemV3/file.go:208.23,211.3 2 0
github.com/aid297/aid/filesystem/filesystemV3/file.go:213.2,213.46 1 1
github.com/aid297/aid/filesystem/filesystemV3/file.go:213.46,216.3 2 0
github.com/aid297/aid/filesystem/filesystemV3/file.go:218.2,218.21 1 1
github.com/aid297/aid/filesystem/filesystemV3/file.go:222.72,232.56 2 1
github.com/aid297/aid/filesystem/filesystemV3/file.go:232.56,232.89 1 0
github.com/aid297/aid/filesystem/filesystemV3/file.go:232.123,232.149 1 1
github.com/aid297/aid/filesystem/filesystemV3/file.go:233.64,233.97 1 0
github.com/aid297/aid/filesystem/filesystemV3/file.go:233.139,233.167 1 1
github.com/aid297/aid/filesystem/filesystemV3/file.go:234.16,236.3 1 0
github.com/aid297/aid/filesystem/filesystemV3/file.go:237.2,237.15 1 1
github.com/aid297/aid/filesystem/filesystemV3/file.go:237.15,237.35 1 1
github.com/aid297/aid/filesystem/filesystemV3/file.go:238.2,238.49 1 1
github.com/aid297/aid/filesystem/filesystemV3/file.go:238.49,240.3 1 0
github.com/aid297/aid/filesystem/filesystemV3/file.go:242.2,242.21 1 1
github.com/aid297/aid/filesystem/filesystemV3/file.go:246.62,247.23 1 1
github.com/aid297/aid/filesystem/filesystemV3/file.go:247.23,250.3 2 0
github.com/aid297/aid/filesystem/filesystemV3/file.go:252.2,252.15 1 1
github.com/aid297/aid/filesystem/filesystemV3/file.go:252.15,255.3 2 0
github.com/aid297/aid/filesystem/filesystemV3/file.go:257.2,263.188 5 1
github.com/aid297/aid/filesystem/filesystemV3/file.go:263.188,265.3 1 0
github.com/aid297/aid/filesystem/filesystemV3/file.go:267.2,270.11 3 1
github.com/aid297/aid/filesystem/filesystemV3/file.go:274.30,274.87 1 0
github.com/aid297/aid/filesystem/filesystemV3/operation.go:11.81,12.25 1 1
github.com/aid297/aid/filesystem/filesystemV3/operation.go:12.25,14.3 1 1
github.com/aid297/aid/filesystem/filesystemV3/operation.go:16.2,16.11 1 1
github.com/aid297/aid/filesystem/filesystemV3/operation.go:26.49,26.83 1 0
github.com/aid297/aid/filesystem/filesystemV3/operation.go:27.49,27.72 1 0
github.com/aid297/aid/filesystem/filesystemV3/operation.go:29.55,29.89 1 1
github.com/aid297/aid/filesystem/filesystemV3/operation.go:30.55,30.78 1 1
github.com/aid297/aid/filesystem/filesystemV3/operation.go:38.84,39.25 1 1
github.com/aid297/aid/filesystem/filesystemV3/operation.go:39.25,41.3 1 0
github.com/aid297/aid/filesystem/filesystemV3/operation.go:43.2,43.11 1 1
github.com/aid297/aid/filesystem/filesystemV3/operation.go:53.51,53.86 1 0
github.com/aid297/aid/filesystem/filesystemV3/operation.go:54.51,54.75 1 0
github.com/aid297/aid/filesystem/filesystemV3/operation.go:56.51,56.86 1 0
github.com/aid297/aid/filesystem/filesystemV3/operation.go:57.51,57.75 1 0
github.com/aid297/aid/filesystem/filesystemV3/utils.go:10.37,14.2 2 1
github.com/aid297/aid/filesystem/filesystemV3/utils.go:16.40,19.16 2 1
github.com/aid297/aid/filesystem/filesystemV3/utils.go:19.16,21.3 1 0
github.com/aid297/aid/filesystem/filesystemV3/utils.go:22.2,26.16 3 1
github.com/aid297/aid/filesystem/filesystemV3/utils.go:26.16,28.3 1 0
github.com/aid297/aid/filesystem/filesystemV3/utils.go:31.2,32.16 2 1
github.com/aid297/aid/filesystem/filesystemV3/utils.go:32.16,34.3 1 0
github.com/aid297/aid/filesystem/filesystemV3/utils.go:35.2,39.16 3 1
github.com/aid297/aid/filesystem/filesystemV3/utils.go:39.16,41.3 1 0
github.com/aid297/aid/filesystem/filesystemV3/utils.go:43.2,43.12 1 1
github.com/aid297/aid/filesystem/filesystemV3/utils.go:46.39,49.16 2 1
github.com/aid297/aid/filesystem/filesystemV3/utils.go:49.16,51.3 1 0
github.com/aid297/aid/filesystem/filesystemV3/utils.go:54.2,54.22 1 1
github.com/aid297/aid/filesystem/filesystemV3/utils.go:54.22,56.3 1 0
github.com/aid297/aid/filesystem/filesystemV3/utils.go:59.2,59.57 1 1
github.com/aid297/aid/filesystem/filesystemV3/utils.go:59.57,61.3 1 0
github.com/aid297/aid/filesystem/filesystemV3/utils.go:64.2,65.16 2 1
github.com/aid297/aid/filesystem/filesystemV3/utils.go:65.16,67.3 1 0
github.com/aid297/aid/filesystem/filesystemV3/utils.go:70.2,70.32 1 1
github.com/aid297/aid/filesystem/filesystemV3/utils.go:70.32,74.20 3 1
github.com/aid297/aid/filesystem/filesystemV3/utils.go:74.20,76.54 1 1
github.com/aid297/aid/filesystem/filesystemV3/utils.go:76.54,78.5 1 0
github.com/aid297/aid/filesystem/filesystemV3/utils.go:79.9,81.55 1 0
github.com/aid297/aid/filesystem/filesystemV3/utils.go:81.55,83.5 1 0
github.com/aid297/aid/filesystem/filesystemV3/utils.go:87.2,87.12 1 1
